<?xml version="1.0" encoding="UTF-8"?><testsuites>
<testsuite xmlns:xsi="http://www.w3.org/2001/XMLSchema-instance" xsi:noNamespaceSchemaLocation="https://maven.apache.org/surefire/maven-surefire-plugin/xsd/surefire-test-report.xsd" name="sk.stuba.fei.uim.vsa.pr1.ThesisTest" time="3.846" tests="11" errors="0" skipped="0" failures="7">
  <properties>
[...]
</properties>
  <testcase name="TH09_shouldUpdateThesis" classname="sk.stuba.fei.uim.vsa.pr1.ThesisTest" time="0.006">
    <failure message="expected: not &lt;null&gt;" type="org.opentest4j.AssertionFailedError"><![CDATA[org.opentest4j.AssertionFailedError: expected: not <null>
	at sk.stuba.fei.uim.vsa.pr1.ThesisTest.TH09_shouldUpdateThesis(ThesisTest.java:303)
]]></failure>
    <system-out><![CDATA[2023-04-11 14:07:47.773  INFO --- [           main] org.reflections.Reflections              : Reflections took 5 ms to scan 2 urls, producing 11 keys and 19 values
[EL Fine]: moxy: 2023-04-11 14:07:47.776--Thread(Thread[main,5,main])--SAXParserFactory instance: com.sun.org.apache.xerces.internal.jaxp.SAXParserFactoryImpl@c1fca1e
[EL Fine]: server: 2023-04-11 14:07:47.777--Thread(Thread[main,5,main])--Configured server platform: org.eclipse.persistence.platform.server.NoServerPlatform
[EL Config]: metadata: 2023-04-11 14:07:47.779--ServerSession(102103410)--Thread(Thread[main,5,main])--The access type for the persistent class [class sk.stuba.fei.uim.vsa.pr1.solution.Teacher] is set to [FIELD].
[EL Config]: metadata: 2023-04-11 14:07:47.779--ServerSession(102103410)--Thread(Thread[main,5,main])--The target entity (reference) class for the one to many mapping element [field supervisedTheses] is being defaulted to: class sk.stuba.fei.uim.vsa.pr1.solution.Thesis.
[EL Config]: metadata: 2023-04-11 14:07:47.78--ServerSession(102103410)--Thread(Thread[main,5,main])--The access type for the persistent class [class sk.stuba.fei.uim.vsa.pr1.solution.Thesis] is set to [FIELD].
[EL Config]: metadata: 2023-04-11 14:07:47.78--ServerSession(102103410)--Thread(Thread[main,5,main])--The target entity (reference) class for the one to one mapping element [field author] is being defaulted to: class sk.stuba.fei.uim.vsa.pr1.solution.Student.
[EL Config]: metadata: 2023-04-11 14:07:47.78--ServerSession(102103410)--Thread(Thread[main,5,main])--The target entity (reference) class for the many to one mapping element [field supervisor] is being defaulted to: class sk.stuba.fei.uim.vsa.pr1.solution.Teacher.
[EL Config]: metadata: 2023-04-11 14:07:47.781--ServerSession(102103410)--Thread(Thread[main,5,main])--The access type for the persistent class [class sk.stuba.fei.uim.vsa.pr1.solution.Student] is set to [FIELD].
[EL Config]: metadata: 2023-04-11 14:07:47.781--ServerSession(102103410)--Thread(Thread[main,5,main])--The target entity (reference) class for the one to one mapping element [field thesis] is being defaulted to: class sk.stuba.fei.uim.vsa.pr1.solution.Thesis.
[EL Config]: metadata: 2023-04-11 14:07:47.782--ServerSession(102103410)--Thread(Thread[main,5,main])--The alias name for the entity class [class sk.stuba.fei.uim.vsa.pr1.solution.Teacher] is being defaulted to: Teacher.
[EL Config]: metadata: 2023-04-11 14:07:47.782--ServerSession(102103410)--Thread(Thread[main,5,main])--The column name for element [name] is being defaulted to: NAME.
[EL Config]: metadata: 2023-04-11 14:07:47.782--ServerSession(102103410)--Thread(Thread[main,5,main])--The column name for element [institute] is being defaulted to: INSTITUTE.
[EL Config]: metadata: 2023-04-11 14:07:47.782--ServerSession(102103410)--Thread(Thread[main,5,main])--The column name for element [department] is being defaulted to: DEPARTMENT.
[EL Config]: metadata: 2023-04-11 14:07:47.782--ServerSession(102103410)--Thread(Thread[main,5,main])--The column name for element [aisId] is being defaulted to: AISID.
[EL Config]: metadata: 2023-04-11 14:07:47.782--ServerSession(102103410)--Thread(Thread[main,5,main])--The column name for element [email] is being defaulted to: EMAIL.
[EL Config]: metadata: 2023-04-11 14:07:47.782--ServerSession(102103410)--Thread(Thread[main,5,main])--The alias name for the entity class [class sk.stuba.fei.uim.vsa.pr1.solution.Thesis] is being defaulted to: Thesis.
[EL Config]: metadata: 2023-04-11 14:07:47.783--ServerSession(102103410)--Thread(Thread[main,5,main])--The column name for element [registrationNumber] is being defaulted to: REGISTRATIONNUMBER.
[EL Config]: metadata: 2023-04-11 14:07:47.783--ServerSession(102103410)--Thread(Thread[main,5,main])--The column name for element [description] is being defaulted to: DESCRIPTION.
[EL Config]: metadata: 2023-04-11 14:07:47.783--ServerSession(102103410)--Thread(Thread[main,5,main])--The column name for element [publishedOn] is being defaulted to: PUBLISHEDON.
[EL Config]: metadata: 2023-04-11 14:07:47.783--ServerSession(102103410)--Thread(Thread[main,5,main])--The column name for element [id] is being defaulted to: ID.
[EL Config]: metadata: 2023-04-11 14:07:47.784--ServerSession(102103410)--Thread(Thread[main,5,main])--The column name for element [title] is being defaulted to: TITLE.
[EL Config]: metadata: 2023-04-11 14:07:47.784--ServerSession(102103410)--Thread(Thread[main,5,main])--The column name for element [type] is being defaulted to: TYPE.
[EL Config]: metadata: 2023-04-11 14:07:47.784--ServerSession(102103410)--Thread(Thread[main,5,main])--The column name for element [department] is being defaulted to: DEPARTMENT.
[EL Config]: metadata: 2023-04-11 14:07:47.784--ServerSession(102103410)--Thread(Thread[main,5,main])--The column name for element [deadline] is being defaulted to: DEADLINE.
[EL Config]: metadata: 2023-04-11 14:07:47.785--ServerSession(102103410)--Thread(Thread[main,5,main])--The column name for element [status] is being defaulted to: STATUS.
[EL Config]: metadata: 2023-04-11 14:07:47.785--ServerSession(102103410)--Thread(Thread[main,5,main])--The alias name for the entity class [class sk.stuba.fei.uim.vsa.pr1.solution.Student] is being defaulted to: Student.
[EL Config]: metadata: 2023-04-11 14:07:47.785--ServerSession(102103410)--Thread(Thread[main,5,main])--The column name for element [studyProgramme] is being defaulted to: STUDYPROGRAMME.
[EL Config]: metadata: 2023-04-11 14:07:47.785--ServerSession(102103410)--Thread(Thread[main,5,main])--The column name for element [year] is being defaulted to: YEAR.
[EL Config]: metadata: 2023-04-11 14:07:47.785--ServerSession(102103410)--Thread(Thread[main,5,main])--The column name for element [name] is being defaulted to: NAME.
[EL Config]: metadata: 2023-04-11 14:07:47.785--ServerSession(102103410)--Thread(Thread[main,5,main])--The column name for element [term] is being defaulted to: TERM.
[EL Config]: metadata: 2023-04-11 14:07:47.785--ServerSession(102103410)--Thread(Thread[main,5,main])--The column name for element [aisId] is being defaulted to: AISID.
[EL Config]: metadata: 2023-04-11 14:07:47.785--ServerSession(102103410)--Thread(Thread[main,5,main])--The column name for element [email] is being defaulted to: EMAIL.
[EL Config]: metadata: 2023-04-11 14:07:47.785--ServerSession(102103410)--Thread(Thread[main,5,main])--The primary key column name for the mapping element [field author] is being defaulted to: AISID.
[EL Config]: metadata: 2023-04-11 14:07:47.785--ServerSession(102103410)--Thread(Thread[main,5,main])--The foreign key column name for the mapping element [author] is being defaulted to: AUTHOR_AISID.
[EL Config]: metadata: 2023-04-11 14:07:47.785--ServerSession(102103410)--Thread(Thread[main,5,main])--The primary key column name for the mapping element [field supervisor] is being defaulted to: AISID.
[EL Config]: metadata: 2023-04-11 14:07:47.786--ServerSession(102103410)--Thread(Thread[main,5,main])--The foreign key column name for the mapping element [supervisor] is being defaulted to: SUPERVISOR_AISID.
[EL Info]: 2023-04-11 14:07:47.787--ServerSession(102103410)--Thread(Thread[main,5,main])--EclipseLink, version: Eclipse Persistence Services - 2.7.11.v20220804-52dea2a3c0
[EL Fine]: connection: 2023-04-11 14:07:47.788--ServerSession(102103410)--Connection(2035801202)--Thread(Thread[main,5,main])--connecting(DatabaseLogin(
	platform=>PostgreSQLPlatform
	user name=> "vsa"
	datasource URL=> "jdbc:postgresql://localhost:5432/vsa_pr1"
))
[EL Config]: connection: 2023-04-11 14:07:47.807--ServerSession(102103410)--Connection(1790387225)--Thread(Thread[main,5,main])--Connected: jdbc:postgresql://localhost:5432/vsa_pr1
	User: vsa
	Database: PostgreSQL  Version: 15.2 (Debian 15.2-1.pgdg110+1)
	Driver: PostgreSQL JDBC Driver  Version: 42.5.4
[EL Warning]: metadata: 2023-04-11 14:07:47.808--ServerSession(102103410)--Thread(Thread[main,5,main])--Reverting the lazy setting on the OneToOne or ManyToOne attribute [thesis] for the entity class [class sk.stuba.fei.uim.vsa.pr1.solution.Student] since weaving was not enabled or did not occur.
[EL Fine]: connection: 2023-04-11 14:07:47.81--ServerSession(102103410)--Thread(Thread[main,5,main])--/file:/tested--b-vsa-ls23-projekt-1/target/classes/_vsa-project-1 login successful
[EL Fine]: sql: 2023-04-11 14:07:47.811--ServerSession(102103410)--Connection(1790387225)--Thread(Thread[main,5,main])--ALTER TABLE THESIS DROP CONSTRAINT FK_THESIS_SUPERVISOR_AISID
[EL Fine]: sql: 2023-04-11 14:07:47.813--ServerSession(102103410)--Thread(Thread[main,5,main])--SELECT 1
[EL Warning]: 2023-04-11 14:07:47.813--ServerSession(102103410)--Thread(Thread[main,5,main])--Exception [EclipseLink-4002] (Eclipse Persistence Services - 2.7.11.v20220804-52dea2a3c0): org.eclipse.persistence.exceptions.DatabaseException
Internal Exception: org.postgresql.util.PSQLException: ERROR: relation "thesis" does not exist
Error Code: 0
Call: ALTER TABLE THESIS DROP CONSTRAINT FK_THESIS_SUPERVISOR_AISID
Query: DataModifyQuery(sql="ALTER TABLE THESIS DROP CONSTRAINT FK_THESIS_SUPERVISOR_AISID")
[EL Fine]: sql: 2023-04-11 14:07:47.813--ServerSession(102103410)--Connection(1790387225)--Thread(Thread[main,5,main])--ALTER TABLE THESIS DROP CONSTRAINT FK_THESIS_AUTHOR_AISID
[EL Fine]: sql: 2023-04-11 14:07:47.814--ServerSession(102103410)--Thread(Thread[main,5,main])--SELECT 1
[EL Warning]: 2023-04-11 14:07:47.814--ServerSession(102103410)--Thread(Thread[main,5,main])--Exception [EclipseLink-4002] (Eclipse Persistence Services - 2.7.11.v20220804-52dea2a3c0): org.eclipse.persistence.exceptions.DatabaseException
Internal Exception: org.postgresql.util.PSQLException: ERROR: relation "thesis" does not exist
Error Code: 0
Call: ALTER TABLE THESIS DROP CONSTRAINT FK_THESIS_AUTHOR_AISID
Query: DataModifyQuery(sql="ALTER TABLE THESIS DROP CONSTRAINT FK_THESIS_AUTHOR_AISID")
[EL Fine]: sql: 2023-04-11 14:07:47.814--ServerSession(102103410)--Connection(1790387225)--Thread(Thread[main,5,main])--DROP TABLE STUDENT CASCADE
[EL Fine]: sql: 2023-04-11 14:07:47.815--ServerSession(102103410)--Thread(Thread[main,5,main])--SELECT 1
[EL Warning]: 2023-04-11 14:07:47.815--ServerSession(102103410)--Thread(Thread[main,5,main])--Exception [EclipseLink-4002] (Eclipse Persistence Services - 2.7.11.v20220804-52dea2a3c0): org.eclipse.persistence.exceptions.DatabaseException
Internal Exception: org.postgresql.util.PSQLException: ERROR: table "student" does not exist
Error Code: 0
Call: DROP TABLE STUDENT CASCADE
Query: DataModifyQuery(sql="DROP TABLE STUDENT CASCADE")
[EL Fine]: sql: 2023-04-11 14:07:47.815--ServerSession(102103410)--Connection(1790387225)--Thread(Thread[main,5,main])--DROP TABLE TEACHER CASCADE
[EL Fine]: sql: 2023-04-11 14:07:47.816--ServerSession(102103410)--Thread(Thread[main,5,main])--SELECT 1
[EL Warning]: 2023-04-11 14:07:47.816--ServerSession(102103410)--Thread(Thread[main,5,main])--Exception [EclipseLink-4002] (Eclipse Persistence Services - 2.7.11.v20220804-52dea2a3c0): org.eclipse.persistence.exceptions.DatabaseException
Internal Exception: org.postgresql.util.PSQLException: ERROR: table "teacher" does not exist
Error Code: 0
Call: DROP TABLE TEACHER CASCADE
Query: DataModifyQuery(sql="DROP TABLE TEACHER CASCADE")
[EL Fine]: sql: 2023-04-11 14:07:47.816--ServerSession(102103410)--Connection(1790387225)--Thread(Thread[main,5,main])--DROP TABLE THESIS CASCADE
[EL Fine]: sql: 2023-04-11 14:07:47.816--ServerSession(102103410)--Thread(Thread[main,5,main])--SELECT 1
[EL Warning]: 2023-04-11 14:07:47.817--ServerSession(102103410)--Thread(Thread[main,5,main])--Exception [EclipseLink-4002] (Eclipse Persistence Services - 2.7.11.v20220804-52dea2a3c0): org.eclipse.persistence.exceptions.DatabaseException
Internal Exception: org.postgresql.util.PSQLException: ERROR: table "thesis" does not exist
Error Code: 0
Call: DROP TABLE THESIS CASCADE
Query: DataModifyQuery(sql="DROP TABLE THESIS CASCADE")
[EL Fine]: sql: 2023-04-11 14:07:47.817--ServerSession(102103410)--Connection(1790387225)--Thread(Thread[main,5,main])--DROP TABLE STUDENT CASCADE
[EL Fine]: sql: 2023-04-11 14:07:47.817--ServerSession(102103410)--Thread(Thread[main,5,main])--SELECT 1
[EL Warning]: 2023-04-11 14:07:47.818--ServerSession(102103410)--Thread(Thread[main,5,main])--Exception [EclipseLink-4002] (Eclipse Persistence Services - 2.7.11.v20220804-52dea2a3c0): org.eclipse.persistence.exceptions.DatabaseException
Internal Exception: org.postgresql.util.PSQLException: ERROR: table "student" does not exist
Error Code: 0
Call: DROP TABLE STUDENT CASCADE
Query: DataModifyQuery(sql="DROP TABLE STUDENT CASCADE")
[EL Fine]: sql: 2023-04-11 14:07:47.818--ServerSession(102103410)--Connection(1790387225)--Thread(Thread[main,5,main])--DROP TABLE TEACHER CASCADE
[EL Fine]: sql: 2023-04-11 14:07:47.818--ServerSession(102103410)--Thread(Thread[main,5,main])--SELECT 1
[EL Warning]: 2023-04-11 14:07:47.819--ServerSession(102103410)--Thread(Thread[main,5,main])--Exception [EclipseLink-4002] (Eclipse Persistence Services - 2.7.11.v20220804-52dea2a3c0): org.eclipse.persistence.exceptions.DatabaseException
Internal Exception: org.postgresql.util.PSQLException: ERROR: table "teacher" does not exist
Error Code: 0
Call: DROP TABLE TEACHER CASCADE
Query: DataModifyQuery(sql="DROP TABLE TEACHER CASCADE")
[EL Fine]: sql: 2023-04-11 14:07:47.819--ServerSession(102103410)--Connection(1790387225)--Thread(Thread[main,5,main])--DROP TABLE THESIS CASCADE
[EL Fine]: sql: 2023-04-11 14:07:47.819--ServerSession(102103410)--Thread(Thread[main,5,main])--SELECT 1
[EL Warning]: 2023-04-11 14:07:47.819--ServerSession(102103410)--Thread(Thread[main,5,main])--Exception [EclipseLink-4002] (Eclipse Persistence Services - 2.7.11.v20220804-52dea2a3c0): org.eclipse.persistence.exceptions.DatabaseException
Internal Exception: org.postgresql.util.PSQLException: ERROR: table "thesis" does not exist
Error Code: 0
Call: DROP TABLE THESIS CASCADE
Query: DataModifyQuery(sql="DROP TABLE THESIS CASCADE")
[EL Fine]: sql: 2023-04-11 14:07:47.819--ServerSession(102103410)--Connection(1790387225)--Thread(Thread[main,5,main])--DROP TABLE STUDENT CASCADE
[EL Fine]: sql: 2023-04-11 14:07:47.82--ServerSession(102103410)--Thread(Thread[main,5,main])--SELECT 1
[EL Warning]: 2023-04-11 14:07:47.82--ServerSession(102103410)--Thread(Thread[main,5,main])--Exception [EclipseLink-4002] (Eclipse Persistence Services - 2.7.11.v20220804-52dea2a3c0): org.eclipse.persistence.exceptions.DatabaseException
Internal Exception: org.postgresql.util.PSQLException: ERROR: table "student" does not exist
Error Code: 0
Call: DROP TABLE STUDENT CASCADE
Query: DataModifyQuery(sql="DROP TABLE STUDENT CASCADE")
[EL Fine]: sql: 2023-04-11 14:07:47.82--ServerSession(102103410)--Connection(1790387225)--Thread(Thread[main,5,main])--DROP TABLE TEACHER CASCADE
[EL Fine]: sql: 2023-04-11 14:07:47.821--ServerSession(102103410)--Thread(Thread[main,5,main])--SELECT 1
[EL Warning]: 2023-04-11 14:07:47.821--ServerSession(102103410)--Thread(Thread[main,5,main])--Exception [EclipseLink-4002] (Eclipse Persistence Services - 2.7.11.v20220804-52dea2a3c0): org.eclipse.persistence.exceptions.DatabaseException
Internal Exception: org.postgresql.util.PSQLException: ERROR: table "teacher" does not exist
Error Code: 0
Call: DROP TABLE TEACHER CASCADE
Query: DataModifyQuery(sql="DROP TABLE TEACHER CASCADE")
[EL Fine]: sql: 2023-04-11 14:07:47.821--ServerSession(102103410)--Connection(1790387225)--Thread(Thread[main,5,main])--DROP TABLE THESIS CASCADE
[EL Fine]: sql: 2023-04-11 14:07:47.822--ServerSession(102103410)--Thread(Thread[main,5,main])--SELECT 1
[EL Warning]: 2023-04-11 14:07:47.823--ServerSession(102103410)--Thread(Thread[main,5,main])--Exception [EclipseLink-4002] (Eclipse Persistence Services - 2.7.11.v20220804-52dea2a3c0): org.eclipse.persistence.exceptions.DatabaseException
Internal Exception: org.postgresql.util.PSQLException: ERROR: table "thesis" does not exist
Error Code: 0
Call: DROP TABLE THESIS CASCADE
Query: DataModifyQuery(sql="DROP TABLE THESIS CASCADE")
[EL Fine]: sql: 2023-04-11 14:07:47.823--ServerSession(102103410)--Connection(1790387225)--Thread(Thread[main,5,main])--DROP TABLE STUDENT CASCADE
[EL Fine]: sql: 2023-04-11 14:07:47.823--ServerSession(102103410)--Thread(Thread[main,5,main])--SELECT 1
[EL Warning]: 2023-04-11 14:07:47.824--ServerSession(102103410)--Thread(Thread[main,5,main])--Exception [EclipseLink-4002] (Eclipse Persistence Services - 2.7.11.v20220804-52dea2a3c0): org.eclipse.persistence.exceptions.DatabaseException
Internal Exception: org.postgresql.util.PSQLException: ERROR: table "student" does not exist
Error Code: 0
Call: DROP TABLE STUDENT CASCADE
Query: DataModifyQuery(sql="DROP TABLE STUDENT CASCADE")
[EL Fine]: sql: 2023-04-11 14:07:47.824--ServerSession(102103410)--Connection(1790387225)--Thread(Thread[main,5,main])--DROP TABLE TEACHER CASCADE
[EL Fine]: sql: 2023-04-11 14:07:47.825--ServerSession(102103410)--Thread(Thread[main,5,main])--SELECT 1
[EL Warning]: 2023-04-11 14:07:47.825--ServerSession(102103410)--Thread(Thread[main,5,main])--Exception [EclipseLink-4002] (Eclipse Persistence Services - 2.7.11.v20220804-52dea2a3c0): org.eclipse.persistence.exceptions.DatabaseException
Internal Exception: org.postgresql.util.PSQLException: ERROR: table "teacher" does not exist
Error Code: 0
Call: DROP TABLE TEACHER CASCADE
Query: DataModifyQuery(sql="DROP TABLE TEACHER CASCADE")
[EL Fine]: sql: 2023-04-11 14:07:47.825--ServerSession(102103410)--Connection(1790387225)--Thread(Thread[main,5,main])--DROP TABLE THESIS CASCADE
[EL Fine]: sql: 2023-04-11 14:07:47.826--ServerSession(102103410)--Thread(Thread[main,5,main])--SELECT 1
[EL Warning]: 2023-04-11 14:07:47.826--ServerSession(102103410)--Thread(Thread[main,5,main])--Exception [EclipseLink-4002] (Eclipse Persistence Services - 2.7.11.v20220804-52dea2a3c0): org.eclipse.persistence.exceptions.DatabaseException
Internal Exception: org.postgresql.util.PSQLException: ERROR: table "thesis" does not exist
Error Code: 0
Call: DROP TABLE THESIS CASCADE
Query: DataModifyQuery(sql="DROP TABLE THESIS CASCADE")
[EL Fine]: sql: 2023-04-11 14:07:47.826--ServerSession(102103410)--Connection(1790387225)--Thread(Thread[main,5,main])--DROP TABLE STUDENT CASCADE
[EL Fine]: sql: 2023-04-11 14:07:47.827--ServerSession(102103410)--Thread(Thread[main,5,main])--SELECT 1
[EL Warning]: 2023-04-11 14:07:47.827--ServerSession(102103410)--Thread(Thread[main,5,main])--Exception [EclipseLink-4002] (Eclipse Persistence Services - 2.7.11.v20220804-52dea2a3c0): org.eclipse.persistence.exceptions.DatabaseException
Internal Exception: org.postgresql.util.PSQLException: ERROR: table "student" does not exist
Error Code: 0
Call: DROP TABLE STUDENT CASCADE
Query: DataModifyQuery(sql="DROP TABLE STUDENT CASCADE")
[EL Fine]: sql: 2023-04-11 14:07:47.827--ServerSession(102103410)--Connection(1790387225)--Thread(Thread[main,5,main])--DROP TABLE TEACHER CASCADE
[EL Fine]: sql: 2023-04-11 14:07:47.828--ServerSession(102103410)--Thread(Thread[main,5,main])--SELECT 1
[EL Warning]: 2023-04-11 14:07:47.828--ServerSession(102103410)--Thread(Thread[main,5,main])--Exception [EclipseLink-4002] (Eclipse Persistence Services - 2.7.11.v20220804-52dea2a3c0): org.eclipse.persistence.exceptions.DatabaseException
Internal Exception: org.postgresql.util.PSQLException: ERROR: table "teacher" does not exist
Error Code: 0
Call: DROP TABLE TEACHER CASCADE
Query: DataModifyQuery(sql="DROP TABLE TEACHER CASCADE")
[EL Fine]: sql: 2023-04-11 14:07:47.828--ServerSession(102103410)--Connection(1790387225)--Thread(Thread[main,5,main])--DROP TABLE THESIS CASCADE
[EL Fine]: sql: 2023-04-11 14:07:47.829--ServerSession(102103410)--Thread(Thread[main,5,main])--SELECT 1
[EL Warning]: 2023-04-11 14:07:47.829--ServerSession(102103410)--Thread(Thread[main,5,main])--Exception [EclipseLink-4002] (Eclipse Persistence Services - 2.7.11.v20220804-52dea2a3c0): org.eclipse.persistence.exceptions.DatabaseException
Internal Exception: org.postgresql.util.PSQLException: ERROR: table "thesis" does not exist
Error Code: 0
Call: DROP TABLE THESIS CASCADE
Query: DataModifyQuery(sql="DROP TABLE THESIS CASCADE")
[EL Fine]: sql: 2023-04-11 14:07:47.83--ServerSession(102103410)--Connection(1790387225)--Thread(Thread[main,5,main])--DELETE FROM SEQUENCE WHERE SEQ_NAME = 'SEQ_GEN'
[EL Fine]: sql: 2023-04-11 14:07:47.833--ServerSession(102103410)--Connection(1790387225)--Thread(Thread[main,5,main])--CREATE TABLE STUDENT (AISID BIGINT NOT NULL, EMAIL VARCHAR(255) NOT NULL UNIQUE, NAME VARCHAR(255) NOT NULL, STUDYPROGRAMME VARCHAR(255), TERM INTEGER, YEAR INTEGER, PRIMARY KEY (AISID))
[EL Fine]: sql: 2023-04-11 14:07:47.839--ServerSession(102103410)--Thread(Thread[main,5,main])--SELECT 1
[EL Warning]: 2023-04-11 14:07:47.839--ServerSession(102103410)--Thread(Thread[main,5,main])--Exception [EclipseLink-4002] (Eclipse Persistence Services - 2.7.11.v20220804-52dea2a3c0): org.eclipse.persistence.exceptions.DatabaseException
Internal Exception: org.postgresql.util.PSQLException: ERROR: duplicate key value violates unique constraint "pg_type_typname_nsp_index"
  Detail: Key (typname, typnamespace)=(student, 2200) already exists.
Error Code: 0
Call: CREATE TABLE STUDENT (AISID BIGINT NOT NULL, EMAIL VARCHAR(255) NOT NULL UNIQUE, NAME VARCHAR(255) NOT NULL, STUDYPROGRAMME VARCHAR(255), TERM INTEGER, YEAR INTEGER, PRIMARY KEY (AISID))
Query: DataModifyQuery(sql="CREATE TABLE STUDENT (AISID BIGINT NOT NULL, EMAIL VARCHAR(255) NOT NULL UNIQUE, NAME VARCHAR(255) NOT NULL, STUDYPROGRAMME VARCHAR(255), TERM INTEGER, YEAR INTEGER, PRIMARY KEY (AISID))")
[EL Fine]: sql: 2023-04-11 14:07:47.84--ServerSession(102103410)--Connection(1790387225)--Thread(Thread[main,5,main])--CREATE TABLE TEACHER (AISID BIGINT NOT NULL, DEPARTMENT VARCHAR(255) NOT NULL, EMAIL VARCHAR(255) NOT NULL UNIQUE, INSTITUTE VARCHAR(255), NAME VARCHAR(255) NOT NULL, PRIMARY KEY (AISID))
[EL Fine]: sql: 2023-04-11 14:07:47.856--ServerSession(102103410)--Thread(Thread[main,5,main])--SELECT 1
[EL Warning]: 2023-04-11 14:07:47.857--ServerSession(102103410)--Thread(Thread[main,5,main])--Exception [EclipseLink-4002] (Eclipse Persistence Services - 2.7.11.v20220804-52dea2a3c0): org.eclipse.persistence.exceptions.DatabaseException
Internal Exception: org.postgresql.util.PSQLException: ERROR: duplicate key value violates unique constraint "pg_type_typname_nsp_index"
  Detail: Key (typname, typnamespace)=(teacher, 2200) already exists.
Error Code: 0
Call: CREATE TABLE TEACHER (AISID BIGINT NOT NULL, DEPARTMENT VARCHAR(255) NOT NULL, EMAIL VARCHAR(255) NOT NULL UNIQUE, INSTITUTE VARCHAR(255), NAME VARCHAR(255) NOT NULL, PRIMARY KEY (AISID))
Query: DataModifyQuery(sql="CREATE TABLE TEACHER (AISID BIGINT NOT NULL, DEPARTMENT VARCHAR(255) NOT NULL, EMAIL VARCHAR(255) NOT NULL UNIQUE, INSTITUTE VARCHAR(255), NAME VARCHAR(255) NOT NULL, PRIMARY KEY (AISID))")
[EL Fine]: sql: 2023-04-11 14:07:47.858--ServerSession(102103410)--Connection(1790387225)--Thread(Thread[main,5,main])--CREATE TABLE THESIS (ID BIGINT NOT NULL, DEADLINE DATE, DEPARTMENT VARCHAR(255), DESCRIPTION VARCHAR(255), PUBLISHEDON DATE NOT NULL, REGISTRATIONNUMBER VARCHAR(255) NOT NULL UNIQUE, STATUS VARCHAR(255), TITLE VARCHAR(255) NOT NULL, TYPE VARCHAR(255), SUPERVISOR_AISID BIGINT NOT NULL, AUTHOR_AISID BIGINT, PRIMARY KEY (ID))
[EL Fine]: sql: 2023-04-11 14:07:47.873--ServerSession(102103410)--Thread(Thread[main,5,main])--SELECT 1
[EL Warning]: 2023-04-11 14:07:47.874--ServerSession(102103410)--Thread(Thread[main,5,main])--Exception [EclipseLink-4002] (Eclipse Persistence Services - 2.7.11.v20220804-52dea2a3c0): org.eclipse.persistence.exceptions.DatabaseException
Internal Exception: org.postgresql.util.PSQLException: ERROR: duplicate key value violates unique constraint "pg_type_typname_nsp_index"
  Detail: Key (typname, typnamespace)=(thesis, 2200) already exists.
Error Code: 0
Call: CREATE TABLE THESIS (ID BIGINT NOT NULL, DEADLINE DATE, DEPARTMENT VARCHAR(255), DESCRIPTION VARCHAR(255), PUBLISHEDON DATE NOT NULL, REGISTRATIONNUMBER VARCHAR(255) NOT NULL UNIQUE, STATUS VARCHAR(255), TITLE VARCHAR(255) NOT NULL, TYPE VARCHAR(255), SUPERVISOR_AISID BIGINT NOT NULL, AUTHOR_AISID BIGINT, PRIMARY KEY (ID))
Query: DataModifyQuery(sql="CREATE TABLE THESIS (ID BIGINT NOT NULL, DEADLINE DATE, DEPARTMENT VARCHAR(255), DESCRIPTION VARCHAR(255), PUBLISHEDON DATE NOT NULL, REGISTRATIONNUMBER VARCHAR(255) NOT NULL UNIQUE, STATUS VARCHAR(255), TITLE VARCHAR(255) NOT NULL, TYPE VARCHAR(255), SUPERVISOR_AISID BIGINT NOT NULL, AUTHOR_AISID BIGINT, PRIMARY KEY (ID))")
[EL Fine]: sql: 2023-04-11 14:07:47.874--ServerSession(102103410)--Connection(1790387225)--Thread(Thread[main,5,main])--ALTER TABLE THESIS ADD CONSTRAINT FK_THESIS_SUPERVISOR_AISID FOREIGN KEY (SUPERVISOR_AISID) REFERENCES TEACHER (AISID)
[EL Fine]: sql: 2023-04-11 14:07:47.877--ServerSession(102103410)--Thread(Thread[main,5,main])--SELECT 1
[EL Warning]: 2023-04-11 14:07:47.878--ServerSession(102103410)--Thread(Thread[main,5,main])--Exception [EclipseLink-4002] (Eclipse Persistence Services - 2.7.11.v20220804-52dea2a3c0): org.eclipse.persistence.exceptions.DatabaseException
Internal Exception: org.postgresql.util.PSQLException: ERROR: constraint "fk_thesis_supervisor_aisid" for relation "thesis" already exists
Error Code: 0
Call: ALTER TABLE THESIS ADD CONSTRAINT FK_THESIS_SUPERVISOR_AISID FOREIGN KEY (SUPERVISOR_AISID) REFERENCES TEACHER (AISID)
Query: DataModifyQuery(sql="ALTER TABLE THESIS ADD CONSTRAINT FK_THESIS_SUPERVISOR_AISID FOREIGN KEY (SUPERVISOR_AISID) REFERENCES TEACHER (AISID)")
[EL Fine]: sql: 2023-04-11 14:07:47.878--ServerSession(102103410)--Connection(1790387225)--Thread(Thread[main,5,main])--SELECT * FROM SEQUENCE WHERE SEQ_NAME = 'SEQ_GEN'
[EL Fine]: sql: 2023-04-11 14:07:47.879--ServerSession(102103410)--Connection(1790387225)--Thread(Thread[main,5,main])--INSERT INTO SEQUENCE(SEQ_NAME, SEQ_COUNT) values ('SEQ_GEN', 0)
2023-04-11 14:07:47.883  INFO --- [           main] s.stuba.fei.uim.vsa.pr1.utils.TestUtils  : Thesis service class: sk.stuba.fei.uim.vsa.pr1.solution.ThesisService
2023-04-11 14:07:47.908 ERROR --- [           main] s.stuba.fei.uim.vsa.pr1.utils.TestUtils  : ERROR: relation "student" does not exist
org.postgresql.util.PSQLException: ERROR: relation "student" does not exist
	at org.postgresql.core.v3.QueryExecutorImpl.receiveErrorResponse(QueryExecutorImpl.java:2676)
	at org.postgresql.core.v3.QueryExecutorImpl.processResults(QueryExecutorImpl.java:2366)
	at org.postgresql.core.v3.QueryExecutorImpl.execute(QueryExecutorImpl.java:356)
	at org.postgresql.jdbc.PgStatement.executeInternal(PgStatement.java:496)
	at org.postgresql.jdbc.PgStatement.execute(PgStatement.java:413)
	at org.postgresql.jdbc.PgStatement.executeWithFlags(PgStatement.java:333)
	at org.postgresql.jdbc.PgStatement.executeCachedSql(PgStatement.java:319)
	at org.postgresql.jdbc.PgStatement.executeWithFlags(PgStatement.java:295)
	at org.postgresql.jdbc.PgStatement.execute(PgStatement.java:290)
	at sk.stuba.fei.uim.vsa.pr1.utils.TestUtils.runSQLStatement(TestUtils.java:242)
	at sk.stuba.fei.uim.vsa.pr1.utils.TestUtils.lambda$clearDB$12(TestUtils.java:266)
	at java.util.ArrayList.forEach(ArrayList.java:1259)
	at sk.stuba.fei.uim.vsa.pr1.utils.TestUtils.clearDB(TestUtils.java:266)
	at sk.stuba.fei.uim.vsa.pr1.ThesisTest.before(ThesisTest.java:60)
	at sun.reflect.NativeMethodAccessorImpl.invoke0(Native Method)
	at sun.reflect.NativeMethodAccessorImpl.invoke(NativeMethodAccessorImpl.java:62)
	at sun.reflect.DelegatingMethodAccessorImpl.invoke(DelegatingMethodAccessorImpl.java:43)
	at java.lang.reflect.Method.invoke(Method.java:498)
	at org.junit.platform.commons.util.ReflectionUtils.invokeMethod(ReflectionUtils.java:725)
	at org.junit.jupiter.engine.execution.MethodInvocation.proceed(MethodInvocation.java:60)
	at org.junit.jupiter.engine.execution.InvocationInterceptorChain$ValidatingInvocation.proceed(InvocationInterceptorChain.java:131)
	at org.junit.jupiter.engine.extension.TimeoutExtension.intercept(TimeoutExtension.java:149)
	at org.junit.jupiter.engine.extension.TimeoutExtension.interceptLifecycleMethod(TimeoutExtension.java:126)
	at org.junit.jupiter.engine.extension.TimeoutExtension.interceptBeforeEachMethod(TimeoutExtension.java:76)
	at org.junit.jupiter.engine.execution.ExecutableInvoker$ReflectiveInterceptorCall.lambda$ofVoidMethod$0(ExecutableInvoker.java:115)
	at org.junit.jupiter.engine.execution.ExecutableInvoker.lambda$invoke$0(ExecutableInvoker.java:105)
	at org.junit.jupiter.engine.execution.InvocationInterceptorChain$InterceptedInvocation.proceed(InvocationInterceptorChain.java:106)
	at org.junit.jupiter.engine.execution.InvocationInterceptorChain.proceed(InvocationInterceptorChain.java:64)
	at org.junit.jupiter.engine.execution.InvocationInterceptorChain.chainAndInvoke(InvocationInterceptorChain.java:45)
	at org.junit.jupiter.engine.execution.InvocationInterceptorChain.invoke(InvocationInterceptorChain.java:37)
	at org.junit.jupiter.engine.execution.ExecutableInvoker.invoke(ExecutableInvoker.java:104)
	at org.junit.jupiter.engine.execution.ExecutableInvoker.invoke(ExecutableInvoker.java:98)
	at org.junit.jupiter.engine.descriptor.ClassBasedTestDescriptor.invokeMethodInExtensionContext(ClassBasedTestDescriptor.java:506)
	at org.junit.jupiter.engine.descriptor.ClassBasedTestDescriptor.lambda$synthesizeBeforeEachMethodAdapter$21(ClassBasedTestDescriptor.java:491)
	at org.junit.jupiter.engine.descriptor.TestMethodTestDescriptor.lambda$invokeBeforeEachMethods$3(TestMethodTestDescriptor.java:171)
	at org.junit.jupiter.engine.descriptor.TestMethodTestDescriptor.lambda$invokeBeforeMethodsOrCallbacksUntilExceptionOccurs$6(TestMethodTestDescriptor.java:199)
	at org.junit.platform.engine.support.hierarchical.ThrowableCollector.execute(ThrowableCollector.java:73)
	at org.junit.jupiter.engine.descriptor.TestMethodTestDescriptor.invokeBeforeMethodsOrCallbacksUntilExceptionOccurs(TestMethodTestDescriptor.java:199)
	at org.junit.jupiter.engine.descriptor.TestMethodTestDescriptor.invokeBeforeEachMethods(TestMethodTestDescriptor.java:168)
	at org.junit.jupiter.engine.descriptor.TestMethodTestDescriptor.execute(TestMethodTestDescriptor.java:131)
	at org.junit.jupiter.engine.descriptor.TestMethodTestDescriptor.execute(TestMethodTestDescriptor.java:66)
	at org.junit.platform.engine.support.hierarchical.NodeTestTask.lambda$executeRecursively$6(NodeTestTask.java:151)
	at org.junit.platform.engine.support.hierarchical.ThrowableCollector.execute(ThrowableCollector.java:73)
	at org.junit.platform.engine.support.hierarchical.NodeTestTask.lambda$executeRecursively$8(NodeTestTask.java:141)
	at org.junit.platform.engine.support.hierarchical.Node.around(Node.java:137)
	at org.junit.platform.engine.support.hierarchical.NodeTestTask.lambda$executeRecursively$9(NodeTestTask.java:139)
	at org.junit.platform.engine.support.hierarchical.ThrowableCollector.execute(ThrowableCollector.java:73)
	at org.junit.platform.engine.support.hierarchical.NodeTestTask.executeRecursively(NodeTestTask.java:138)
	at org.junit.platform.engine.support.hierarchical.NodeTestTask.execute(NodeTestTask.java:95)
	at java.util.ArrayList.forEach(ArrayList.java:1259)
	at org.junit.platform.engine.support.hierarchical.SameThreadHierarchicalTestExecutorService.invokeAll(SameThreadHierarchicalTestExecutorService.java:41)
	at org.junit.platform.engine.support.hierarchical.NodeTestTask.lambda$executeRecursively$6(NodeTestTask.java:155)
	at org.junit.platform.engine.support.hierarchical.ThrowableCollector.execute(ThrowableCollector.java:73)
	at org.junit.platform.engine.support.hierarchical.NodeTestTask.lambda$executeRecursively$8(NodeTestTask.java:141)
	at org.junit.platform.engine.support.hierarchical.Node.around(Node.java:137)
	at org.junit.platform.engine.support.hierarchical.NodeTestTask.lambda$executeRecursively$9(NodeTestTask.java:139)
	at org.junit.platform.engine.support.hierarchical.ThrowableCollector.execute(ThrowableCollector.java:73)
	at org.junit.platform.engine.support.hierarchical.NodeTestTask.executeRecursively(NodeTestTask.java:138)
	at org.junit.platform.engine.support.hierarchical.NodeTestTask.execute(NodeTestTask.java:95)
	at java.util.ArrayList.forEach(ArrayList.java:1259)
	at org.junit.platform.engine.support.hierarchical.SameThreadHierarchicalTestExecutorService.invokeAll(SameThreadHierarchicalTestExecutorService.java:41)
	at org.junit.platform.engine.support.hierarchical.NodeTestTask.lambda$executeRecursively$6(NodeTestTask.java:155)
	at org.junit.platform.engine.support.hierarchical.ThrowableCollector.execute(ThrowableCollector.java:73)
	at org.junit.platform.engine.support.hierarchical.NodeTestTask.lambda$executeRecursively$8(NodeTestTask.java:141)
	at org.junit.platform.engine.support.hierarchical.Node.around(Node.java:137)
	at org.junit.platform.engine.support.hierarchical.NodeTestTask.lambda$executeRecursively$9(NodeTestTask.java:139)
	at org.junit.platform.engine.support.hierarchical.ThrowableCollector.execute(ThrowableCollector.java:73)
	at org.junit.platform.engine.support.hierarchical.NodeTestTask.executeRecursively(NodeTestTask.java:138)
	at org.junit.platform.engine.support.hierarchical.NodeTestTask.execute(NodeTestTask.java:95)
	at org.junit.platform.engine.support.hierarchical.SameThreadHierarchicalTestExecutorService.submit(SameThreadHierarchicalTestExecutorService.java:35)
	at org.junit.platform.engine.support.hierarchical.HierarchicalTestExecutor.execute(HierarchicalTestExecutor.java:57)
	at org.junit.platform.engine.support.hierarchical.HierarchicalTestEngine.execute(HierarchicalTestEngine.java:54)
	at org.junit.platform.launcher.core.DefaultLauncher.execute(DefaultLauncher.java:220)
	at org.junit.platform.launcher.core.DefaultLauncher.lambda$execute$6(DefaultLauncher.java:188)
	at org.junit.platform.launcher.core.DefaultLauncher.withInterceptedStreams(DefaultLauncher.java:202)
	at org.junit.platform.launcher.core.DefaultLauncher.execute(DefaultLauncher.java:181)
	at org.junit.platform.launcher.core.DefaultLauncher.execute(DefaultLauncher.java:128)
	at org.apache.maven.surefire.junitplatform.JUnitPlatformProvider.invokeAllTests(JUnitPlatformProvider.java:150)
	at org.apache.maven.surefire.junitplatform.JUnitPlatformProvider.invoke(JUnitPlatformProvider.java:124)
	at org.apache.maven.surefire.booter.ForkedBooter.invokeProviderInSameClassLoader(ForkedBooter.java:384)
	at org.apache.maven.surefire.booter.ForkedBooter.runSuitesInProcess(ForkedBooter.java:345)
	at org.apache.maven.surefire.booter.ForkedBooter.execute(ForkedBooter.java:126)
	at org.apache.maven.surefire.booter.ForkedBooter.main(ForkedBooter.java:418)
[EL Fine]: sql: 2023-04-11 14:07:47.909--ClientSession(1894698434)--Connection(1790387225)--Thread(Thread[main,5,main])--INSERT INTO TEACHER (AISID, DEPARTMENT, EMAIL, INSTITUTE, NAME) VALUES (?, ?, ?, ?, ?)
	bind => [80123, Software engineering, test.teacher@stuba.sk, Software engineering, Test-Teacher]
[EL Fine]: sql: 2023-04-11 14:07:47.91--ClientSession(1894698434)--Thread(Thread[main,5,main])--SELECT 1
[EL Warning]: 2023-04-11 14:07:47.91--UnitOfWork(205615258)--Thread(Thread[main,5,main])--Exception [EclipseLink-4002] (Eclipse Persistence Services - 2.7.11.v20220804-52dea2a3c0): org.eclipse.persistence.exceptions.DatabaseException
Internal Exception: org.postgresql.util.PSQLException: ERROR: relation "teacher" does not exist
  Position: 13
Error Code: 0
Call: INSERT INTO TEACHER (AISID, DEPARTMENT, EMAIL, INSTITUTE, NAME) VALUES (?, ?, ?, ?, ?)
	bind => [80123, Software engineering, test.teacher@stuba.sk, Software engineering, Test-Teacher]
Query: InsertObjectQuery(Teacher(aisId=80123, name=Test-Teacher, email=test.teacher@stuba.sk, institute=Software engineering, department=Software engineering, supervisedTheses=null))
[EL Fine]: connection: 2023-04-11 14:07:47.911--ServerSession(102103410)--Connection(1790387225)--Thread(Thread[main,5,main])--disconnect
2023-04-11 14:07:47.911 ERROR --- [           main] s.s.f.uim.vsa.pr1.AbstractThesisService  : Exception [EclipseLink-4002] (Eclipse Persistence Services - 2.7.11.v20220804-52dea2a3c0): org.eclipse.persistence.exceptions.DatabaseException
Internal Exception: org.postgresql.util.PSQLException: ERROR: relation "teacher" does not exist
  Position: 13
Error Code: 0
Call: INSERT INTO TEACHER (AISID, DEPARTMENT, EMAIL, INSTITUTE, NAME) VALUES (?, ?, ?, ?, ?)
	bind => [80123, Software engineering, test.teacher@stuba.sk, Software engineering, Test-Teacher]
Query: InsertObjectQuery(Teacher(aisId=80123, name=Test-Teacher, email=test.teacher@stuba.sk, institute=Software engineering, department=Software engineering, supervisedTheses=null))
javax.persistence.RollbackException: Exception [EclipseLink-4002] (Eclipse Persistence Services - 2.7.11.v20220804-52dea2a3c0): org.eclipse.persistence.exceptions.DatabaseException
Internal Exception: org.postgresql.util.PSQLException: ERROR: relation "teacher" does not exist
  Position: 13
Error Code: 0
Call: INSERT INTO TEACHER (AISID, DEPARTMENT, EMAIL, INSTITUTE, NAME) VALUES (?, ?, ?, ?, ?)
	bind => [80123, Software engineering, test.teacher@stuba.sk, Software engineering, Test-Teacher]
Query: InsertObjectQuery(Teacher(aisId=80123, name=Test-Teacher, email=test.teacher@stuba.sk, institute=Software engineering, department=Software engineering, supervisedTheses=null))
	at org.eclipse.persistence.internal.jpa.transaction.EntityTransactionImpl.commit(EntityTransactionImpl.java:161)
	at sk.stuba.fei.uim.vsa.pr1.solution.ThesisService.create(ThesisService.java:295)
	at sk.stuba.fei.uim.vsa.pr1.solution.ThesisService.createTeacher(ThesisService.java:74)
	at sk.stuba.fei.uim.vsa.pr1.solution.ThesisService.createTeacher(ThesisService.java:20)
	at sk.stuba.fei.uim.vsa.pr1.utils.TestUtils.createTeacher(TestUtils.java:283)
	at sk.stuba.fei.uim.vsa.pr1.ThesisTest.TH09_shouldUpdateThesis(ThesisTest.java:302)
	at sun.reflect.NativeMethodAccessorImpl.invoke0(Native Method)
	at sun.reflect.NativeMethodAccessorImpl.invoke(NativeMethodAccessorImpl.java:62)
	at sun.reflect.DelegatingMethodAccessorImpl.invoke(DelegatingMethodAccessorImpl.java:43)
	at java.lang.reflect.Method.invoke(Method.java:498)
	at org.junit.platform.commons.util.ReflectionUtils.invokeMethod(ReflectionUtils.java:725)
	at org.junit.jupiter.engine.execution.MethodInvocation.proceed(MethodInvocation.java:60)
	at org.junit.jupiter.engine.execution.InvocationInterceptorChain$ValidatingInvocation.proceed(InvocationInterceptorChain.java:131)
	at org.junit.jupiter.engine.extension.TimeoutExtension.intercept(TimeoutExtension.java:149)
	at org.junit.jupiter.engine.extension.TimeoutExtension.interceptTestableMethod(TimeoutExtension.java:140)
	at org.junit.jupiter.engine.extension.TimeoutExtension.interceptTestMethod(TimeoutExtension.java:84)
	at org.junit.jupiter.engine.execution.ExecutableInvoker$ReflectiveInterceptorCall.lambda$ofVoidMethod$0(ExecutableInvoker.java:115)
	at org.junit.jupiter.engine.execution.ExecutableInvoker.lambda$invoke$0(ExecutableInvoker.java:105)
	at org.junit.jupiter.engine.execution.InvocationInterceptorChain$InterceptedInvocation.proceed(InvocationInterceptorChain.java:106)
	at org.junit.jupiter.engine.execution.InvocationInterceptorChain.proceed(InvocationInterceptorChain.java:64)
	at org.junit.jupiter.engine.execution.InvocationInterceptorChain.chainAndInvoke(InvocationInterceptorChain.java:45)
	at org.junit.jupiter.engine.execution.InvocationInterceptorChain.invoke(InvocationInterceptorChain.java:37)
	at org.junit.jupiter.engine.execution.ExecutableInvoker.invoke(ExecutableInvoker.java:104)
	at org.junit.jupiter.engine.execution.ExecutableInvoker.invoke(ExecutableInvoker.java:98)
	at org.junit.jupiter.engine.descriptor.TestMethodTestDescriptor.lambda$invokeTestMethod$7(TestMethodTestDescriptor.java:214)
	at org.junit.platform.engine.support.hierarchical.ThrowableCollector.execute(ThrowableCollector.java:73)
	at org.junit.jupiter.engine.descriptor.TestMethodTestDescriptor.invokeTestMethod(TestMethodTestDescriptor.java:210)
	at org.junit.jupiter.engine.descriptor.TestMethodTestDescriptor.execute(TestMethodTestDescriptor.java:135)
	at org.junit.jupiter.engine.descriptor.TestMethodTestDescriptor.execute(TestMethodTestDescriptor.java:66)
	at org.junit.platform.engine.support.hierarchical.NodeTestTask.lambda$executeRecursively$6(NodeTestTask.java:151)
	at org.junit.platform.engine.support.hierarchical.ThrowableCollector.execute(ThrowableCollector.java:73)
	at org.junit.platform.engine.support.hierarchical.NodeTestTask.lambda$executeRecursively$8(NodeTestTask.java:141)
	at org.junit.platform.engine.support.hierarchical.Node.around(Node.java:137)
	at org.junit.platform.engine.support.hierarchical.NodeTestTask.lambda$executeRecursively$9(NodeTestTask.java:139)
	at org.junit.platform.engine.support.hierarchical.ThrowableCollector.execute(ThrowableCollector.java:73)
	at org.junit.platform.engine.support.hierarchical.NodeTestTask.executeRecursively(NodeTestTask.java:138)
	at org.junit.platform.engine.support.hierarchical.NodeTestTask.execute(NodeTestTask.java:95)
	at java.util.ArrayList.forEach(ArrayList.java:1259)
	at org.junit.platform.engine.support.hierarchical.SameThreadHierarchicalTestExecutorService.invokeAll(SameThreadHierarchicalTestExecutorService.java:41)
	at org.junit.platform.engine.support.hierarchical.NodeTestTask.lambda$executeRecursively$6(NodeTestTask.java:155)
	at org.junit.platform.engine.support.hierarchical.ThrowableCollector.execute(ThrowableCollector.java:73)
	at org.junit.platform.engine.support.hierarchical.NodeTestTask.lambda$executeRecursively$8(NodeTestTask.java:141)
	at org.junit.platform.engine.support.hierarchical.Node.around(Node.java:137)
	at org.junit.platform.engine.support.hierarchical.NodeTestTask.lambda$executeRecursively$9(NodeTestTask.java:139)
	at org.junit.platform.engine.support.hierarchical.ThrowableCollector.execute(ThrowableCollector.java:73)
	at org.junit.platform.engine.support.hierarchical.NodeTestTask.executeRecursively(NodeTestTask.java:138)
	at org.junit.platform.engine.support.hierarchical.NodeTestTask.execute(NodeTestTask.java:95)
	at java.util.ArrayList.forEach(ArrayList.java:1259)
	at org.junit.platform.engine.support.hierarchical.SameThreadHierarchicalTestExecutorService.invokeAll(SameThreadHierarchicalTestExecutorService.java:41)
	at org.junit.platform.engine.support.hierarchical.NodeTestTask.lambda$executeRecursively$6(NodeTestTask.java:155)
	at org.junit.platform.engine.support.hierarchical.ThrowableCollector.execute(ThrowableCollector.java:73)
	at org.junit.platform.engine.support.hierarchical.NodeTestTask.lambda$executeRecursively$8(NodeTestTask.java:141)
	at org.junit.platform.engine.support.hierarchical.Node.around(Node.java:137)
	at org.junit.platform.engine.support.hierarchical.NodeTestTask.lambda$executeRecursively$9(NodeTestTask.java:139)
	at org.junit.platform.engine.support.hierarchical.ThrowableCollector.execute(ThrowableCollector.java:73)
	at org.junit.platform.engine.support.hierarchical.NodeTestTask.executeRecursively(NodeTestTask.java:138)
	at org.junit.platform.engine.support.hierarchical.NodeTestTask.execute(NodeTestTask.java:95)
	at org.junit.platform.engine.support.hierarchical.SameThreadHierarchicalTestExecutorService.submit(SameThreadHierarchicalTestExecutorService.java:35)
	at org.junit.platform.engine.support.hierarchical.HierarchicalTestExecutor.execute(HierarchicalTestExecutor.java:57)
	at org.junit.platform.engine.support.hierarchical.HierarchicalTestEngine.execute(HierarchicalTestEngine.java:54)
	at org.junit.platform.launcher.core.DefaultLauncher.execute(DefaultLauncher.java:220)
	at org.junit.platform.launcher.core.DefaultLauncher.lambda$execute$6(DefaultLauncher.java:188)
	at org.junit.platform.launcher.core.DefaultLauncher.withInterceptedStreams(DefaultLauncher.java:202)
	at org.junit.platform.launcher.core.DefaultLauncher.execute(DefaultLauncher.java:181)
	at org.junit.platform.launcher.core.DefaultLauncher.execute(DefaultLauncher.java:128)
	at org.apache.maven.surefire.junitplatform.JUnitPlatformProvider.invokeAllTests(JUnitPlatformProvider.java:150)
	at org.apache.maven.surefire.junitplatform.JUnitPlatformProvider.invoke(JUnitPlatformProvider.java:124)
	at org.apache.maven.surefire.booter.ForkedBooter.invokeProviderInSameClassLoader(ForkedBooter.java:384)
	at org.apache.maven.surefire.booter.ForkedBooter.runSuitesInProcess(ForkedBooter.java:345)
	at org.apache.maven.surefire.booter.ForkedBooter.execute(ForkedBooter.java:126)
	at org.apache.maven.surefire.booter.ForkedBooter.main(ForkedBooter.java:418)
Caused by: org.eclipse.persistence.exceptions.DatabaseException: 
Internal Exception: org.postgresql.util.PSQLException: ERROR: relation "teacher" does not exist
  Position: 13
Error Code: 0
Call: INSERT INTO TEACHER (AISID, DEPARTMENT, EMAIL, INSTITUTE, NAME) VALUES (?, ?, ?, ?, ?)
	bind => [80123, Software engineering, test.teacher@stuba.sk, Software engineering, Test-Teacher]
Query: InsertObjectQuery(Teacher(aisId=80123, name=Test-Teacher, email=test.teacher@stuba.sk, institute=Software engineering, department=Software engineering, supervisedTheses=null))
	at org.eclipse.persistence.exceptions.DatabaseException.sqlException(DatabaseException.java:342)
	at org.eclipse.persistence.internal.databaseaccess.DatabaseAccessor.processExceptionForCommError(DatabaseAccessor.java:1666)
	at org.eclipse.persistence.internal.databaseaccess.DatabaseAccessor.executeDirectNoSelect(DatabaseAccessor.java:915)
	at org.eclipse.persistence.internal.databaseaccess.DatabaseAccessor.executeNoSelect(DatabaseAccessor.java:979)
	at org.eclipse.persistence.internal.databaseaccess.DatabaseAccessor.basicExecuteCall(DatabaseAccessor.java:640)
	at org.eclipse.persistence.internal.databaseaccess.DatabaseAccessor.executeCall(DatabaseAccessor.java:567)
	at org.eclipse.persistence.internal.sessions.AbstractSession.basicExecuteCall(AbstractSession.java:2105)
	at org.eclipse.persistence.sessions.server.ClientSession.executeCall(ClientSession.java:313)
	at org.eclipse.persistence.internal.queries.DatasourceCallQueryMechanism.executeCall(DatasourceCallQueryMechanism.java:275)
	at org.eclipse.persistence.internal.queries.DatasourceCallQueryMechanism.executeCall(DatasourceCallQueryMechanism.java:261)
	at org.eclipse.persistence.internal.queries.DatasourceCallQueryMechanism.insertObject(DatasourceCallQueryMechanism.java:428)
	at org.eclipse.persistence.internal.queries.StatementQueryMechanism.insertObject(StatementQueryMechanism.java:168)
	at org.eclipse.persistence.internal.queries.StatementQueryMechanism.insertObject(StatementQueryMechanism.java:183)
	at org.eclipse.persistence.internal.queries.DatabaseQueryMechanism.insertObjectForWrite(DatabaseQueryMechanism.java:515)
	at org.eclipse.persistence.queries.InsertObjectQuery.executeCommit(InsertObjectQuery.java:85)
	at org.eclipse.persistence.queries.InsertObjectQuery.executeCommitWithChangeSet(InsertObjectQuery.java:95)
	at org.eclipse.persistence.internal.queries.DatabaseQueryMechanism.executeWriteWithChangeSet(DatabaseQueryMechanism.java:327)
	at org.eclipse.persistence.queries.WriteObjectQuery.executeDatabaseQuery(WriteObjectQuery.java:60)
	at org.eclipse.persistence.queries.DatabaseQuery.execute(DatabaseQuery.java:913)
	at org.eclipse.persistence.queries.DatabaseQuery.executeInUnitOfWork(DatabaseQuery.java:812)
	at org.eclipse.persistence.queries.ObjectLevelModifyQuery.executeInUnitOfWorkObjectLevelModifyQuery(ObjectLevelModifyQuery.java:110)
	at org.eclipse.persistence.queries.ObjectLevelModifyQuery.executeInUnitOfWork(ObjectLevelModifyQuery.java:87)
	at org.eclipse.persistence.internal.sessions.UnitOfWorkImpl.internalExecuteQuery(UnitOfWorkImpl.java:3004)
	at org.eclipse.persistence.internal.sessions.AbstractSession.executeQuery(AbstractSession.java:1898)
	at org.eclipse.persistence.internal.sessions.AbstractSession.executeQuery(AbstractSession.java:1880)
	at org.eclipse.persistence.internal.sessions.AbstractSession.executeQuery(AbstractSession.java:1830)
	at org.eclipse.persistence.internal.sessions.CommitManager.commitNewObjectsForClassWithChangeSet(CommitManager.java:229)
	at org.eclipse.persistence.internal.sessions.CommitManager.commitAllObjectsWithChangeSet(CommitManager.java:128)
	at org.eclipse.persistence.internal.sessions.AbstractSession.writeAllObjectsWithChangeSet(AbstractSession.java:4409)
	at org.eclipse.persistence.internal.sessions.UnitOfWorkImpl.commitToDatabase(UnitOfWorkImpl.java:1503)
	at org.eclipse.persistence.internal.sessions.UnitOfWorkImpl.commitToDatabaseWithChangeSet(UnitOfWorkImpl.java:1593)
	at org.eclipse.persistence.internal.sessions.RepeatableWriteUnitOfWork.commitRootUnitOfWork(RepeatableWriteUnitOfWork.java:280)
	at org.eclipse.persistence.internal.sessions.UnitOfWorkImpl.commitAndResume(UnitOfWorkImpl.java:1230)
	at org.eclipse.persistence.internal.jpa.transaction.EntityTransactionImpl.commit(EntityTransactionImpl.java:136)
	... 70 common frames omitted
Caused by: org.postgresql.util.PSQLException: ERROR: relation "teacher" does not exist
  Position: 13
	at org.postgresql.core.v3.QueryExecutorImpl.receiveErrorResponse(QueryExecutorImpl.java:2676)
	at org.postgresql.core.v3.QueryExecutorImpl.processResults(QueryExecutorImpl.java:2366)
	at org.postgresql.core.v3.QueryExecutorImpl.execute(QueryExecutorImpl.java:356)
	at org.postgresql.jdbc.PgStatement.executeInternal(PgStatement.java:496)
	at org.postgresql.jdbc.PgStatement.execute(PgStatement.java:413)
	at org.postgresql.jdbc.PgPreparedStatement.executeWithFlags(PgPreparedStatement.java:190)
	at org.postgresql.jdbc.PgPreparedStatement.executeUpdate(PgPreparedStatement.java:152)
	at org.eclipse.persistence.internal.databaseaccess.DatabaseAccessor.executeDirectNoSelect(DatabaseAccessor.java:907)
	... 101 common frames omitted
]]></system-out>
  </testcase>
  <testcase name="TH10_shouldDeleteThesisWithTeacher" classname="sk.stuba.fei.uim.vsa.pr1.ThesisTest" time="0.123">
    <failure message="expected: &lt;null&gt; but was: &lt;Thesis(id=1, registrationNumber=FEI-42180, title=Excellent Simple Bachelor Thesis, description=Some description of the thesis, department=Software engineering, supervisor=Teacher(aisId=80123, name=Test-Teacher, email=test.teacher@stuba.sk, institute=Software engineering, department=Software engineering, supervisedTheses=[]), author=null, publishedOn=Tue Apr 11 00:00:00 UTC 2023, deadline=Tue Jul 11 00:00:00 UTC 2023, type=BACHELOR, status=FREE_TO_TAKE)&gt;" type="org.opentest4j.AssertionFailedError"><![CDATA[org.opentest4j.AssertionFailedError: expected: <null> but was: <Thesis(id=1, registrationNumber=FEI-42180, title=Excellent Simple Bachelor Thesis, description=Some description of the thesis, department=Software engineering, supervisor=Teacher(aisId=80123, name=Test-Teacher, email=test.teacher@stuba.sk, institute=Software engineering, department=Software engineering, supervisedTheses=[]), author=null, publishedOn=Tue Apr 11 00:00:00 UTC 2023, deadline=Tue Jul 11 00:00:00 UTC 2023, type=BACHELOR, status=FREE_TO_TAKE)>
	at sk.stuba.fei.uim.vsa.pr1.ThesisTest.TH10_shouldDeleteThesisWithTeacher(ThesisTest.java:354)
]]></failure>
    <system-out><![CDATA[[EL Fine]: connection: 2023-04-11 14:07:47.939--ServerSession(102103410)--Connection(517693873)--Thread(Thread[main,5,main])--connecting(DatabaseLogin(
	platform=>PostgreSQLPlatform
	user name=> "vsa"
	datasource URL=> "jdbc:postgresql://localhost:5432/vsa_pr1"
))
[EL Config]: connection: 2023-04-11 14:07:47.964--ServerSession(102103410)--Connection(247644034)--Thread(Thread[main,5,main])--Connected: jdbc:postgresql://localhost:5432/vsa_pr1
	User: vsa
	Database: PostgreSQL  Version: 15.2 (Debian 15.2-1.pgdg110+1)
	Driver: PostgreSQL JDBC Driver  Version: 42.5.4
[EL Fine]: sql: 2023-04-11 14:07:47.964--ClientSession(214313531)--Connection(247644034)--Thread(Thread[main,5,main])--INSERT INTO TEACHER (AISID, DEPARTMENT, EMAIL, INSTITUTE, NAME) VALUES (?, ?, ?, ?, ?)
	bind => [80123, Software engineering, test.teacher@stuba.sk, Software engineering, Test-Teacher]
[EL Fine]: sql: 2023-04-11 14:07:47.97--ServerSession(102103410)--Thread(Thread[main,5,main])--SELECT 1
[EL Fine]: sql: 2023-04-11 14:07:47.971--ClientSession(1388849499)--Connection(247644034)--Thread(Thread[main,5,main])--UPDATE SEQUENCE SET SEQ_COUNT = SEQ_COUNT + ? WHERE SEQ_NAME = ?
	bind => [50, SEQ_GEN]
[EL Fine]: sql: 2023-04-11 14:07:47.973--ClientSession(1388849499)--Connection(247644034)--Thread(Thread[main,5,main])--SELECT SEQ_COUNT FROM SEQUENCE WHERE SEQ_NAME = ?
	bind => [SEQ_GEN]
[EL Fine]: sql: 2023-04-11 14:07:47.976--ClientSession(1388849499)--Connection(247644034)--Thread(Thread[main,5,main])--INSERT INTO THESIS (ID, DEADLINE, DEPARTMENT, DESCRIPTION, PUBLISHEDON, REGISTRATIONNUMBER, STATUS, TITLE, TYPE, SUPERVISOR_AISID, AUTHOR_AISID) VALUES (?, ?, ?, ?, ?, ?, ?, ?, ?, ?, ?)
	bind => [1, 2023-07-11, Software engineering, Some description of the thesis, 2023-04-11, FEI-42180, FREE_TO_TAKE, Excellent Simple Bachelor Thesis, BACHELOR, 80123, null]
[EL Fine]: sql: 2023-04-11 14:07:47.982--ServerSession(102103410)--Connection(247644034)--Thread(Thread[main,5,main])--SELECT ID, DEADLINE, DEPARTMENT, DESCRIPTION, PUBLISHEDON, REGISTRATIONNUMBER, STATUS, TITLE, TYPE, SUPERVISOR_AISID, AUTHOR_AISID FROM THESIS WHERE (SUPERVISOR_AISID = ?)
	bind => [80123]
[EL Fine]: sql: 2023-04-11 14:07:48.007--ClientSession(843959601)--Connection(247644034)--Thread(Thread[main,5,main])--DELETE FROM TEACHER WHERE (AISID = ?)
	bind => [80123]
[EL Fine]: sql: 2023-04-11 14:07:48.031--ServerSession(102103410)--Connection(247644034)--Thread(Thread[main,5,main])--SELECT AISID, DEPARTMENT, EMAIL, INSTITUTE, NAME FROM TEACHER WHERE (AISID = ?)
	bind => [80123]
]]></system-out>
  </testcase>
  <testcase name="TH03_shouldSubmitThesis" classname="sk.stuba.fei.uim.vsa.pr1.ThesisTest" time="1.118"/>
  <testcase name="TH02_shouldAssignThesisToStudent" classname="sk.stuba.fei.uim.vsa.pr1.ThesisTest" time="1.133"/>
  <testcase name="TH11_shouldDeleteThesisButNotStudent" classname="sk.stuba.fei.uim.vsa.pr1.ThesisTest" time="0.064">
    <failure message="expected: not &lt;null&gt;" type="org.opentest4j.AssertionFailedError"><![CDATA[org.opentest4j.AssertionFailedError: expected: not <null>
	at sk.stuba.fei.uim.vsa.pr1.ThesisTest.TH11_shouldDeleteThesisButNotStudent(ThesisTest.java:360)
]]></failure>
    <system-out><![CDATA[[EL Fine]: sql: 2023-04-11 14:07:50.348--ClientSession(827579900)--Connection(247644034)--Thread(Thread[main,5,main])--INSERT INTO TEACHER (AISID, DEPARTMENT, EMAIL, INSTITUTE, NAME) VALUES (?, ?, ?, ?, ?)
	bind => [80123, Software engineering, test.teacher@stuba.sk, Software engineering, Test-Teacher]
[EL Fine]: sql: 2023-04-11 14:07:50.348--ClientSession(827579900)--Thread(Thread[main,5,main])--SELECT 1
[EL Warning]: 2023-04-11 14:07:50.349--UnitOfWork(1622135821)--Thread(Thread[main,5,main])--Exception [EclipseLink-4002] (Eclipse Persistence Services - 2.7.11.v20220804-52dea2a3c0): org.eclipse.persistence.exceptions.DatabaseException
Internal Exception: org.postgresql.util.PSQLException: ERROR: duplicate key value violates unique constraint "teacher_pkey"
  Detail: Key (aisid)=(80123) already exists.
Error Code: 0
Call: INSERT INTO TEACHER (AISID, DEPARTMENT, EMAIL, INSTITUTE, NAME) VALUES (?, ?, ?, ?, ?)
	bind => [80123, Software engineering, test.teacher@stuba.sk, Software engineering, Test-Teacher]
Query: InsertObjectQuery(Teacher(aisId=80123, name=Test-Teacher, email=test.teacher@stuba.sk, institute=Software engineering, department=Software engineering, supervisedTheses=null))
[EL Fine]: connection: 2023-04-11 14:07:50.349--ServerSession(102103410)--Connection(247644034)--Thread(Thread[main,5,main])--disconnect
2023-04-11 14:07:50.350 ERROR --- [           main] s.s.f.uim.vsa.pr1.AbstractThesisService  : Exception [EclipseLink-4002] (Eclipse Persistence Services - 2.7.11.v20220804-52dea2a3c0): org.eclipse.persistence.exceptions.DatabaseException
Internal Exception: org.postgresql.util.PSQLException: ERROR: duplicate key value violates unique constraint "teacher_pkey"
  Detail: Key (aisid)=(80123) already exists.
Error Code: 0
Call: INSERT INTO TEACHER (AISID, DEPARTMENT, EMAIL, INSTITUTE, NAME) VALUES (?, ?, ?, ?, ?)
	bind => [80123, Software engineering, test.teacher@stuba.sk, Software engineering, Test-Teacher]
Query: InsertObjectQuery(Teacher(aisId=80123, name=Test-Teacher, email=test.teacher@stuba.sk, institute=Software engineering, department=Software engineering, supervisedTheses=null))
javax.persistence.RollbackException: Exception [EclipseLink-4002] (Eclipse Persistence Services - 2.7.11.v20220804-52dea2a3c0): org.eclipse.persistence.exceptions.DatabaseException
Internal Exception: org.postgresql.util.PSQLException: ERROR: duplicate key value violates unique constraint "teacher_pkey"
  Detail: Key (aisid)=(80123) already exists.
Error Code: 0
Call: INSERT INTO TEACHER (AISID, DEPARTMENT, EMAIL, INSTITUTE, NAME) VALUES (?, ?, ?, ?, ?)
	bind => [80123, Software engineering, test.teacher@stuba.sk, Software engineering, Test-Teacher]
Query: InsertObjectQuery(Teacher(aisId=80123, name=Test-Teacher, email=test.teacher@stuba.sk, institute=Software engineering, department=Software engineering, supervisedTheses=null))
	at org.eclipse.persistence.internal.jpa.transaction.EntityTransactionImpl.commit(EntityTransactionImpl.java:161)
	at sk.stuba.fei.uim.vsa.pr1.solution.ThesisService.create(ThesisService.java:295)
	at sk.stuba.fei.uim.vsa.pr1.solution.ThesisService.createTeacher(ThesisService.java:74)
	at sk.stuba.fei.uim.vsa.pr1.solution.ThesisService.createTeacher(ThesisService.java:20)
	at sk.stuba.fei.uim.vsa.pr1.utils.TestUtils.createTeacher(TestUtils.java:283)
	at sk.stuba.fei.uim.vsa.pr1.ThesisTest.TH11_shouldDeleteThesisButNotStudent(ThesisTest.java:359)
	at sun.reflect.NativeMethodAccessorImpl.invoke0(Native Method)
	at sun.reflect.NativeMethodAccessorImpl.invoke(NativeMethodAccessorImpl.java:62)
	at sun.reflect.DelegatingMethodAccessorImpl.invoke(DelegatingMethodAccessorImpl.java:43)
	at java.lang.reflect.Method.invoke(Method.java:498)
	at org.junit.platform.commons.util.ReflectionUtils.invokeMethod(ReflectionUtils.java:725)
	at org.junit.jupiter.engine.execution.MethodInvocation.proceed(MethodInvocation.java:60)
	at org.junit.jupiter.engine.execution.InvocationInterceptorChain$ValidatingInvocation.proceed(InvocationInterceptorChain.java:131)
	at org.junit.jupiter.engine.extension.TimeoutExtension.intercept(TimeoutExtension.java:149)
	at org.junit.jupiter.engine.extension.TimeoutExtension.interceptTestableMethod(TimeoutExtension.java:140)
	at org.junit.jupiter.engine.extension.TimeoutExtension.interceptTestMethod(TimeoutExtension.java:84)
	at org.junit.jupiter.engine.execution.ExecutableInvoker$ReflectiveInterceptorCall.lambda$ofVoidMethod$0(ExecutableInvoker.java:115)
	at org.junit.jupiter.engine.execution.ExecutableInvoker.lambda$invoke$0(ExecutableInvoker.java:105)
	at org.junit.jupiter.engine.execution.InvocationInterceptorChain$InterceptedInvocation.proceed(InvocationInterceptorChain.java:106)
	at org.junit.jupiter.engine.execution.InvocationInterceptorChain.proceed(InvocationInterceptorChain.java:64)
	at org.junit.jupiter.engine.execution.InvocationInterceptorChain.chainAndInvoke(InvocationInterceptorChain.java:45)
	at org.junit.jupiter.engine.execution.InvocationInterceptorChain.invoke(InvocationInterceptorChain.java:37)
	at org.junit.jupiter.engine.execution.ExecutableInvoker.invoke(ExecutableInvoker.java:104)
	at org.junit.jupiter.engine.execution.ExecutableInvoker.invoke(ExecutableInvoker.java:98)
	at org.junit.jupiter.engine.descriptor.TestMethodTestDescriptor.lambda$invokeTestMethod$7(TestMethodTestDescriptor.java:214)
	at org.junit.platform.engine.support.hierarchical.ThrowableCollector.execute(ThrowableCollector.java:73)
	at org.junit.jupiter.engine.descriptor.TestMethodTestDescriptor.invokeTestMethod(TestMethodTestDescriptor.java:210)
	at org.junit.jupiter.engine.descriptor.TestMethodTestDescriptor.execute(TestMethodTestDescriptor.java:135)
	at org.junit.jupiter.engine.descriptor.TestMethodTestDescriptor.execute(TestMethodTestDescriptor.java:66)
	at org.junit.platform.engine.support.hierarchical.NodeTestTask.lambda$executeRecursively$6(NodeTestTask.java:151)
	at org.junit.platform.engine.support.hierarchical.ThrowableCollector.execute(ThrowableCollector.java:73)
	at org.junit.platform.engine.support.hierarchical.NodeTestTask.lambda$executeRecursively$8(NodeTestTask.java:141)
	at org.junit.platform.engine.support.hierarchical.Node.around(Node.java:137)
	at org.junit.platform.engine.support.hierarchical.NodeTestTask.lambda$executeRecursively$9(NodeTestTask.java:139)
	at org.junit.platform.engine.support.hierarchical.ThrowableCollector.execute(ThrowableCollector.java:73)
	at org.junit.platform.engine.support.hierarchical.NodeTestTask.executeRecursively(NodeTestTask.java:138)
	at org.junit.platform.engine.support.hierarchical.NodeTestTask.execute(NodeTestTask.java:95)
	at java.util.ArrayList.forEach(ArrayList.java:1259)
	at org.junit.platform.engine.support.hierarchical.SameThreadHierarchicalTestExecutorService.invokeAll(SameThreadHierarchicalTestExecutorService.java:41)
	at org.junit.platform.engine.support.hierarchical.NodeTestTask.lambda$executeRecursively$6(NodeTestTask.java:155)
	at org.junit.platform.engine.support.hierarchical.ThrowableCollector.execute(ThrowableCollector.java:73)
	at org.junit.platform.engine.support.hierarchical.NodeTestTask.lambda$executeRecursively$8(NodeTestTask.java:141)
	at org.junit.platform.engine.support.hierarchical.Node.around(Node.java:137)
	at org.junit.platform.engine.support.hierarchical.NodeTestTask.lambda$executeRecursively$9(NodeTestTask.java:139)
	at org.junit.platform.engine.support.hierarchical.ThrowableCollector.execute(ThrowableCollector.java:73)
	at org.junit.platform.engine.support.hierarchical.NodeTestTask.executeRecursively(NodeTestTask.java:138)
	at org.junit.platform.engine.support.hierarchical.NodeTestTask.execute(NodeTestTask.java:95)
	at java.util.ArrayList.forEach(ArrayList.java:1259)
	at org.junit.platform.engine.support.hierarchical.SameThreadHierarchicalTestExecutorService.invokeAll(SameThreadHierarchicalTestExecutorService.java:41)
	at org.junit.platform.engine.support.hierarchical.NodeTestTask.lambda$executeRecursively$6(NodeTestTask.java:155)
	at org.junit.platform.engine.support.hierarchical.ThrowableCollector.execute(ThrowableCollector.java:73)
	at org.junit.platform.engine.support.hierarchical.NodeTestTask.lambda$executeRecursively$8(NodeTestTask.java:141)
	at org.junit.platform.engine.support.hierarchical.Node.around(Node.java:137)
	at org.junit.platform.engine.support.hierarchical.NodeTestTask.lambda$executeRecursively$9(NodeTestTask.java:139)
	at org.junit.platform.engine.support.hierarchical.ThrowableCollector.execute(ThrowableCollector.java:73)
	at org.junit.platform.engine.support.hierarchical.NodeTestTask.executeRecursively(NodeTestTask.java:138)
	at org.junit.platform.engine.support.hierarchical.NodeTestTask.execute(NodeTestTask.java:95)
	at org.junit.platform.engine.support.hierarchical.SameThreadHierarchicalTestExecutorService.submit(SameThreadHierarchicalTestExecutorService.java:35)
	at org.junit.platform.engine.support.hierarchical.HierarchicalTestExecutor.execute(HierarchicalTestExecutor.java:57)
	at org.junit.platform.engine.support.hierarchical.HierarchicalTestEngine.execute(HierarchicalTestEngine.java:54)
	at org.junit.platform.launcher.core.DefaultLauncher.execute(DefaultLauncher.java:220)
	at org.junit.platform.launcher.core.DefaultLauncher.lambda$execute$6(DefaultLauncher.java:188)
	at org.junit.platform.launcher.core.DefaultLauncher.withInterceptedStreams(DefaultLauncher.java:202)
	at org.junit.platform.launcher.core.DefaultLauncher.execute(DefaultLauncher.java:181)
	at org.junit.platform.launcher.core.DefaultLauncher.execute(DefaultLauncher.java:128)
	at org.apache.maven.surefire.junitplatform.JUnitPlatformProvider.invokeAllTests(JUnitPlatformProvider.java:150)
	at org.apache.maven.surefire.junitplatform.JUnitPlatformProvider.invoke(JUnitPlatformProvider.java:124)
	at org.apache.maven.surefire.booter.ForkedBooter.invokeProviderInSameClassLoader(ForkedBooter.java:384)
	at org.apache.maven.surefire.booter.ForkedBooter.runSuitesInProcess(ForkedBooter.java:345)
	at org.apache.maven.surefire.booter.ForkedBooter.execute(ForkedBooter.java:126)
	at org.apache.maven.surefire.booter.ForkedBooter.main(ForkedBooter.java:418)
Caused by: org.eclipse.persistence.exceptions.DatabaseException: 
Internal Exception: org.postgresql.util.PSQLException: ERROR: duplicate key value violates unique constraint "teacher_pkey"
  Detail: Key (aisid)=(80123) already exists.
Error Code: 0
Call: INSERT INTO TEACHER (AISID, DEPARTMENT, EMAIL, INSTITUTE, NAME) VALUES (?, ?, ?, ?, ?)
	bind => [80123, Software engineering, test.teacher@stuba.sk, Software engineering, Test-Teacher]
Query: InsertObjectQuery(Teacher(aisId=80123, name=Test-Teacher, email=test.teacher@stuba.sk, institute=Software engineering, department=Software engineering, supervisedTheses=null))
	at org.eclipse.persistence.exceptions.DatabaseException.sqlException(DatabaseException.java:342)
	at org.eclipse.persistence.internal.databaseaccess.DatabaseAccessor.processExceptionForCommError(DatabaseAccessor.java:1666)
	at org.eclipse.persistence.internal.databaseaccess.DatabaseAccessor.executeDirectNoSelect(DatabaseAccessor.java:915)
	at org.eclipse.persistence.internal.databaseaccess.DatabaseAccessor.executeNoSelect(DatabaseAccessor.java:979)
	at org.eclipse.persistence.internal.databaseaccess.DatabaseAccessor.basicExecuteCall(DatabaseAccessor.java:640)
	at org.eclipse.persistence.internal.databaseaccess.DatabaseAccessor.executeCall(DatabaseAccessor.java:567)
	at org.eclipse.persistence.internal.sessions.AbstractSession.basicExecuteCall(AbstractSession.java:2105)
	at org.eclipse.persistence.sessions.server.ClientSession.executeCall(ClientSession.java:313)
	at org.eclipse.persistence.internal.queries.DatasourceCallQueryMechanism.executeCall(DatasourceCallQueryMechanism.java:275)
	at org.eclipse.persistence.internal.queries.DatasourceCallQueryMechanism.executeCall(DatasourceCallQueryMechanism.java:261)
	at org.eclipse.persistence.internal.queries.DatasourceCallQueryMechanism.insertObject(DatasourceCallQueryMechanism.java:428)
	at org.eclipse.persistence.internal.queries.StatementQueryMechanism.insertObject(StatementQueryMechanism.java:168)
	at org.eclipse.persistence.internal.queries.StatementQueryMechanism.insertObject(StatementQueryMechanism.java:183)
	at org.eclipse.persistence.internal.queries.DatabaseQueryMechanism.insertObjectForWrite(DatabaseQueryMechanism.java:515)
	at org.eclipse.persistence.queries.InsertObjectQuery.executeCommit(InsertObjectQuery.java:85)
	at org.eclipse.persistence.queries.InsertObjectQuery.executeCommitWithChangeSet(InsertObjectQuery.java:95)
	at org.eclipse.persistence.internal.queries.DatabaseQueryMechanism.executeWriteWithChangeSet(DatabaseQueryMechanism.java:327)
	at org.eclipse.persistence.queries.WriteObjectQuery.executeDatabaseQuery(WriteObjectQuery.java:60)
	at org.eclipse.persistence.queries.DatabaseQuery.execute(DatabaseQuery.java:913)
	at org.eclipse.persistence.queries.DatabaseQuery.executeInUnitOfWork(DatabaseQuery.java:812)
	at org.eclipse.persistence.queries.ObjectLevelModifyQuery.executeInUnitOfWorkObjectLevelModifyQuery(ObjectLevelModifyQuery.java:110)
	at org.eclipse.persistence.queries.ObjectLevelModifyQuery.executeInUnitOfWork(ObjectLevelModifyQuery.java:87)
	at org.eclipse.persistence.internal.sessions.UnitOfWorkImpl.internalExecuteQuery(UnitOfWorkImpl.java:3004)
	at org.eclipse.persistence.internal.sessions.AbstractSession.executeQuery(AbstractSession.java:1898)
	at org.eclipse.persistence.internal.sessions.AbstractSession.executeQuery(AbstractSession.java:1880)
	at org.eclipse.persistence.internal.sessions.AbstractSession.executeQuery(AbstractSession.java:1830)
	at org.eclipse.persistence.internal.sessions.CommitManager.commitNewObjectsForClassWithChangeSet(CommitManager.java:229)
	at org.eclipse.persistence.internal.sessions.CommitManager.commitAllObjectsWithChangeSet(CommitManager.java:128)
	at org.eclipse.persistence.internal.sessions.AbstractSession.writeAllObjectsWithChangeSet(AbstractSession.java:4409)
	at org.eclipse.persistence.internal.sessions.UnitOfWorkImpl.commitToDatabase(UnitOfWorkImpl.java:1503)
	at org.eclipse.persistence.internal.sessions.UnitOfWorkImpl.commitToDatabaseWithChangeSet(UnitOfWorkImpl.java:1593)
	at org.eclipse.persistence.internal.sessions.RepeatableWriteUnitOfWork.commitRootUnitOfWork(RepeatableWriteUnitOfWork.java:280)
	at org.eclipse.persistence.internal.sessions.UnitOfWorkImpl.commitAndResume(UnitOfWorkImpl.java:1230)
	at org.eclipse.persistence.internal.jpa.transaction.EntityTransactionImpl.commit(EntityTransactionImpl.java:136)
	... 70 common frames omitted
Caused by: org.postgresql.util.PSQLException: ERROR: duplicate key value violates unique constraint "teacher_pkey"
  Detail: Key (aisid)=(80123) already exists.
	at org.postgresql.core.v3.QueryExecutorImpl.receiveErrorResponse(QueryExecutorImpl.java:2676)
	at org.postgresql.core.v3.QueryExecutorImpl.processResults(QueryExecutorImpl.java:2366)
	at org.postgresql.core.v3.QueryExecutorImpl.execute(QueryExecutorImpl.java:356)
	at org.postgresql.jdbc.PgStatement.executeInternal(PgStatement.java:496)
	at org.postgresql.jdbc.PgStatement.execute(PgStatement.java:413)
	at org.postgresql.jdbc.PgPreparedStatement.executeWithFlags(PgPreparedStatement.java:190)
	at org.postgresql.jdbc.PgPreparedStatement.executeUpdate(PgPreparedStatement.java:152)
	at org.eclipse.persistence.internal.databaseaccess.DatabaseAccessor.executeDirectNoSelect(DatabaseAccessor.java:907)
	... 101 common frames omitted
]]></system-out>
  </testcase>
  <testcase name="TH05_shouldGetAllTheses" classname="sk.stuba.fei.uim.vsa.pr1.ThesisTest" time="0.074">
    <failure message="expected: not &lt;null&gt;" type="org.opentest4j.AssertionFailedError"><![CDATA[org.opentest4j.AssertionFailedError: expected: not <null>
	at sk.stuba.fei.uim.vsa.pr1.ThesisTest.TH05_shouldGetAllTheses(ThesisTest.java:199)
]]></failure>
    <system-out><![CDATA[[EL Fine]: connection: 2023-04-11 14:07:50.403--ServerSession(102103410)--Connection(3392189)--Thread(Thread[main,5,main])--connecting(DatabaseLogin(
	platform=>PostgreSQLPlatform
	user name=> "vsa"
	datasource URL=> "jdbc:postgresql://localhost:5432/vsa_pr1"
))
[EL Config]: connection: 2023-04-11 14:07:50.422--ServerSession(102103410)--Connection(503144273)--Thread(Thread[main,5,main])--Connected: jdbc:postgresql://localhost:5432/vsa_pr1
	User: vsa
	Database: PostgreSQL  Version: 15.2 (Debian 15.2-1.pgdg110+1)
	Driver: PostgreSQL JDBC Driver  Version: 42.5.4
[EL Fine]: sql: 2023-04-11 14:07:50.422--ClientSession(1009916891)--Connection(503144273)--Thread(Thread[main,5,main])--INSERT INTO TEACHER (AISID, DEPARTMENT, EMAIL, INSTITUTE, NAME) VALUES (?, ?, ?, ?, ?)
	bind => [80123, Software engineering, test.teacher@stuba.sk, Software engineering, Test-Teacher]
[EL Fine]: sql: 2023-04-11 14:07:50.423--ClientSession(1009916891)--Thread(Thread[main,5,main])--SELECT 1
[EL Warning]: 2023-04-11 14:07:50.423--UnitOfWork(612716569)--Thread(Thread[main,5,main])--Exception [EclipseLink-4002] (Eclipse Persistence Services - 2.7.11.v20220804-52dea2a3c0): org.eclipse.persistence.exceptions.DatabaseException
Internal Exception: org.postgresql.util.PSQLException: ERROR: relation "teacher" does not exist
  Position: 13
Error Code: 0
Call: INSERT INTO TEACHER (AISID, DEPARTMENT, EMAIL, INSTITUTE, NAME) VALUES (?, ?, ?, ?, ?)
	bind => [80123, Software engineering, test.teacher@stuba.sk, Software engineering, Test-Teacher]
Query: InsertObjectQuery(Teacher(aisId=80123, name=Test-Teacher, email=test.teacher@stuba.sk, institute=Software engineering, department=Software engineering, supervisedTheses=null))
[EL Fine]: connection: 2023-04-11 14:07:50.424--ServerSession(102103410)--Connection(503144273)--Thread(Thread[main,5,main])--disconnect
2023-04-11 14:07:50.424 ERROR --- [           main] s.s.f.uim.vsa.pr1.AbstractThesisService  : Exception [EclipseLink-4002] (Eclipse Persistence Services - 2.7.11.v20220804-52dea2a3c0): org.eclipse.persistence.exceptions.DatabaseException
Internal Exception: org.postgresql.util.PSQLException: ERROR: relation "teacher" does not exist
  Position: 13
Error Code: 0
Call: INSERT INTO TEACHER (AISID, DEPARTMENT, EMAIL, INSTITUTE, NAME) VALUES (?, ?, ?, ?, ?)
	bind => [80123, Software engineering, test.teacher@stuba.sk, Software engineering, Test-Teacher]
Query: InsertObjectQuery(Teacher(aisId=80123, name=Test-Teacher, email=test.teacher@stuba.sk, institute=Software engineering, department=Software engineering, supervisedTheses=null))
javax.persistence.RollbackException: Exception [EclipseLink-4002] (Eclipse Persistence Services - 2.7.11.v20220804-52dea2a3c0): org.eclipse.persistence.exceptions.DatabaseException
Internal Exception: org.postgresql.util.PSQLException: ERROR: relation "teacher" does not exist
  Position: 13
Error Code: 0
Call: INSERT INTO TEACHER (AISID, DEPARTMENT, EMAIL, INSTITUTE, NAME) VALUES (?, ?, ?, ?, ?)
	bind => [80123, Software engineering, test.teacher@stuba.sk, Software engineering, Test-Teacher]
Query: InsertObjectQuery(Teacher(aisId=80123, name=Test-Teacher, email=test.teacher@stuba.sk, institute=Software engineering, department=Software engineering, supervisedTheses=null))
	at org.eclipse.persistence.internal.jpa.transaction.EntityTransactionImpl.commit(EntityTransactionImpl.java:161)
	at sk.stuba.fei.uim.vsa.pr1.solution.ThesisService.create(ThesisService.java:295)
	at sk.stuba.fei.uim.vsa.pr1.solution.ThesisService.createTeacher(ThesisService.java:74)
	at sk.stuba.fei.uim.vsa.pr1.solution.ThesisService.createTeacher(ThesisService.java:20)
	at sk.stuba.fei.uim.vsa.pr1.utils.TestUtils.createTeacher(TestUtils.java:283)
	at sk.stuba.fei.uim.vsa.pr1.ThesisTest.TH05_shouldGetAllTheses(ThesisTest.java:198)
	at sun.reflect.NativeMethodAccessorImpl.invoke0(Native Method)
	at sun.reflect.NativeMethodAccessorImpl.invoke(NativeMethodAccessorImpl.java:62)
	at sun.reflect.DelegatingMethodAccessorImpl.invoke(DelegatingMethodAccessorImpl.java:43)
	at java.lang.reflect.Method.invoke(Method.java:498)
	at org.junit.platform.commons.util.ReflectionUtils.invokeMethod(ReflectionUtils.java:725)
	at org.junit.jupiter.engine.execution.MethodInvocation.proceed(MethodInvocation.java:60)
	at org.junit.jupiter.engine.execution.InvocationInterceptorChain$ValidatingInvocation.proceed(InvocationInterceptorChain.java:131)
	at org.junit.jupiter.engine.extension.TimeoutExtension.intercept(TimeoutExtension.java:149)
	at org.junit.jupiter.engine.extension.TimeoutExtension.interceptTestableMethod(TimeoutExtension.java:140)
	at org.junit.jupiter.engine.extension.TimeoutExtension.interceptTestMethod(TimeoutExtension.java:84)
	at org.junit.jupiter.engine.execution.ExecutableInvoker$ReflectiveInterceptorCall.lambda$ofVoidMethod$0(ExecutableInvoker.java:115)
	at org.junit.jupiter.engine.execution.ExecutableInvoker.lambda$invoke$0(ExecutableInvoker.java:105)
	at org.junit.jupiter.engine.execution.InvocationInterceptorChain$InterceptedInvocation.proceed(InvocationInterceptorChain.java:106)
	at org.junit.jupiter.engine.execution.InvocationInterceptorChain.proceed(InvocationInterceptorChain.java:64)
	at org.junit.jupiter.engine.execution.InvocationInterceptorChain.chainAndInvoke(InvocationInterceptorChain.java:45)
	at org.junit.jupiter.engine.execution.InvocationInterceptorChain.invoke(InvocationInterceptorChain.java:37)
	at org.junit.jupiter.engine.execution.ExecutableInvoker.invoke(ExecutableInvoker.java:104)
	at org.junit.jupiter.engine.execution.ExecutableInvoker.invoke(ExecutableInvoker.java:98)
	at org.junit.jupiter.engine.descriptor.TestMethodTestDescriptor.lambda$invokeTestMethod$7(TestMethodTestDescriptor.java:214)
	at org.junit.platform.engine.support.hierarchical.ThrowableCollector.execute(ThrowableCollector.java:73)
	at org.junit.jupiter.engine.descriptor.TestMethodTestDescriptor.invokeTestMethod(TestMethodTestDescriptor.java:210)
	at org.junit.jupiter.engine.descriptor.TestMethodTestDescriptor.execute(TestMethodTestDescriptor.java:135)
	at org.junit.jupiter.engine.descriptor.TestMethodTestDescriptor.execute(TestMethodTestDescriptor.java:66)
	at org.junit.platform.engine.support.hierarchical.NodeTestTask.lambda$executeRecursively$6(NodeTestTask.java:151)
	at org.junit.platform.engine.support.hierarchical.ThrowableCollector.execute(ThrowableCollector.java:73)
	at org.junit.platform.engine.support.hierarchical.NodeTestTask.lambda$executeRecursively$8(NodeTestTask.java:141)
	at org.junit.platform.engine.support.hierarchical.Node.around(Node.java:137)
	at org.junit.platform.engine.support.hierarchical.NodeTestTask.lambda$executeRecursively$9(NodeTestTask.java:139)
	at org.junit.platform.engine.support.hierarchical.ThrowableCollector.execute(ThrowableCollector.java:73)
	at org.junit.platform.engine.support.hierarchical.NodeTestTask.executeRecursively(NodeTestTask.java:138)
	at org.junit.platform.engine.support.hierarchical.NodeTestTask.execute(NodeTestTask.java:95)
	at java.util.ArrayList.forEach(ArrayList.java:1259)
	at org.junit.platform.engine.support.hierarchical.SameThreadHierarchicalTestExecutorService.invokeAll(SameThreadHierarchicalTestExecutorService.java:41)
	at org.junit.platform.engine.support.hierarchical.NodeTestTask.lambda$executeRecursively$6(NodeTestTask.java:155)
	at org.junit.platform.engine.support.hierarchical.ThrowableCollector.execute(ThrowableCollector.java:73)
	at org.junit.platform.engine.support.hierarchical.NodeTestTask.lambda$executeRecursively$8(NodeTestTask.java:141)
	at org.junit.platform.engine.support.hierarchical.Node.around(Node.java:137)
	at org.junit.platform.engine.support.hierarchical.NodeTestTask.lambda$executeRecursively$9(NodeTestTask.java:139)
	at org.junit.platform.engine.support.hierarchical.ThrowableCollector.execute(ThrowableCollector.java:73)
	at org.junit.platform.engine.support.hierarchical.NodeTestTask.executeRecursively(NodeTestTask.java:138)
	at org.junit.platform.engine.support.hierarchical.NodeTestTask.execute(NodeTestTask.java:95)
	at java.util.ArrayList.forEach(ArrayList.java:1259)
	at org.junit.platform.engine.support.hierarchical.SameThreadHierarchicalTestExecutorService.invokeAll(SameThreadHierarchicalTestExecutorService.java:41)
	at org.junit.platform.engine.support.hierarchical.NodeTestTask.lambda$executeRecursively$6(NodeTestTask.java:155)
	at org.junit.platform.engine.support.hierarchical.ThrowableCollector.execute(ThrowableCollector.java:73)
	at org.junit.platform.engine.support.hierarchical.NodeTestTask.lambda$executeRecursively$8(NodeTestTask.java:141)
	at org.junit.platform.engine.support.hierarchical.Node.around(Node.java:137)
	at org.junit.platform.engine.support.hierarchical.NodeTestTask.lambda$executeRecursively$9(NodeTestTask.java:139)
	at org.junit.platform.engine.support.hierarchical.ThrowableCollector.execute(ThrowableCollector.java:73)
[...]
	at org.junit.jupiter.engine.descriptor.TestMethodTestDescriptor.invokeBeforeMethodsOrCallbacksUntilExceptionOccurs(TestMethodTestDescriptor.java:199)
	at org.junit.jupiter.engine.descriptor.TestMethodTestDescriptor.invokeBeforeEachMethods(TestMethodTestDescriptor.java:168)
	at org.junit.jupiter.engine.descriptor.TestMethodTestDescriptor.execute(TestMethodTestDescriptor.java:131)
	at org.junit.jupiter.engine.descriptor.TestMethodTestDescriptor.execute(TestMethodTestDescriptor.java:66)
	at org.junit.platform.engine.support.hierarchical.NodeTestTask.lambda$executeRecursively$6(NodeTestTask.java:151)
	at org.junit.platform.engine.support.hierarchical.ThrowableCollector.execute(ThrowableCollector.java:73)
	at org.junit.platform.engine.support.hierarchical.NodeTestTask.lambda$executeRecursively$8(NodeTestTask.java:141)
	at org.junit.platform.engine.support.hierarchical.Node.around(Node.java:137)
	at org.junit.platform.engine.support.hierarchical.NodeTestTask.lambda$executeRecursively$9(NodeTestTask.java:139)
	at org.junit.platform.engine.support.hierarchical.ThrowableCollector.execute(ThrowableCollector.java:73)
	at org.junit.platform.engine.support.hierarchical.NodeTestTask.executeRecursively(NodeTestTask.java:138)
	at org.junit.platform.engine.support.hierarchical.NodeTestTask.execute(NodeTestTask.java:95)
	at java.util.ArrayList.forEach(ArrayList.java:1259)
	at org.junit.platform.engine.support.hierarchical.SameThreadHierarchicalTestExecutorService.invokeAll(SameThreadHierarchicalTestExecutorService.java:41)
	at org.junit.platform.engine.support.hierarchical.NodeTestTask.lambda$executeRecursively$6(NodeTestTask.java:155)
	at org.junit.platform.engine.support.hierarchical.ThrowableCollector.execute(ThrowableCollector.java:73)
	at org.junit.platform.engine.support.hierarchical.NodeTestTask.lambda$executeRecursively$8(NodeTestTask.java:141)
	at org.junit.platform.engine.support.hierarchical.Node.around(Node.java:137)
	at org.junit.platform.engine.support.hierarchical.NodeTestTask.lambda$executeRecursively$9(NodeTestTask.java:139)
	at org.junit.platform.engine.support.hierarchical.ThrowableCollector.execute(ThrowableCollector.java:73)
	at org.junit.platform.engine.support.hierarchical.NodeTestTask.executeRecursively(NodeTestTask.java:138)
	at org.junit.platform.engine.support.hierarchical.NodeTestTask.execute(NodeTestTask.java:95)
	at java.util.ArrayList.forEach(ArrayList.java:1259)
	at org.junit.platform.engine.support.hierarchical.SameThreadHierarchicalTestExecutorService.invokeAll(SameThreadHierarchicalTestExecutorService.java:41)
	at org.junit.platform.engine.support.hierarchical.NodeTestTask.lambda$executeRecursively$6(NodeTestTask.java:155)
	at org.junit.platform.engine.support.hierarchical.ThrowableCollector.execute(ThrowableCollector.java:73)
	at org.junit.platform.engine.support.hierarchical.NodeTestTask.lambda$executeRecursively$8(NodeTestTask.java:141)
	at org.junit.platform.engine.support.hierarchical.Node.around(Node.java:137)
	at org.junit.platform.engine.support.hierarchical.NodeTestTask.lambda$executeRecursively$9(NodeTestTask.java:139)
	at org.junit.platform.engine.support.hierarchical.ThrowableCollector.execute(ThrowableCollector.java:73)
	at org.junit.platform.engine.support.hierarchical.NodeTestTask.executeRecursively(NodeTestTask.java:138)
	at org.junit.platform.engine.support.hierarchical.NodeTestTask.execute(NodeTestTask.java:95)
	at org.junit.platform.engine.support.hierarchical.SameThreadHierarchicalTestExecutorService.submit(SameThreadHierarchicalTestExecutorService.java:35)
	at org.junit.platform.engine.support.hierarchical.HierarchicalTestExecutor.execute(HierarchicalTestExecutor.java:57)
	at org.junit.platform.engine.support.hierarchical.HierarchicalTestEngine.execute(HierarchicalTestEngine.java:54)
	at org.junit.platform.launcher.core.DefaultLauncher.execute(DefaultLauncher.java:220)
	at org.junit.platform.launcher.core.DefaultLauncher.lambda$execute$6(DefaultLauncher.java:188)
	at org.junit.platform.launcher.core.DefaultLauncher.withInterceptedStreams(DefaultLauncher.java:202)
	at org.junit.platform.launcher.core.DefaultLauncher.execute(DefaultLauncher.java:181)
	at org.junit.platform.launcher.core.DefaultLauncher.execute(DefaultLauncher.java:128)
	at org.apache.maven.surefire.junitplatform.JUnitPlatformProvider.invokeAllTests(JUnitPlatformProvider.java:150)
	at org.apache.maven.surefire.junitplatform.JUnitPlatformProvider.invoke(JUnitPlatformProvider.java:124)
	at org.apache.maven.surefire.booter.ForkedBooter.invokeProviderInSameClassLoader(ForkedBooter.java:384)
	at org.apache.maven.surefire.booter.ForkedBooter.runSuitesInProcess(ForkedBooter.java:345)
	at org.apache.maven.surefire.booter.ForkedBooter.execute(ForkedBooter.java:126)
	at org.apache.maven.surefire.booter.ForkedBooter.main(ForkedBooter.java:418)
2023-04-11 14:07:45.808  INFO --- [           main] s.s.f.uim.vsa.pr1.AbstractThesisService  : Creating student with AIS ID 70127
[EL Fine]: sql: 2023-04-11 14:07:45.809--ClientSession(1441243996)--Connection(1442038800)--Thread(Thread[main,5,main])--INSERT INTO STUDENT (AISID, EMAIL, NAME, STUDYPROGRAMME, TERM, YEAR) VALUES (?, ?, ?, ?, ?, ?)
	bind => [70127, xtest@stuba.sk, Test-Student, null, null, null]
[EL Fine]: sql: 2023-04-11 14:07:45.811--ClientSession(1441243996)--Thread(Thread[main,5,main])--SELECT 1
[EL Warning]: 2023-04-11 14:07:45.813--UnitOfWork(1495445111)--Thread(Thread[main,5,main])--Exception [EclipseLink-4002] (Eclipse Persistence Services - 2.7.11.v20220804-52dea2a3c0): org.eclipse.persistence.exceptions.DatabaseException
Internal Exception: org.postgresql.util.PSQLException: ERROR: relation "student" does not exist
  Position: 13
Error Code: 0
Call: INSERT INTO STUDENT (AISID, EMAIL, NAME, STUDYPROGRAMME, TERM, YEAR) VALUES (?, ?, ?, ?, ?, ?)
	bind => [70127, xtest@stuba.sk, Test-Student, null, null, null]
Query: InsertObjectQuery(Student(aisId=70127, name=Test-Student, email=xtest@stuba.sk, year=null, term=null, studyProgramme=null, thesis=null))
[EL Fine]: connection: 2023-04-11 14:07:45.815--ServerSession(546796969)--Connection(1442038800)--Thread(Thread[main,5,main])--disconnect
2023-04-11 14:07:45.821 ERROR --- [           main] s.s.f.uim.vsa.pr1.AbstractThesisService  : Exception [EclipseLink-4002] (Eclipse Persistence Services - 2.7.11.v20220804-52dea2a3c0): org.eclipse.persistence.exceptions.DatabaseException
Internal Exception: org.postgresql.util.PSQLException: ERROR: relation "student" does not exist
  Position: 13
Error Code: 0
Call: INSERT INTO STUDENT (AISID, EMAIL, NAME, STUDYPROGRAMME, TERM, YEAR) VALUES (?, ?, ?, ?, ?, ?)
	bind => [70127, xtest@stuba.sk, Test-Student, null, null, null]
Query: InsertObjectQuery(Student(aisId=70127, name=Test-Student, email=xtest@stuba.sk, year=null, term=null, studyProgramme=null, thesis=null))
javax.persistence.RollbackException: Exception [EclipseLink-4002] (Eclipse Persistence Services - 2.7.11.v20220804-52dea2a3c0): org.eclipse.persistence.exceptions.DatabaseException
Internal Exception: org.postgresql.util.PSQLException: ERROR: relation "student" does not exist
  Position: 13
Error Code: 0
Call: INSERT INTO STUDENT (AISID, EMAIL, NAME, STUDYPROGRAMME, TERM, YEAR) VALUES (?, ?, ?, ?, ?, ?)
	bind => [70127, xtest@stuba.sk, Test-Student, null, null, null]
Query: InsertObjectQuery(Student(aisId=70127, name=Test-Student, email=xtest@stuba.sk, year=null, term=null, studyProgramme=null, thesis=null))
	at org.eclipse.persistence.internal.jpa.transaction.EntityTransactionImpl.commit(EntityTransactionImpl.java:161)
	at sk.stuba.fei.uim.vsa.pr1.solution.ThesisService.create(ThesisService.java:295)
	at sk.stuba.fei.uim.vsa.pr1.solution.ThesisService.createStudent(ThesisService.java:29)
	at sk.stuba.fei.uim.vsa.pr1.solution.ThesisService.createStudent(ThesisService.java:20)
	at sk.stuba.fei.uim.vsa.pr1.utils.TestUtils.createStudent(TestUtils.java:291)
	at sk.stuba.fei.uim.vsa.pr1.StudentTest.ST02_shouldGetStudent(StudentTest.java:67)
	at sun.reflect.NativeMethodAccessorImpl.invoke0(Native Method)
	at sun.reflect.NativeMethodAccessorImpl.invoke(NativeMethodAccessorImpl.java:62)
	at sun.reflect.DelegatingMethodAccessorImpl.invoke(DelegatingMethodAccessorImpl.java:43)
	at java.lang.reflect.Method.invoke(Method.java:498)
	at org.junit.platform.commons.util.ReflectionUtils.invokeMethod(ReflectionUtils.java:725)
	at org.junit.jupiter.engine.execution.MethodInvocation.proceed(MethodInvocation.java:60)
	at org.junit.jupiter.engine.execution.InvocationInterceptorChain$ValidatingInvocation.proceed(InvocationInterceptorChain.java:131)
	at org.junit.jupiter.engine.extension.TimeoutExtension.intercept(TimeoutExtension.java:149)
	at org.junit.jupiter.engine.extension.TimeoutExtension.interceptTestableMethod(TimeoutExtension.java:140)
	at org.junit.jupiter.engine.extension.TimeoutExtension.interceptTestMethod(TimeoutExtension.java:84)
	at org.junit.jupiter.engine.execution.ExecutableInvoker$ReflectiveInterceptorCall.lambda$ofVoidMethod$0(ExecutableInvoker.java:115)
	at org.junit.jupiter.engine.execution.ExecutableInvoker.lambda$invoke$0(ExecutableInvoker.java:105)
	at org.junit.jupiter.engine.execution.InvocationInterceptorChain$InterceptedInvocation.proceed(InvocationInterceptorChain.java:106)
	at org.junit.jupiter.engine.execution.InvocationInterceptorChain.proceed(InvocationInterceptorChain.java:64)
	at org.junit.jupiter.engine.execution.InvocationInterceptorChain.chainAndInvoke(InvocationInterceptorChain.java:45)
	at org.junit.jupiter.engine.execution.InvocationInterceptorChain.invoke(InvocationInterceptorChain.java:37)
	at org.junit.jupiter.engine.execution.ExecutableInvoker.invoke(ExecutableInvoker.java:104)
	at org.junit.jupiter.engine.execution.ExecutableInvoker.invoke(ExecutableInvoker.java:98)
	at org.junit.jupiter.engine.descriptor.TestMethodTestDescriptor.lambda$invokeTestMethod$7(TestMethodTestDescriptor.java:214)
	at org.junit.platform.engine.support.hierarchical.ThrowableCollector.execute(ThrowableCollector.java:73)
	at org.junit.jupiter.engine.descriptor.TestMethodTestDescriptor.invokeTestMethod(TestMethodTestDescriptor.java:210)
	at org.junit.jupiter.engine.descriptor.TestMethodTestDescriptor.execute(TestMethodTestDescriptor.java:135)
	at org.junit.jupiter.engine.descriptor.TestMethodTestDescriptor.execute(TestMethodTestDescriptor.java:66)
	at org.junit.platform.engine.support.hierarchical.NodeTestTask.lambda$executeRecursively$6(NodeTestTask.java:151)
	at org.junit.platform.engine.support.hierarchical.ThrowableCollector.execute(ThrowableCollector.java:73)
	at org.junit.platform.engine.support.hierarchical.NodeTestTask.lambda$executeRecursively$8(NodeTestTask.java:141)
	at org.junit.platform.engine.support.hierarchical.Node.around(Node.java:137)
	at org.junit.platform.engine.support.hierarchical.NodeTestTask.lambda$executeRecursively$9(NodeTestTask.java:139)
	at org.junit.platform.engine.support.hierarchical.ThrowableCollector.execute(ThrowableCollector.java:73)
	at org.junit.platform.engine.support.hierarchical.NodeTestTask.executeRecursively(NodeTestTask.java:138)
	at org.junit.platform.engine.support.hierarchical.NodeTestTask.execute(NodeTestTask.java:95)
	at java.util.ArrayList.forEach(ArrayList.java:1259)
	at org.junit.platform.engine.support.hierarchical.SameThreadHierarchicalTestExecutorService.invokeAll(SameThreadHierarchicalTestExecutorService.java:41)
	at org.junit.platform.engine.support.hierarchical.NodeTestTask.lambda$executeRecursively$6(NodeTestTask.java:155)
	at org.junit.platform.engine.support.hierarchical.ThrowableCollector.execute(ThrowableCollector.java:73)
	at org.junit.platform.engine.support.hierarchical.NodeTestTask.lambda$executeRecursively$8(NodeTestTask.java:141)
	at org.junit.platform.engine.support.hierarchical.Node.around(Node.java:137)
	at org.junit.platform.engine.support.hierarchical.NodeTestTask.lambda$executeRecursively$9(NodeTestTask.java:139)
	at org.junit.platform.engine.support.hierarchical.ThrowableCollector.execute(ThrowableCollector.java:73)
	at org.junit.platform.engine.support.hierarchical.NodeTestTask.executeRecursively(NodeTestTask.java:138)
	at org.junit.platform.engine.support.hierarchical.NodeTestTask.execute(NodeTestTask.java:95)
	at java.util.ArrayList.forEach(ArrayList.java:1259)
	at org.junit.platform.engine.support.hierarchical.SameThreadHierarchicalTestExecutorService.invokeAll(SameThreadHierarchicalTestExecutorService.java:41)
	at org.junit.platform.engine.support.hierarchical.NodeTestTask.lambda$executeRecursively$6(NodeTestTask.java:155)
	at org.junit.platform.engine.support.hierarchical.ThrowableCollector.execute(ThrowableCollector.java:73)
	at org.junit.platform.engine.support.hierarchical.NodeTestTask.lambda$executeRecursively$8(NodeTestTask.java:141)
	at org.junit.platform.engine.support.hierarchical.Node.around(Node.java:137)
	at org.junit.platform.engine.support.hierarchical.NodeTestTask.lambda$executeRecursively$9(NodeTestTask.java:139)
	at org.junit.platform.engine.support.hierarchical.ThrowableCollector.execute(ThrowableCollector.java:73)
	at org.junit.platform.engine.support.hierarchical.NodeTestTask.executeRecursively(NodeTestTask.java:138)
	at org.junit.platform.engine.support.hierarchical.NodeTestTask.execute(NodeTestTask.java:95)
	at org.junit.platform.engine.support.hierarchical.SameThreadHierarchicalTestExecutorService.submit(SameThreadHierarchicalTestExecutorService.java:35)
	at org.junit.platform.engine.support.hierarchical.HierarchicalTestExecutor.execute(HierarchicalTestExecutor.java:57)
	at org.junit.platform.engine.support.hierarchical.HierarchicalTestEngine.execute(HierarchicalTestEngine.java:54)
	at org.junit.platform.launcher.core.DefaultLauncher.execute(DefaultLauncher.java:220)
	at org.junit.platform.launcher.core.DefaultLauncher.lambda$execute$6(DefaultLauncher.java:188)
	at org.junit.platform.launcher.core.DefaultLauncher.withInterceptedStreams(DefaultLauncher.java:202)
	at org.junit.platform.launcher.core.DefaultLauncher.execute(DefaultLauncher.java:181)
	at org.junit.platform.launcher.core.DefaultLauncher.execute(DefaultLauncher.java:128)
	at org.apache.maven.surefire.junitplatform.JUnitPlatformProvider.invokeAllTests(JUnitPlatformProvider.java:150)
	at org.apache.maven.surefire.junitplatform.JUnitPlatformProvider.invoke(JUnitPlatformProvider.java:124)
	at org.apache.maven.surefire.booter.ForkedBooter.invokeProviderInSameClassLoader(ForkedBooter.java:384)
	at org.apache.maven.surefire.booter.ForkedBooter.runSuitesInProcess(ForkedBooter.java:345)
	at org.apache.maven.surefire.booter.ForkedBooter.execute(ForkedBooter.java:126)
	at org.apache.maven.surefire.booter.ForkedBooter.main(ForkedBooter.java:418)
Caused by: org.eclipse.persistence.exceptions.DatabaseException: 
Internal Exception: org.postgresql.util.PSQLException: ERROR: relation "student" does not exist
  Position: 13
Error Code: 0
Call: INSERT INTO STUDENT (AISID, EMAIL, NAME, STUDYPROGRAMME, TERM, YEAR) VALUES (?, ?, ?, ?, ?, ?)
	bind => [70127, xtest@stuba.sk, Test-Student, null, null, null]
Query: InsertObjectQuery(Student(aisId=70127, name=Test-Student, email=xtest@stuba.sk, year=null, term=null, studyProgramme=null, thesis=null))
	at org.eclipse.persistence.exceptions.DatabaseException.sqlException(DatabaseException.java:342)
	at org.eclipse.persistence.internal.databaseaccess.DatabaseAccessor.processExceptionForCommError(DatabaseAccessor.java:1666)
	at org.eclipse.persistence.internal.databaseaccess.DatabaseAccessor.executeDirectNoSelect(DatabaseAccessor.java:915)
	at org.eclipse.persistence.internal.databaseaccess.DatabaseAccessor.executeNoSelect(DatabaseAccessor.java:979)
	at org.eclipse.persistence.internal.databaseaccess.DatabaseAccessor.basicExecuteCall(DatabaseAccessor.java:640)
	at org.eclipse.persistence.internal.databaseaccess.DatabaseAccessor.executeCall(DatabaseAccessor.java:567)
	at org.eclipse.persistence.internal.sessions.AbstractSession.basicExecuteCall(AbstractSession.java:2105)
	at org.eclipse.persistence.sessions.server.ClientSession.executeCall(ClientSession.java:313)
	at org.eclipse.persistence.internal.queries.DatasourceCallQueryMechanism.executeCall(DatasourceCallQueryMechanism.java:275)
	at org.eclipse.persistence.internal.queries.DatasourceCallQueryMechanism.executeCall(DatasourceCallQueryMechanism.java:261)
	at org.eclipse.persistence.internal.queries.DatasourceCallQueryMechanism.insertObject(DatasourceCallQueryMechanism.java:428)
	at org.eclipse.persistence.internal.queries.StatementQueryMechanism.insertObject(StatementQueryMechanism.java:168)
	at org.eclipse.persistence.internal.queries.StatementQueryMechanism.insertObject(StatementQueryMechanism.java:183)
	at org.eclipse.persistence.internal.queries.DatabaseQueryMechanism.insertObjectForWrite(DatabaseQueryMechanism.java:515)
	at org.eclipse.persistence.queries.InsertObjectQuery.executeCommit(InsertObjectQuery.java:85)
	at org.eclipse.persistence.queries.InsertObjectQuery.executeCommitWithChangeSet(InsertObjectQuery.java:95)
	at org.eclipse.persistence.internal.queries.DatabaseQueryMechanism.executeWriteWithChangeSet(DatabaseQueryMechanism.java:327)
	at org.eclipse.persistence.queries.WriteObjectQuery.executeDatabaseQuery(WriteObjectQuery.java:60)
	at org.eclipse.persistence.queries.DatabaseQuery.execute(DatabaseQuery.java:913)
	at org.eclipse.persistence.queries.DatabaseQuery.executeInUnitOfWork(DatabaseQuery.java:812)
	at org.eclipse.persistence.queries.ObjectLevelModifyQuery.executeInUnitOfWorkObjectLevelModifyQuery(ObjectLevelModifyQuery.java:110)
	at org.eclipse.persistence.queries.ObjectLevelModifyQuery.executeInUnitOfWork(ObjectLevelModifyQuery.java:87)
	at org.eclipse.persistence.internal.sessions.UnitOfWorkImpl.internalExecuteQuery(UnitOfWorkImpl.java:3004)
	at org.eclipse.persistence.internal.sessions.AbstractSession.executeQuery(AbstractSession.java:1898)
	at org.eclipse.persistence.internal.sessions.AbstractSession.executeQuery(AbstractSession.java:1880)
	at org.eclipse.persistence.internal.sessions.AbstractSession.executeQuery(AbstractSession.java:1830)
	at org.eclipse.persistence.internal.sessions.CommitManager.commitNewObjectsForClassWithChangeSet(CommitManager.java:229)
	at org.eclipse.persistence.internal.sessions.CommitManager.commitAllObjectsWithChangeSet(CommitManager.java:128)
	at org.eclipse.persistence.internal.sessions.AbstractSession.writeAllObjectsWithChangeSet(AbstractSession.java:4409)
	at org.eclipse.persistence.internal.sessions.UnitOfWorkImpl.commitToDatabase(UnitOfWorkImpl.java:1503)
	at org.eclipse.persistence.internal.sessions.UnitOfWorkImpl.commitToDatabaseWithChangeSet(UnitOfWorkImpl.java:1593)
	at org.eclipse.persistence.internal.sessions.RepeatableWriteUnitOfWork.commitRootUnitOfWork(RepeatableWriteUnitOfWork.java:280)
	at org.eclipse.persistence.internal.sessions.UnitOfWorkImpl.commitAndResume(UnitOfWorkImpl.java:1230)
	at org.eclipse.persistence.internal.jpa.transaction.EntityTransactionImpl.commit(EntityTransactionImpl.java:136)
	... 70 common frames omitted
Caused by: org.postgresql.util.PSQLException: ERROR: relation "student" does not exist
  Position: 13
	at org.postgresql.core.v3.QueryExecutorImpl.receiveErrorResponse(QueryExecutorImpl.java:2676)
	at org.postgresql.core.v3.QueryExecutorImpl.processResults(QueryExecutorImpl.java:2366)
	at org.postgresql.core.v3.QueryExecutorImpl.execute(QueryExecutorImpl.java:356)
	at org.postgresql.jdbc.PgStatement.executeInternal(PgStatement.java:496)
	at org.postgresql.jdbc.PgStatement.execute(PgStatement.java:413)
	at org.postgresql.jdbc.PgPreparedStatement.executeWithFlags(PgPreparedStatement.java:190)
	at org.postgresql.jdbc.PgPreparedStatement.executeUpdate(PgPreparedStatement.java:152)
	at org.eclipse.persistence.internal.databaseaccess.DatabaseAccessor.executeDirectNoSelect(DatabaseAccessor.java:907)
	... 101 common frames omitted
]]></system-out>
  </testcase>
  <testcase name="ST06_emailShouldBeUnique" classname="sk.stuba.fei.uim.vsa.pr1.StudentTest" time="0.076"/>
</testsuite></testsuites>