<?xml version="1.0" encoding="UTF-8"?><testsuites>
<testsuite xmlns:xsi="http://www.w3.org/2001/XMLSchema-instance" xsi:noNamespaceSchemaLocation="https://maven.apache.org/surefire/maven-surefire-plugin/xsd/surefire-test-report.xsd" name="sk.stuba.fei.uim.vsa.pr1.ThesisTest" time="1.164" tests="11" errors="0" skipped="0" failures="0">
  <properties>
[...]
</properties>
  <testcase name="TH09_shouldUpdateThesis" classname="sk.stuba.fei.uim.vsa.pr1.ThesisTest" time="0.186"/>
  <testcase name="TH10_shouldDeleteThesisWithTeacher" classname="sk.stuba.fei.uim.vsa.pr1.ThesisTest" time="0.082"/>
  <testcase name="TH03_shouldSubmitThesis" classname="sk.stuba.fei.uim.vsa.pr1.ThesisTest" time="0.096"/>
  <testcase name="TH02_shouldAssignThesisToStudent" classname="sk.stuba.fei.uim.vsa.pr1.ThesisTest" time="0.086"/>
  <testcase name="TH11_shouldDeleteThesisButNotStudent" classname="sk.stuba.fei.uim.vsa.pr1.ThesisTest" time="0.082"/>
  <testcase name="TH05_shouldGetAllTheses" classname="sk.stuba.fei.uim.vsa.pr1.ThesisTest" time="0.074"/>
  <testcase name="TH04_shouldDeleteThesis" classname="sk.stuba.fei.uim.vsa.pr1.ThesisTest" time="0.072"/>
  <testcase name="TH08_shouldGetAThesis" classname="sk.stuba.fei.uim.vsa.pr1.ThesisTest" time="0.084"/>
  <testcase name="TH07_shouldGetThesisByStudent" classname="sk.stuba.fei.uim.vsa.pr1.ThesisTest" time="0.11"/>
  <testcase name="TH06_shouldGetAllThesesByTeacher" classname="sk.stuba.fei.uim.vsa.pr1.ThesisTest" time="0.07"/>
  <testcase name="TH01_shouldCreateThesisAssignment" classname="sk.stuba.fei.uim.vsa.pr1.ThesisTest" time="0.098"/>
</testsuite>
<testsuite xmlns:xsi="http://www.w3.org/2001/XMLSchema-instance" xsi:noNamespaceSchemaLocation="https://maven.apache.org/surefire/maven-surefire-plugin/xsd/surefire-test-report.xsd" name="sk.stuba.fei.uim.vsa.pr1.TeacherTest" time="0.729" tests="6" errors="0" skipped="0" failures="0">
  <properties>
[...]
</properties>
  <testcase name="TE05_shouldDeleteTeacher" classname="sk.stuba.fei.uim.vsa.pr1.TeacherTest" time="0.089"/>
  <testcase name="TE03_shouldGetAllTeachers" classname="sk.stuba.fei.uim.vsa.pr1.TeacherTest" time="0.086"/>
  <testcase name="TE02_shouldGetTeacher" classname="sk.stuba.fei.uim.vsa.pr1.TeacherTest" time="0.074"/>
  <testcase name="TE06_emailShouldBeUnique" classname="sk.stuba.fei.uim.vsa.pr1.TeacherTest" time="0.077"/>
  <testcase name="TE01_shouldCreateTeacher" classname="sk.stuba.fei.uim.vsa.pr1.TeacherTest" time="0.183"/>
  <testcase name="TE04_shouldUpdateTeacher" classname="sk.stuba.fei.uim.vsa.pr1.TeacherTest" time="0.074"/>
</testsuite>
<testsuite xmlns:xsi="http://www.w3.org/2001/XMLSchema-instance" xsi:noNamespaceSchemaLocation="https://maven.apache.org/surefire/maven-surefire-plugin/xsd/surefire-test-report.xsd" name="sk.stuba.fei.uim.vsa.pr1.SanityCheckTest" time="1.143" tests="3" errors="0" skipped="0" failures="0">
  <properties>
[...]
</properties>
  <testcase name="testValidityOfPOMFile" classname="sk.stuba.fei.uim.vsa.pr1.SanityCheckTest" time="0.018"/>
  <testcase name="testForProjectSetup" classname="sk.stuba.fei.uim.vsa.pr1.SanityCheckTest" time="0.001"/>
  <testcase name="testPersistentUnitName" classname="sk.stuba.fei.uim.vsa.pr1.SanityCheckTest" time="0.003"/>
</testsuite>
<testsuite xmlns:xsi="http://www.w3.org/2001/XMLSchema-instance" xsi:noNamespaceSchemaLocation="https://maven.apache.org/surefire/maven-surefire-plugin/xsd/surefire-test-report.xsd" name="sk.stuba.fei.uim.vsa.pr1.StudentTest" time="0.786" tests="6" errors="0" skipped="0" failures="0">
  <properties>
[...]
</properties>
  <testcase name="ST04_shouldUpdateStudent" classname="sk.stuba.fei.uim.vsa.pr1.StudentTest" time="0.148"/>
  <testcase name="ST05_shouldDeleteStudent" classname="sk.stuba.fei.uim.vsa.pr1.StudentTest" time="0.093"/>
  <testcase name="ST03_shouldGetAllStudents" classname="sk.stuba.fei.uim.vsa.pr1.StudentTest" time="0.088"/>
  <testcase name="ST01_shouldCreateStudent" classname="sk.stuba.fei.uim.vsa.pr1.StudentTest" time="0.083"/>
  <testcase name="ST02_shouldGetStudent" classname="sk.stuba.fei.uim.vsa.pr1.StudentTest" time="0.078"/>
  <testcase name="ST06_emailShouldBeUnique" classname="sk.stuba.fei.uim.vsa.pr1.StudentTest" time="0.081"/>
</testsuite></testsuites>