<?xml version="1.0" encoding="UTF-8"?><testsuites>
<testsuite xmlns:xsi="http://www.w3.org/2001/XMLSchema-instance" xsi:noNamespaceSchemaLocation="https://maven.apache.org/surefire/maven-surefire-plugin/xsd/surefire-test-report.xsd" name="sk.stuba.fei.uim.vsa.pr1.ThesisTest" time="2.571" tests="14" errors="0" skipped="0" failures="13">
  <properties>
[...]
</properties>
  <testcase name="TH09_shouldUpdateThesis" classname="sk.stuba.fei.uim.vsa.pr1.ThesisTest" time="0.24">
    <failure message="expected: not &lt;null&gt;" type="org.opentest4j.AssertionFailedError"><![CDATA[org.opentest4j.AssertionFailedError: expected: not <null>
	at sk.stuba.fei.uim.vsa.pr1.ThesisTest.TH09_shouldUpdateThesis(ThesisTest.java:515)
]]></failure>
    <system-out><![CDATA[2023-04-16 21:35:06.363  INFO --- [           main] org.reflections.Reflections              : Reflections took 19 ms to scan 2 urls, producing 8 keys and 12 values
[EL Fine]: moxy: 2023-04-16 21:35:06.368--Thread(Thread[main,5,main])--SAXParserFactory instance: com.sun.org.apache.xerces.internal.jaxp.SAXParserFactoryImpl@41394595
[EL Fine]: server: 2023-04-16 21:35:06.372--Thread(Thread[main,5,main])--Configured server platform: org.eclipse.persistence.platform.server.NoServerPlatform
[EL Config]: metadata: 2023-04-16 21:35:06.383--ServerSession(649630909)--Thread(Thread[main,5,main])--The access type for the persistent class [class sk.stuba.fei.uim.vsa.pr1.entities.Assignment] is set to [FIELD].
[EL Config]: metadata: 2023-04-16 21:35:06.385--ServerSession(649630909)--Thread(Thread[main,5,main])--The target entity (reference) class for the many to one mapping element [field teacher] is being defaulted to: class sk.stuba.fei.uim.vsa.pr1.entities.Teacher.
[EL Config]: metadata: 2023-04-16 21:35:06.386--ServerSession(649630909)--Thread(Thread[main,5,main])--The target entity (reference) class for the one to one mapping element [field student] is being defaulted to: class sk.stuba.fei.uim.vsa.pr1.entities.Student.
[EL Config]: metadata: 2023-04-16 21:35:06.39--ServerSession(649630909)--Thread(Thread[main,5,main])--The access type for the persistent class [class sk.stuba.fei.uim.vsa.pr1.entities.Teacher] is set to [FIELD].
[EL Config]: metadata: 2023-04-16 21:35:06.391--ServerSession(649630909)--Thread(Thread[main,5,main])--The target entity (reference) class for the one to many mapping element [field assignmentList] is being defaulted to: class sk.stuba.fei.uim.vsa.pr1.entities.Assignment.
[EL Config]: metadata: 2023-04-16 21:35:06.393--ServerSession(649630909)--Thread(Thread[main,5,main])--The access type for the persistent class [class sk.stuba.fei.uim.vsa.pr1.entities.Student] is set to [FIELD].
[EL Config]: metadata: 2023-04-16 21:35:06.394--ServerSession(649630909)--Thread(Thread[main,5,main])--The target entity (reference) class for the one to one mapping element [field assignment] is being defaulted to: class sk.stuba.fei.uim.vsa.pr1.entities.Assignment.
[EL Config]: metadata: 2023-04-16 21:35:06.395--ServerSession(649630909)--Thread(Thread[main,5,main])--The alias name for the entity class [class sk.stuba.fei.uim.vsa.pr1.entities.Assignment] is being defaulted to: Assignment.
[EL Config]: metadata: 2023-04-16 21:35:06.395--ServerSession(649630909)--Thread(Thread[main,5,main])--The table name for entity [class sk.stuba.fei.uim.vsa.pr1.entities.Assignment] is being defaulted to: ASSIGNMENT.
[EL Config]: metadata: 2023-04-16 21:35:06.396--ServerSession(649630909)--Thread(Thread[main,5,main])--The column name for element [nazov] is being defaulted to: NAZOV.
[EL Config]: metadata: 2023-04-16 21:35:06.397--ServerSession(649630909)--Thread(Thread[main,5,main])--The column name for element [popis] is being defaulted to: POPIS.
[EL Config]: metadata: 2023-04-16 21:35:06.397--ServerSession(649630909)--Thread(Thread[main,5,main])--The column name for element [registracneCislo] is being defaulted to: REGISTRACNECISLO.
[EL Config]: metadata: 2023-04-16 21:35:06.397--ServerSession(649630909)--Thread(Thread[main,5,main])--The column name for element [pracovisko] is being defaulted to: PRACOVISKO.
[EL Config]: metadata: 2023-04-16 21:35:06.398--ServerSession(649630909)--Thread(Thread[main,5,main])--The column name for element [odovzdaniePrace] is being defaulted to: ODOVZDANIEPRACE.
[EL Config]: metadata: 2023-04-16 21:35:06.398--ServerSession(649630909)--Thread(Thread[main,5,main])--The column name for element [typ] is being defaulted to: TYP.
[EL Config]: metadata: 2023-04-16 21:35:06.399--ServerSession(649630909)--Thread(Thread[main,5,main])--The column name for element [id] is being defaulted to: ID.
[EL Config]: metadata: 2023-04-16 21:35:06.4--ServerSession(649630909)--Thread(Thread[main,5,main])--The column name for element [datumZverejnenia] is being defaulted to: DATUMZVEREJNENIA.
[EL Config]: metadata: 2023-04-16 21:35:06.401--ServerSession(649630909)--Thread(Thread[main,5,main])--The column name for element [status] is being defaulted to: STATUS.
[EL Config]: metadata: 2023-04-16 21:35:06.401--ServerSession(649630909)--Thread(Thread[main,5,main])--The alias name for the entity class [class sk.stuba.fei.uim.vsa.pr1.entities.Teacher] is being defaulted to: Teacher.
[EL Config]: metadata: 2023-04-16 21:35:06.401--ServerSession(649630909)--Thread(Thread[main,5,main])--The table name for entity [class sk.stuba.fei.uim.vsa.pr1.entities.Teacher] is being defaulted to: TEACHER.
[EL Config]: metadata: 2023-04-16 21:35:06.402--ServerSession(649630909)--Thread(Thread[main,5,main])--The column name for element [oddelenie] is being defaulted to: ODDELENIE.
[EL Config]: metadata: 2023-04-16 21:35:06.402--ServerSession(649630909)--Thread(Thread[main,5,main])--The column name for element [meno] is being defaulted to: MENO.
[EL Config]: metadata: 2023-04-16 21:35:06.403--ServerSession(649630909)--Thread(Thread[main,5,main])--The column name for element [institut] is being defaulted to: INSTITUT.
[EL Config]: metadata: 2023-04-16 21:35:06.403--ServerSession(649630909)--Thread(Thread[main,5,main])--The column name for element [aisId] is being defaulted to: AISID.
[EL Config]: metadata: 2023-04-16 21:35:06.404--ServerSession(649630909)--Thread(Thread[main,5,main])--The column name for element [email] is being defaulted to: EMAIL.
[EL Config]: metadata: 2023-04-16 21:35:06.404--ServerSession(649630909)--Thread(Thread[main,5,main])--The alias name for the entity class [class sk.stuba.fei.uim.vsa.pr1.entities.Student] is being defaulted to: Student.
[EL Config]: metadata: 2023-04-16 21:35:06.404--ServerSession(649630909)--Thread(Thread[main,5,main])--The table name for entity [class sk.stuba.fei.uim.vsa.pr1.entities.Student] is being defaulted to: STUDENT.
[EL Config]: metadata: 2023-04-16 21:35:06.405--ServerSession(649630909)--Thread(Thread[main,5,main])--The column name for element [rocnikStudia] is being defaulted to: ROCNIKSTUDIA.
[EL Config]: metadata: 2023-04-16 21:35:06.405--ServerSession(649630909)--Thread(Thread[main,5,main])--The column name for element [semesterStudia] is being defaulted to: SEMESTERSTUDIA.
[EL Config]: metadata: 2023-04-16 21:35:06.406--ServerSession(649630909)--Thread(Thread[main,5,main])--The column name for element [meno] is being defaulted to: MENO.
[EL Config]: metadata: 2023-04-16 21:35:06.407--ServerSession(649630909)--Thread(Thread[main,5,main])--The column name for element [aisId] is being defaulted to: AISID.
[EL Config]: metadata: 2023-04-16 21:35:06.407--ServerSession(649630909)--Thread(Thread[main,5,main])--The column name for element [email] is being defaulted to: EMAIL.
[EL Config]: metadata: 2023-04-16 21:35:06.407--ServerSession(649630909)--Thread(Thread[main,5,main])--The column name for element [programStudia] is being defaulted to: PROGRAMSTUDIA.
[EL Config]: metadata: 2023-04-16 21:35:06.407--ServerSession(649630909)--Thread(Thread[main,5,main])--The primary key column name for the mapping element [field teacher] is being defaulted to: AISID.
[EL Config]: metadata: 2023-04-16 21:35:06.408--ServerSession(649630909)--Thread(Thread[main,5,main])--The foreign key column name for the mapping element [teacher] is being defaulted to: TEACHER_AISID.
[EL Config]: metadata: 2023-04-16 21:35:06.408--ServerSession(649630909)--Thread(Thread[main,5,main])--The primary key column name for the mapping element [field student] is being defaulted to: AISID.
[EL Config]: metadata: 2023-04-16 21:35:06.408--ServerSession(649630909)--Thread(Thread[main,5,main])--The foreign key column name for the mapping element [student] is being defaulted to: STUDENT_AISID.
[EL Info]: 2023-04-16 21:35:06.413--ServerSession(649630909)--Thread(Thread[main,5,main])--EclipseLink, version: Eclipse Persistence Services - 2.7.11.v20220804-52dea2a3c0
[EL Fine]: connection: 2023-04-16 21:35:06.413--ServerSession(649630909)--Connection(1731137986)--Thread(Thread[main,5,main])--connecting(DatabaseLogin(
	platform=>PostgreSQLPlatform
	user name=> "vsa"
	datasource URL=> "jdbc:postgresql://localhost:5432/vsa_pr1_patrikkaras123"
))
[EL Config]: connection: 2023-04-16 21:35:06.479--ServerSession(649630909)--Connection(695248316)--Thread(Thread[main,5,main])--Connected: jdbc:postgresql://localhost:5432/vsa_pr1_patrikkaras123
	User: vsa
	Database: PostgreSQL  Version: 15.2 (Debian 15.2-1.pgdg110+1)
	Driver: PostgreSQL JDBC Driver  Version: 42.5.4
[EL Fine]: connection: 2023-04-16 21:35:06.483--ServerSession(649630909)--Thread(Thread[main,5,main])--/file:/tested--b-vsa-ls23-projekt-1/target/classes/_vsa-project-1 login successful
[EL Fine]: sql: 2023-04-16 21:35:06.485--ServerSession(649630909)--Connection(695248316)--Thread(Thread[main,5,main])--ALTER TABLE ASSIGNMENT DROP CONSTRAINT FK_ASSIGNMENT_STUDENT_AISID
[EL Fine]: sql: 2023-04-16 21:35:06.495--ServerSession(649630909)--Connection(695248316)--Thread(Thread[main,5,main])--ALTER TABLE ASSIGNMENT DROP CONSTRAINT FK_ASSIGNMENT_TEACHER_AISID
[EL Fine]: sql: 2023-04-16 21:35:06.5--ServerSession(649630909)--Connection(695248316)--Thread(Thread[main,5,main])--DROP TABLE TEACHER CASCADE
[EL Fine]: sql: 2023-04-16 21:35:06.506--ServerSession(649630909)--Connection(695248316)--Thread(Thread[main,5,main])--DROP TABLE ASSIGNMENT CASCADE
[EL Fine]: sql: 2023-04-16 21:35:06.512--ServerSession(649630909)--Connection(695248316)--Thread(Thread[main,5,main])--DROP TABLE STUDENT CASCADE
[EL Fine]: sql: 2023-04-16 21:35:06.52--ServerSession(649630909)--Connection(695248316)--Thread(Thread[main,5,main])--DELETE FROM SEQUENCE WHERE SEQ_NAME = 'SEQ_GEN'
[EL Warning]: ddl: 2023-04-16 21:35:06.528--ServerSession(649630909)--Thread(Thread[main,5,main])--Removing UNIQUE constraint definition from [TEACHER.AISID] because it is also a primary key.
[EL Fine]: sql: 2023-04-16 21:35:06.529--ServerSession(649630909)--Connection(695248316)--Thread(Thread[main,5,main])--CREATE TABLE TEACHER (AISID BIGINT NOT NULL, EMAIL VARCHAR(255) UNIQUE, INSTITUT VARCHAR(255), MENO VARCHAR(255), ODDELENIE VARCHAR(255), PRIMARY KEY (AISID))
[EL Fine]: sql: 2023-04-16 21:35:06.56--ServerSession(649630909)--Connection(695248316)--Thread(Thread[main,5,main])--CREATE TABLE ASSIGNMENT (ID BIGINT NOT NULL, DATUMZVEREJNENIA DATE, NAZOV VARCHAR(255), ODOVZDANIEPRACE DATE, POPIS VARCHAR(255), PRACOVISKO VARCHAR(255), REGISTRACNECISLO VARCHAR(255) NOT NULL UNIQUE, STATUS VARCHAR(255), TYP VARCHAR(255), TEACHER_AISID BIGINT NOT NULL, STUDENT_AISID BIGINT, PRIMARY KEY (ID))
[EL Warning]: ddl: 2023-04-16 21:35:06.592--ServerSession(649630909)--Thread(Thread[main,5,main])--Removing UNIQUE constraint definition from [STUDENT.AISID] because it is also a primary key.
[EL Fine]: sql: 2023-04-16 21:35:06.592--ServerSession(649630909)--Connection(695248316)--Thread(Thread[main,5,main])--CREATE TABLE STUDENT (AISID BIGINT NOT NULL, EMAIL VARCHAR(255) UNIQUE, MENO VARCHAR(255), PROGRAMSTUDIA VARCHAR(255), ROCNIKSTUDIA INTEGER, SEMESTERSTUDIA INTEGER, PRIMARY KEY (AISID))
[EL Fine]: sql: 2023-04-16 21:35:06.619--ServerSession(649630909)--Connection(695248316)--Thread(Thread[main,5,main])--ALTER TABLE ASSIGNMENT ADD CONSTRAINT FK_ASSIGNMENT_STUDENT_AISID FOREIGN KEY (STUDENT_AISID) REFERENCES STUDENT (AISID)
[EL Fine]: sql: 2023-04-16 21:35:06.627--ServerSession(649630909)--Connection(695248316)--Thread(Thread[main,5,main])--ALTER TABLE ASSIGNMENT ADD CONSTRAINT FK_ASSIGNMENT_TEACHER_AISID FOREIGN KEY (TEACHER_AISID) REFERENCES TEACHER (AISID)
[EL Fine]: sql: 2023-04-16 21:35:06.635--ServerSession(649630909)--Connection(695248316)--Thread(Thread[main,5,main])--SELECT * FROM SEQUENCE WHERE SEQ_NAME = 'SEQ_GEN'
[EL Fine]: sql: 2023-04-16 21:35:06.636--ServerSession(649630909)--Connection(695248316)--Thread(Thread[main,5,main])--INSERT INTO SEQUENCE(SEQ_NAME, SEQ_COUNT) values ('SEQ_GEN', 0)
2023-04-16 21:35:06.642  INFO --- [           main] s.stuba.fei.uim.vsa.pr1.utils.TestUtils  : Thesis service class: sk.stuba.fei.uim.vsa.pr1.ThesisService
[EL Fine]: sql: 2023-04-16 21:35:06.835--ServerSession(649630909)--Connection(695248316)--Thread(Thread[main,5,main])--SELECT AISID, EMAIL, INSTITUT, MENO, ODDELENIE FROM TEACHER WHERE (EMAIL = ?)
	bind => [test.teacher@stuba.sk]
[EL Fine]: sql: 2023-04-16 21:35:06.841--ServerSession(649630909)--Connection(695248316)--Thread(Thread[main,5,main])--SELECT AISID, EMAIL, INSTITUT, MENO, ODDELENIE FROM TEACHER WHERE (AISID = ?)
	bind => [80123]
[EL Fine]: sql: 2023-04-16 21:35:06.846--ServerSession(649630909)--Connection(695248316)--Thread(Thread[main,5,main])--SELECT AISID, EMAIL, MENO, PROGRAMSTUDIA, ROCNIKSTUDIA, SEMESTERSTUDIA FROM STUDENT WHERE (EMAIL = ?)
	bind => [test.teacher@stuba.sk]
[EL Fine]: sql: 2023-04-16 21:35:06.85--ServerSession(649630909)--Connection(695248316)--Thread(Thread[main,5,main])--SELECT AISID, EMAIL, MENO, PROGRAMSTUDIA, ROCNIKSTUDIA, SEMESTERSTUDIA FROM STUDENT WHERE (AISID = ?)
	bind => [80123]
[EL Fine]: sql: 2023-04-16 21:35:06.853--ClientSession(1894144426)--Connection(695248316)--Thread(Thread[main,5,main])--INSERT INTO TEACHER (AISID, EMAIL, INSTITUT, MENO, ODDELENIE) VALUES (?, ?, ?, ?, ?)
	bind => [80123, test.teacher@stuba.sk, Software engineering, Test-Teacher, Software engineering]
[EL Fine]: sql: 2023-04-16 21:35:06.867--ClientSession(260638966)--Connection(695248316)--Thread(Thread[main,5,main])--UPDATE SEQUENCE SET SEQ_COUNT = SEQ_COUNT + ? WHERE SEQ_NAME = ?
	bind => [50, SEQ_GEN]
[EL Fine]: sql: 2023-04-16 21:35:06.87--ClientSession(260638966)--Connection(695248316)--Thread(Thread[main,5,main])--SELECT SEQ_COUNT FROM SEQUENCE WHERE SEQ_NAME = ?
	bind => [SEQ_GEN]
[EL Fine]: sql: 2023-04-16 21:35:06.879--ClientSession(260638966)--Connection(695248316)--Thread(Thread[main,5,main])--INSERT INTO ASSIGNMENT (ID, DATUMZVEREJNENIA, NAZOV, ODOVZDANIEPRACE, POPIS, PRACOVISKO, REGISTRACNECISLO, STATUS, TYP, TEACHER_AISID, STUDENT_AISID) VALUES (?, ?, ?, ?, ?, ?, ?, ?, ?, ?, ?)
	bind => [1, 2023-04-16, Excellent Simple Bachelor Thesis, 2023-07-16, Some description of the thesis, Software engineering, FEI-Test-Teacher-7e2409bb-6a20-47ff-9f2d-210b50725a8f, VOLNA, BACHELOR, 80123, null]
[EL Fine]: sql: 2023-04-16 21:35:06.889--ServerSession(649630909)--Connection(695248316)--Thread(Thread[main,5,main])--SELECT AISID, EMAIL, INSTITUT, MENO, ODDELENIE FROM TEACHER WHERE (EMAIL = ?)
	bind => [test.teacher.second@stuba.sk]
[EL Fine]: sql: 2023-04-16 21:35:06.891--ServerSession(649630909)--Connection(695248316)--Thread(Thread[main,5,main])--SELECT AISID, EMAIL, INSTITUT, MENO, ODDELENIE FROM TEACHER WHERE (AISID = ?)
	bind => [999234]
[EL Fine]: sql: 2023-04-16 21:35:06.894--ServerSession(649630909)--Connection(695248316)--Thread(Thread[main,5,main])--SELECT AISID, EMAIL, MENO, PROGRAMSTUDIA, ROCNIKSTUDIA, SEMESTERSTUDIA FROM STUDENT WHERE (EMAIL = ?)
	bind => [test.teacher.second@stuba.sk]
[EL Fine]: sql: 2023-04-16 21:35:06.896--ServerSession(649630909)--Connection(695248316)--Thread(Thread[main,5,main])--SELECT AISID, EMAIL, MENO, PROGRAMSTUDIA, ROCNIKSTUDIA, SEMESTERSTUDIA FROM STUDENT WHERE (AISID = ?)
	bind => [999234]
[EL Fine]: sql: 2023-04-16 21:35:06.9--ClientSession(504478805)--Connection(695248316)--Thread(Thread[main,5,main])--INSERT INTO TEACHER (AISID, EMAIL, INSTITUT, MENO, ODDELENIE) VALUES (?, ?, ?, ?, ?)
	bind => [999234, test.teacher.second@stuba.sk, Mathematics, Test-Teacher the Second, Mathematics]
[EL Fine]: sql: 2023-04-16 21:35:06.912--ServerSession(649630909)--Connection(695248316)--Thread(Thread[main,5,main])--SELECT ID, DATUMZVEREJNENIA, NAZOV, ODOVZDANIEPRACE, POPIS, PRACOVISKO, REGISTRACNECISLO, STATUS, TYP, TEACHER_AISID, STUDENT_AISID FROM ASSIGNMENT WHERE (REGISTRACNECISLO = ?)
	bind => [FEI-Test-Teacher-7e2409bb-6a20-47ff-9f2d-210b50725a8f]
[EL Fine]: sql: 2023-04-16 21:35:06.92--ClientSession(553879264)--Connection(695248316)--Thread(Thread[main,5,main])--UPDATE ASSIGNMENT SET TEACHER_AISID = ? WHERE (ID = ?)
	bind => [999234, 1]
[EL Fine]: sql: 2023-04-16 21:35:06.923--ClientSession(553879264)--Connection(695248316)--Thread(Thread[main,5,main])--DELETE FROM ASSIGNMENT WHERE (ID = ?)
	bind => [1]
[EL Fine]: sql: 2023-04-16 21:35:06.932--ServerSession(649630909)--Connection(695248316)--Thread(Thread[main,5,main])--SELECT ID, DATUMZVEREJNENIA, NAZOV, ODOVZDANIEPRACE, POPIS, PRACOVISKO, REGISTRACNECISLO, STATUS, TYP, TEACHER_AISID, STUDENT_AISID FROM ASSIGNMENT WHERE (ID = ?)
	bind => [1]
]]></system-out>
  </testcase>
  <testcase name="TH03_shouldSubmitThesis" classname="sk.stuba.fei.uim.vsa.pr1.ThesisTest" time="0.141">
    <failure message="expected: not &lt;null&gt;" type="org.opentest4j.AssertionFailedError"><![CDATA[org.opentest4j.AssertionFailedError: expected: not <null>
	at sk.stuba.fei.uim.vsa.pr1.ThesisTest.TH03_shouldSubmitThesis(ThesisTest.java:306)
]]></failure>
    <system-out><![CDATA[[EL Fine]: sql: 2023-04-16 21:35:07.072--ServerSession(649630909)--Connection(695248316)--Thread(Thread[main,5,main])--SELECT AISID, EMAIL, INSTITUT, MENO, ODDELENIE FROM TEACHER WHERE (EMAIL = ?)
	bind => [test.teacher@stuba.sk]
]]></system-out>
  </testcase>
  <testcase name="TH01_1_shouldNOTCreateThesisWithoutTeacher" classname="sk.stuba.fei.uim.vsa.pr1.ThesisTest" time="0.144"/>
  <testcase name="TH02_shouldAssignThesisToStudent" classname="sk.stuba.fei.uim.vsa.pr1.ThesisTest" time="0.137">
    <failure message="expected: not &lt;null&gt;" type="org.opentest4j.AssertionFailedError"><![CDATA[org.opentest4j.AssertionFailedError: expected: not <null>
	at sk.stuba.fei.uim.vsa.pr1.ThesisTest.TH02_shouldAssignThesisToStudent(ThesisTest.java:127)
]]></failure>
    <system-out><![CDATA[[EL Fine]: sql: 2023-04-16 21:35:07.354--ServerSession(649630909)--Connection(695248316)--Thread(Thread[main,5,main])--SELECT AISID, EMAIL, INSTITUT, MENO, ODDELENIE FROM TEACHER WHERE (EMAIL = ?)
	bind => [test.teacher@stuba.sk]
]]></system-out>
  </testcase>
  <testcase name="TH11_shouldDeleteThesisButNotStudent" classname="sk.stuba.fei.uim.vsa.pr1.ThesisTest" time="0.161">
    <failure message="expected: not &lt;null&gt;" type="org.opentest4j.AssertionFailedError"><![CDATA[org.opentest4j.AssertionFailedError: expected: not <null>
	at sk.stuba.fei.uim.vsa.pr1.ThesisTest.TH11_shouldDeleteThesisButNotStudent(ThesisTest.java:554)
]]></failure>
    <system-out><![CDATA[[EL Fine]: sql: 2023-04-16 21:35:07.516--ServerSession(649630909)--Connection(695248316)--Thread(Thread[main,5,main])--SELECT AISID, EMAIL, INSTITUT, MENO, ODDELENIE FROM TEACHER WHERE (EMAIL = ?)
	bind => [test.teacher@stuba.sk]
]]></system-out>
  </testcase>
  <testcase name="TH02_1_shouldAssignThesisToStudentWithAlreadyAssignedThesis" classname="sk.stuba.fei.uim.vsa.pr1.ThesisTest" time="0.153">
    <failure message="expected: not &lt;null&gt;" type="org.opentest4j.AssertionFailedError"><![CDATA[org.opentest4j.AssertionFailedError: expected: not <null>
	at sk.stuba.fei.uim.vsa.pr1.ThesisTest.TH02_1_shouldAssignThesisToStudentWithAlreadyAssignedThesis(ThesisTest.java:167)
]]></failure>
    <system-out><![CDATA[[EL Fine]: sql: 2023-04-16 21:35:07.669--ServerSession(649630909)--Connection(695248316)--Thread(Thread[main,5,main])--SELECT AISID, EMAIL, INSTITUT, MENO, ODDELENIE FROM TEACHER WHERE (EMAIL = ?)
	bind => [test.teacher@stuba.sk]
]]></system-out>
  </testcase>
  <testcase name="TH05_shouldGetAllTheses" classname="sk.stuba.fei.uim.vsa.pr1.ThesisTest" time="0.187">
    <failure message="expected: not &lt;null&gt;" type="org.opentest4j.AssertionFailedError"><![CDATA[org.opentest4j.AssertionFailedError: expected: not <null>
	at sk.stuba.fei.uim.vsa.pr1.ThesisTest.TH05_shouldGetAllTheses(ThesisTest.java:369)
]]></failure>
    <system-out><![CDATA[[EL Fine]: sql: 2023-04-16 21:35:07.861--ServerSession(649630909)--Connection(695248316)--Thread(Thread[main,5,main])--SELECT AISID, EMAIL, INSTITUT, MENO, ODDELENIE FROM TEACHER WHERE (EMAIL = ?)
	bind => [test.teacher@stuba.sk]
]]></system-out>
  </testcase>
  <testcase name="TH10_shouldDeleteTeacherWithThesis" classname="sk.stuba.fei.uim.vsa.pr1.ThesisTest" time="0.15">
    <failure message="expected: not &lt;null&gt;" type="org.opentest4j.AssertionFailedError"><![CDATA[org.opentest4j.AssertionFailedError: expected: not <null>
	at sk.stuba.fei.uim.vsa.pr1.ThesisTest.TH10_shouldDeleteTeacherWithThesis(ThesisTest.java:527)
]]></failure>
    <system-out><![CDATA[[EL Fine]: sql: 2023-04-16 21:35:08.013--ServerSession(649630909)--Connection(695248316)--Thread(Thread[main,5,main])--SELECT AISID, EMAIL, INSTITUT, MENO, ODDELENIE FROM TEACHER WHERE (EMAIL = ?)
	bind => [test.teacher@stuba.sk]
]]></system-out>
  </testcase>
  <testcase name="TH08_shouldGetAThesis" classname="sk.stuba.fei.uim.vsa.pr1.ThesisTest" time="0.154">
    <failure message="expected: not &lt;null&gt;" type="org.opentest4j.AssertionFailedError"><![CDATA[org.opentest4j.AssertionFailedError: expected: not <null>
	at sk.stuba.fei.uim.vsa.pr1.ThesisTest.TH08_shouldGetAThesis(ThesisTest.java:466)
]]></failure>
    <system-out><![CDATA[[EL Fine]: sql: 2023-04-16 21:35:08.174--ServerSession(649630909)--Connection(695248316)--Thread(Thread[main,5,main])--SELECT AISID, EMAIL, INSTITUT, MENO, ODDELENIE FROM TEACHER WHERE (EMAIL = ?)
	bind => [test.teacher@stuba.sk]
]]></system-out>
  </testcase>
  <testcase name="TH04_shouldDeleteThesisButNotTeacher" classname="sk.stuba.fei.uim.vsa.pr1.ThesisTest" time="0.15">
    <failure message="expected: not &lt;null&gt;" type="org.opentest4j.AssertionFailedError"><![CDATA[org.opentest4j.AssertionFailedError: expected: not <null>
	at sk.stuba.fei.uim.vsa.pr1.ThesisTest.TH04_shouldDeleteThesisButNotTeacher(ThesisTest.java:342)
]]></failure>
    <system-out><![CDATA[[EL Fine]: sql: 2023-04-16 21:35:08.322--ServerSession(649630909)--Connection(695248316)--Thread(Thread[main,5,main])--SELECT AISID, EMAIL, INSTITUT, MENO, ODDELENIE FROM TEACHER WHERE (EMAIL = ?)
	bind => [test.teacher@stuba.sk]
]]></system-out>
  </testcase>
  <testcase name="TH07_shouldGetThesisByStudent" classname="sk.stuba.fei.uim.vsa.pr1.ThesisTest" time="0.165">
    <failure message="expected: not &lt;null&gt;" type="org.opentest4j.AssertionFailedError"><![CDATA[org.opentest4j.AssertionFailedError: expected: not <null>
	at sk.stuba.fei.uim.vsa.pr1.ThesisTest.TH07_shouldGetThesisByStudent(ThesisTest.java:427)
]]></failure>
    <system-out><![CDATA[[EL Fine]: sql: 2023-04-16 21:35:08.489--ServerSession(649630909)--Connection(695248316)--Thread(Thread[main,5,main])--SELECT AISID, EMAIL, INSTITUT, MENO, ODDELENIE FROM TEACHER WHERE (EMAIL = ?)
	bind => [test.teacher@stuba.sk]
]]></system-out>
  </testcase>
  <testcase name="TH02_2_shouldNOTAssignAlreadyAssignedThesis" classname="sk.stuba.fei.uim.vsa.pr1.ThesisTest" time="0.143">
    <failure message="expected: not &lt;null&gt;" type="org.opentest4j.AssertionFailedError"><![CDATA[org.opentest4j.AssertionFailedError: expected: not <null>
	at sk.stuba.fei.uim.vsa.pr1.ThesisTest.TH02_2_shouldNOTAssignAlreadyAssignedThesis(ThesisTest.java:232)
]]></failure>
    <system-out><![CDATA[[EL Fine]: sql: 2023-04-16 21:35:08.635--ServerSession(649630909)--Connection(695248316)--Thread(Thread[main,5,main])--SELECT AISID, EMAIL, INSTITUT, MENO, ODDELENIE FROM TEACHER WHERE (EMAIL = ?)
	bind => [test.teacher@stuba.sk]
]]></system-out>
  </testcase>
  <testcase name="TH06_shouldGetAllThesesByTeacher" classname="sk.stuba.fei.uim.vsa.pr1.ThesisTest" time="0.138">
    <failure message="expected: not &lt;null&gt;" type="org.opentest4j.AssertionFailedError"><![CDATA[org.opentest4j.AssertionFailedError: expected: not <null>
	at sk.stuba.fei.uim.vsa.pr1.ThesisTest.TH06_shouldGetAllThesesByTeacher(ThesisTest.java:393)
]]></failure>
    <system-out><![CDATA[[EL Fine]: sql: 2023-04-16 21:35:08.772--ServerSession(649630909)--Connection(695248316)--Thread(Thread[main,5,main])--SELECT AISID, EMAIL, INSTITUT, MENO, ODDELENIE FROM TEACHER WHERE (EMAIL = ?)
	bind => [test.teacher@stuba.sk]
]]></system-out>
  </testcase>
  <testcase name="TH01_shouldCreateThesisAssignment" classname="sk.stuba.fei.uim.vsa.pr1.ThesisTest" time="0.135">
    <failure message="expected: not &lt;null&gt;" type="org.opentest4j.AssertionFailedError"><![CDATA[org.opentest4j.AssertionFailedError: expected: not <null>
	at sk.stuba.fei.uim.vsa.pr1.ThesisTest.TH01_shouldCreateThesisAssignment(ThesisTest.java:72)
]]></failure>
    <system-out><![CDATA[[EL Fine]: sql: 2023-04-16 21:35:08.91--ServerSession(649630909)--Connection(695248316)--Thread(Thread[main,5,main])--SELECT AISID, EMAIL, INSTITUT, MENO, ODDELENIE FROM TEACHER WHERE (EMAIL = ?)
	bind => [test.teacher@stuba.sk]
]]></system-out>
  </testcase>
</testsuite>
<testsuite xmlns:xsi="http://www.w3.org/2001/XMLSchema-instance" xsi:noNamespaceSchemaLocation="https://maven.apache.org/surefire/maven-surefire-plugin/xsd/surefire-test-report.xsd" name="sk.stuba.fei.uim.vsa.pr1.TeacherTest" time="1.295" tests="6" errors="0" skipped="0" failures="4">
  <properties>
[...]
</properties>
  <testcase name="TE05_shouldDeleteTeacher" classname="sk.stuba.fei.uim.vsa.pr1.TeacherTest" time="0.189"/>
  <testcase name="TE03_shouldGetAllTeachers" classname="sk.stuba.fei.uim.vsa.pr1.TeacherTest" time="0.209"/>
  <testcase name="TE02_shouldGetTeacher" classname="sk.stuba.fei.uim.vsa.pr1.TeacherTest" time="0.143">
    <failure message="expected: not &lt;null&gt;" type="org.opentest4j.AssertionFailedError"><![CDATA[org.opentest4j.AssertionFailedError: expected: not <null>
	at sk.stuba.fei.uim.vsa.pr1.TeacherTest.TE02_shouldGetTeacher(TeacherTest.java:73)
]]></failure>
    <system-out><![CDATA[[EL Fine]: sql: 2023-04-16 21:35:05.912--ServerSession(1746257394)--Connection(1888639813)--Thread(Thread[main,5,main])--SELECT AISID, EMAIL, INSTITUT, MENO, ODDELENIE FROM TEACHER WHERE (EMAIL = ?)
	bind => [test.teacher@stuba.sk]
]]></system-out>
  </testcase>
  <testcase name="TE06_emailShouldBeUnique" classname="sk.stuba.fei.uim.vsa.pr1.TeacherTest" time="0.149">
    <failure message="expected: not &lt;null&gt;" type="org.opentest4j.AssertionFailedError"><![CDATA[org.opentest4j.AssertionFailedError: expected: not <null>
	at sk.stuba.fei.uim.vsa.pr1.TeacherTest.TE06_emailShouldBeUnique(TeacherTest.java:173)
]]></failure>
    <system-out><![CDATA[[EL Fine]: sql: 2023-04-16 21:35:06.064--ServerSession(1746257394)--Connection(1888639813)--Thread(Thread[main,5,main])--SELECT AISID, EMAIL, INSTITUT, MENO, ODDELENIE FROM TEACHER WHERE (EMAIL = ?)
	bind => [test.teacher@stuba.sk]
]]></system-out>
  </testcase>
  <testcase name="TE01_shouldCreateTeacher" classname="sk.stuba.fei.uim.vsa.pr1.TeacherTest" time="0.128">
    <failure message="expected: not &lt;null&gt;" type="org.opentest4j.AssertionFailedError"><![CDATA[org.opentest4j.AssertionFailedError: expected: not <null>
	at sk.stuba.fei.uim.vsa.pr1.TeacherTest.TE01_shouldCreateTeacher(TeacherTest.java:61)
]]></failure>
    <system-out><![CDATA[[EL Fine]: sql: 2023-04-16 21:35:06.191--ServerSession(1746257394)--Connection(1888639813)--Thread(Thread[main,5,main])--SELECT AISID, EMAIL, INSTITUT, MENO, ODDELENIE FROM TEACHER WHERE (EMAIL = ?)
	bind => [test.teacher@stuba.sk]
]]></system-out>
  </testcase>
  <testcase name="TE04_shouldUpdateTeacher" classname="sk.stuba.fei.uim.vsa.pr1.TeacherTest" time="0.137">
    <failure message="expected: not &lt;null&gt;" type="org.opentest4j.AssertionFailedError"><![CDATA[org.opentest4j.AssertionFailedError: expected: not <null>
	at sk.stuba.fei.uim.vsa.pr1.TeacherTest.TE04_shouldUpdateTeacher(TeacherTest.java:127)
]]></failure>
    <system-out><![CDATA[[EL Fine]: sql: 2023-04-16 21:35:06.33--ServerSession(1746257394)--Connection(1888639813)--Thread(Thread[main,5,main])--SELECT AISID, EMAIL, INSTITUT, MENO, ODDELENIE FROM TEACHER WHERE (EMAIL = ?)
	bind => [test.teacher@stuba.sk]
]]></system-out>
  </testcase>
</testsuite>
<testsuite xmlns:xsi="http://www.w3.org/2001/XMLSchema-instance" xsi:noNamespaceSchemaLocation="https://maven.apache.org/surefire/maven-surefire-plugin/xsd/surefire-test-report.xsd" name="sk.stuba.fei.uim.vsa.pr1.SanityCheckTest" time="2.052" tests="3" errors="0" skipped="0" failures="0">
  <properties>
[...]
</properties>
  <testcase name="testValidityOfPOMFile" classname="sk.stuba.fei.uim.vsa.pr1.SanityCheckTest" time="0.043"/>
  <testcase name="testForProjectSetup" classname="sk.stuba.fei.uim.vsa.pr1.SanityCheckTest" time="0"/>
  <testcase name="testPersistentUnitName" classname="sk.stuba.fei.uim.vsa.pr1.SanityCheckTest" time="0.004"/>
</testsuite>
<testsuite xmlns:xsi="http://www.w3.org/2001/XMLSchema-instance" xsi:noNamespaceSchemaLocation="https://maven.apache.org/surefire/maven-surefire-plugin/xsd/surefire-test-report.xsd" name="sk.stuba.fei.uim.vsa.pr1.StudentTest" time="1.396" tests="6" errors="0" skipped="0" failures="5">
  <properties>
[...]
</properties>
  <testcase name="ST04_shouldUpdateStudent" classname="sk.stuba.fei.uim.vsa.pr1.StudentTest" time="0.474"/>
  <testcase name="ST05_shouldDeleteStudent" classname="sk.stuba.fei.uim.vsa.pr1.StudentTest" time="0.107">
    <failure message="expected: not &lt;null&gt;" type="org.opentest4j.AssertionFailedError"><![CDATA[org.opentest4j.AssertionFailedError: expected: not <null>
	at sk.stuba.fei.uim.vsa.pr1.StudentTest.ST05_shouldDeleteStudent(StudentTest.java:156)
]]></failure>
    <system-out><![CDATA[[EL Fine]: sql: 2023-04-16 21:35:04.528--ServerSession(1800649922)--Connection(264978436)--Thread(Thread[main,5,main])--SELECT AISID, EMAIL, MENO, PROGRAMSTUDIA, ROCNIKSTUDIA, SEMESTERSTUDIA FROM STUDENT WHERE (EMAIL = ?)
	bind => [xtest@stuba.sk]
]]></system-out>
  </testcase>
  <testcase name="ST03_shouldGetAllStudents" classname="sk.stuba.fei.uim.vsa.pr1.StudentTest" time="0.111">
    <failure message="expected: not &lt;null&gt;" type="org.opentest4j.AssertionFailedError"><![CDATA[org.opentest4j.AssertionFailedError: expected: not <null>
	at sk.stuba.fei.uim.vsa.pr1.StudentTest.ST03_shouldGetAllStudents(StudentTest.java:90)
]]></failure>
    <system-out><![CDATA[[EL Fine]: sql: 2023-04-16 21:35:04.644--ServerSession(1800649922)--Connection(264978436)--Thread(Thread[main,5,main])--SELECT AISID, EMAIL, MENO, PROGRAMSTUDIA, ROCNIKSTUDIA, SEMESTERSTUDIA FROM STUDENT WHERE (EMAIL = ?)
	bind => [xtest@stuba.sk]
]]></system-out>
  </testcase>
  <testcase name="ST01_shouldCreateStudent" classname="sk.stuba.fei.uim.vsa.pr1.StudentTest" time="0.118">
    <failure message="expected: not &lt;null&gt;" type="org.opentest4j.AssertionFailedError"><![CDATA[org.opentest4j.AssertionFailedError: expected: not <null>
	at sk.stuba.fei.uim.vsa.pr1.StudentTest.ST01_shouldCreateStudent(StudentTest.java:61)
]]></failure>
    <system-out><![CDATA[[EL Fine]: sql: 2023-04-16 21:35:04.765--ServerSession(1800649922)--Connection(264978436)--Thread(Thread[main,5,main])--SELECT AISID, EMAIL, MENO, PROGRAMSTUDIA, ROCNIKSTUDIA, SEMESTERSTUDIA FROM STUDENT WHERE (EMAIL = ?)
	bind => [xtest@stuba.sk]
]]></system-out>
  </testcase>
  <testcase name="ST02_shouldGetStudent" classname="sk.stuba.fei.uim.vsa.pr1.StudentTest" time="0.126">
    <failure message="expected: not &lt;null&gt;" type="org.opentest4j.AssertionFailedError"><![CDATA[org.opentest4j.AssertionFailedError: expected: not <null>
	at sk.stuba.fei.uim.vsa.pr1.StudentTest.ST02_shouldGetStudent(StudentTest.java:73)
]]></failure>
    <system-out><![CDATA[[EL Fine]: sql: 2023-04-16 21:35:04.893--ServerSession(1800649922)--Connection(264978436)--Thread(Thread[main,5,main])--SELECT AISID, EMAIL, MENO, PROGRAMSTUDIA, ROCNIKSTUDIA, SEMESTERSTUDIA FROM STUDENT WHERE (EMAIL = ?)
	bind => [xtest@stuba.sk]
]]></system-out>
  </testcase>
  <testcase name="ST06_emailShouldBeUnique" classname="sk.stuba.fei.uim.vsa.pr1.StudentTest" time="0.127">
    <failure message="expected: not &lt;null&gt;" type="org.opentest4j.AssertionFailedError"><![CDATA[org.opentest4j.AssertionFailedError: expected: not <null>
	at sk.stuba.fei.uim.vsa.pr1.StudentTest.ST06_emailShouldBeUnique(StudentTest.java:173)
]]></failure>
    <system-out><![CDATA[[EL Fine]: sql: 2023-04-16 21:35:05.019--ServerSession(1800649922)--Connection(264978436)--Thread(Thread[main,5,main])--SELECT AISID, EMAIL, MENO, PROGRAMSTUDIA, ROCNIKSTUDIA, SEMESTERSTUDIA FROM STUDENT WHERE (EMAIL = ?)
	bind => [xtest@stuba.sk]
]]></system-out>
  </testcase>
</testsuite></testsuites>