<?xml version="1.0" encoding="UTF-8"?><testsuites>
<testsuite xmlns:xsi="http://www.w3.org/2001/XMLSchema-instance" xsi:noNamespaceSchemaLocation="https://maven.apache.org/surefire/maven-surefire-plugin/xsd/surefire-test-report.xsd" name="sk.stuba.fei.uim.vsa.pr1.ThesisTest" time="0.033" tests="1" errors="0" skipped="0" failures="1">
  <properties>
[...]
</properties>
  <testcase name="sk.stuba.fei.uim.vsa.pr1.ThesisTest" classname="sk.stuba.fei.uim.vsa.pr1.ThesisTest" time="0.032">
    <failure message="expected: not &lt;null&gt;" type="org.opentest4j.AssertionFailedError"><![CDATA[org.opentest4j.AssertionFailedError: expected: not <null>
	at sk.stuba.fei.uim.vsa.pr1.ThesisTest.setup(ThesisTest.java:40)
]]></failure>
    <system-out><![CDATA[2023-04-10 23:03:19.452  INFO --- [           main] org.reflections.Reflections              : Reflections took 10 ms to scan 2 urls, producing 11 keys and 19 values
[EL Fine]: moxy: 2023-04-10 23:03:19.454--Thread(Thread[main,5,main])--SAXParserFactory instance: com.sun.org.apache.xerces.internal.jaxp.SAXParserFactoryImpl@7357a011
[EL Fine]: server: 2023-04-10 23:03:19.456--Thread(Thread[main,5,main])--Configured server platform: org.eclipse.persistence.platform.server.NoServerPlatform
[EL Config]: metadata: 2023-04-10 23:03:19.459--ServerSession(1320105604)--Thread(Thread[main,5,main])--The access type for the persistent class [class sk.stuba.fei.uim.vsa.pr1.solution.Teacher] is set to [FIELD].
[EL Config]: metadata: 2023-04-10 23:03:19.46--ServerSession(1320105604)--Thread(Thread[main,5,main])--The target entity (reference) class for the one to many mapping element [field supervisedTheses] is being defaulted to: class sk.stuba.fei.uim.vsa.pr1.solution.Thesis.
[EL Config]: metadata: 2023-04-10 23:03:19.462--ServerSession(1320105604)--Thread(Thread[main,5,main])--The access type for the persistent class [class sk.stuba.fei.uim.vsa.pr1.solution.Thesis] is set to [FIELD].
[EL Config]: metadata: 2023-04-10 23:03:19.462--ServerSession(1320105604)--Thread(Thread[main,5,main])--The target entity (reference) class for the one to one mapping element [field author] is being defaulted to: class sk.stuba.fei.uim.vsa.pr1.solution.Student.
[EL Config]: metadata: 2023-04-10 23:03:19.463--ServerSession(1320105604)--Thread(Thread[main,5,main])--The target entity (reference) class for the many to one mapping element [field supervisor] is being defaulted to: class sk.stuba.fei.uim.vsa.pr1.solution.Teacher.
[EL Config]: metadata: 2023-04-10 23:03:19.463--ServerSession(1320105604)--Thread(Thread[main,5,main])--The access type for the persistent class [class sk.stuba.fei.uim.vsa.pr1.solution.Student] is set to [FIELD].
[EL Config]: metadata: 2023-04-10 23:03:19.464--ServerSession(1320105604)--Thread(Thread[main,5,main])--The target entity (reference) class for the one to one mapping element [field thesis] is being defaulted to: class sk.stuba.fei.uim.vsa.pr1.solution.Thesis.
[EL Config]: metadata: 2023-04-10 23:03:19.465--ServerSession(1320105604)--Thread(Thread[main,5,main])--The alias name for the entity class [class sk.stuba.fei.uim.vsa.pr1.solution.Teacher] is being defaulted to: Teacher.
[EL Config]: metadata: 2023-04-10 23:03:19.465--ServerSession(1320105604)--Thread(Thread[main,5,main])--The column name for element [name] is being defaulted to: NAME.
[EL Config]: metadata: 2023-04-10 23:03:19.466--ServerSession(1320105604)--Thread(Thread[main,5,main])--The column name for element [institute] is being defaulted to: INSTITUTE.
[EL Config]: metadata: 2023-04-10 23:03:19.466--ServerSession(1320105604)--Thread(Thread[main,5,main])--The column name for element [department] is being defaulted to: DEPARTMENT.
[EL Config]: metadata: 2023-04-10 23:03:19.467--ServerSession(1320105604)--Thread(Thread[main,5,main])--The column name for element [aisId] is being defaulted to: AISID.
[EL Config]: metadata: 2023-04-10 23:03:19.467--ServerSession(1320105604)--Thread(Thread[main,5,main])--The column name for element [email] is being defaulted to: EMAIL.
[EL Config]: metadata: 2023-04-10 23:03:19.468--ServerSession(1320105604)--Thread(Thread[main,5,main])--The alias name for the entity class [class sk.stuba.fei.uim.vsa.pr1.solution.Thesis] is being defaulted to: Thesis.
[EL Config]: metadata: 2023-04-10 23:03:19.468--ServerSession(1320105604)--Thread(Thread[main,5,main])--The column name for element [registrationNumber] is being defaulted to: REGISTRATIONNUMBER.
[EL Config]: metadata: 2023-04-10 23:03:19.468--ServerSession(1320105604)--Thread(Thread[main,5,main])--The column name for element [description] is being defaulted to: DESCRIPTION.
[EL Config]: metadata: 2023-04-10 23:03:19.469--ServerSession(1320105604)--Thread(Thread[main,5,main])--The column name for element [publishedOn] is being defaulted to: PUBLISHEDON.
[EL Config]: metadata: 2023-04-10 23:03:19.469--ServerSession(1320105604)--Thread(Thread[main,5,main])--The column name for element [id] is being defaulted to: ID.
[EL Config]: metadata: 2023-04-10 23:03:19.469--ServerSession(1320105604)--Thread(Thread[main,5,main])--The column name for element [title] is being defaulted to: TITLE.
[EL Config]: metadata: 2023-04-10 23:03:19.469--ServerSession(1320105604)--Thread(Thread[main,5,main])--The column name for element [type] is being defaulted to: TYPE.
[EL Config]: metadata: 2023-04-10 23:03:19.47--ServerSession(1320105604)--Thread(Thread[main,5,main])--The column name for element [department] is being defaulted to: DEPARTMENT.
[EL Config]: metadata: 2023-04-10 23:03:19.47--ServerSession(1320105604)--Thread(Thread[main,5,main])--The column name for element [deadline] is being defaulted to: DEADLINE.
[EL Config]: metadata: 2023-04-10 23:03:19.471--ServerSession(1320105604)--Thread(Thread[main,5,main])--The column name for element [status] is being defaulted to: STATUS.
[EL Config]: metadata: 2023-04-10 23:03:19.471--ServerSession(1320105604)--Thread(Thread[main,5,main])--The alias name for the entity class [class sk.stuba.fei.uim.vsa.pr1.solution.Student] is being defaulted to: Student.
[EL Config]: metadata: 2023-04-10 23:03:19.471--ServerSession(1320105604)--Thread(Thread[main,5,main])--The column name for element [studyProgramme] is being defaulted to: STUDYPROGRAMME.
[EL Config]: metadata: 2023-04-10 23:03:19.473--ServerSession(1320105604)--Thread(Thread[main,5,main])--The column name for element [year] is being defaulted to: YEAR.
[EL Config]: metadata: 2023-04-10 23:03:19.473--ServerSession(1320105604)--Thread(Thread[main,5,main])--The column name for element [name] is being defaulted to: NAME.
[EL Config]: metadata: 2023-04-10 23:03:19.473--ServerSession(1320105604)--Thread(Thread[main,5,main])--The column name for element [term] is being defaulted to: TERM.
[EL Config]: metadata: 2023-04-10 23:03:19.473--ServerSession(1320105604)--Thread(Thread[main,5,main])--The column name for element [aisId] is being defaulted to: AISID.
[EL Config]: metadata: 2023-04-10 23:03:19.474--ServerSession(1320105604)--Thread(Thread[main,5,main])--The column name for element [email] is being defaulted to: EMAIL.
[EL Config]: metadata: 2023-04-10 23:03:19.474--ServerSession(1320105604)--Thread(Thread[main,5,main])--The primary key column name for the mapping element [field author] is being defaulted to: AISID.
[EL Config]: metadata: 2023-04-10 23:03:19.474--ServerSession(1320105604)--Thread(Thread[main,5,main])--The foreign key column name for the mapping element [author] is being defaulted to: AUTHOR_AISID.
2023-04-10 23:03:19.474 ERROR --- [           main] s.stuba.fei.uim.vsa.pr1.utils.TestUtils  : null
java.lang.reflect.InvocationTargetException: null
	at sun.reflect.NativeConstructorAccessorImpl.newInstance0(Native Method)
	at sun.reflect.NativeConstructorAccessorImpl.newInstance(NativeConstructorAccessorImpl.java:62)
	at sun.reflect.DelegatingConstructorAccessorImpl.newInstance(DelegatingConstructorAccessorImpl.java:45)
	at java.lang.reflect.Constructor.newInstance(Constructor.java:423)
	at sk.stuba.fei.uim.vsa.pr1.utils.TestUtils.lambda$getServiceClass$9(TestUtils.java:199)
	at java.util.stream.ReferencePipeline$3$1.accept(ReferencePipeline.java:193)
	at java.util.Spliterators$IteratorSpliterator.tryAdvance(Spliterators.java:1812)
	at java.util.stream.ReferencePipeline.forEachWithCancel(ReferencePipeline.java:126)
	at java.util.stream.AbstractPipeline.copyIntoWithCancel(AbstractPipeline.java:499)
	at java.util.stream.AbstractPipeline.copyInto(AbstractPipeline.java:486)
	at java.util.stream.AbstractPipeline.wrapAndCopyInto(AbstractPipeline.java:472)
	at java.util.stream.FindOps$FindOp.evaluateSequential(FindOps.java:152)
	at java.util.stream.AbstractPipeline.evaluate(AbstractPipeline.java:234)
	at java.util.stream.ReferencePipeline.findFirst(ReferencePipeline.java:531)
	at sk.stuba.fei.uim.vsa.pr1.utils.TestUtils.getServiceClass(TestUtils.java:207)
	at sk.stuba.fei.uim.vsa.pr1.ThesisTest.setup(ThesisTest.java:40)
	at sun.reflect.NativeMethodAccessorImpl.invoke0(Native Method)
	at sun.reflect.NativeMethodAccessorImpl.invoke(NativeMethodAccessorImpl.java:62)
	at sun.reflect.DelegatingMethodAccessorImpl.invoke(DelegatingMethodAccessorImpl.java:43)
	at java.lang.reflect.Method.invoke(Method.java:498)
	at org.junit.platform.commons.util.ReflectionUtils.invokeMethod(ReflectionUtils.java:725)
	at org.junit.jupiter.engine.execution.MethodInvocation.proceed(MethodInvocation.java:60)
	at org.junit.jupiter.engine.execution.InvocationInterceptorChain$ValidatingInvocation.proceed(InvocationInterceptorChain.java:131)
	at org.junit.jupiter.engine.extension.TimeoutExtension.intercept(TimeoutExtension.java:149)
	at org.junit.jupiter.engine.extension.TimeoutExtension.interceptLifecycleMethod(TimeoutExtension.java:126)
	at org.junit.jupiter.engine.extension.TimeoutExtension.interceptBeforeAllMethod(TimeoutExtension.java:68)
	at org.junit.jupiter.engine.execution.ExecutableInvoker$ReflectiveInterceptorCall.lambda$ofVoidMethod$0(ExecutableInvoker.java:115)
	at org.junit.jupiter.engine.execution.ExecutableInvoker.lambda$invoke$0(ExecutableInvoker.java:105)
	at org.junit.jupiter.engine.execution.InvocationInterceptorChain$InterceptedInvocation.proceed(InvocationInterceptorChain.java:106)
	at org.junit.jupiter.engine.execution.InvocationInterceptorChain.proceed(InvocationInterceptorChain.java:64)
	at org.junit.jupiter.engine.execution.InvocationInterceptorChain.chainAndInvoke(InvocationInterceptorChain.java:45)
	at org.junit.jupiter.engine.execution.InvocationInterceptorChain.invoke(InvocationInterceptorChain.java:37)
	at org.junit.jupiter.engine.execution.ExecutableInvoker.invoke(ExecutableInvoker.java:104)
	at org.junit.jupiter.engine.execution.ExecutableInvoker.invoke(ExecutableInvoker.java:98)
	at org.junit.jupiter.engine.descriptor.ClassBasedTestDescriptor.lambda$invokeBeforeAllMethods$11(ClassBasedTestDescriptor.java:397)
	at org.junit.platform.engine.support.hierarchical.ThrowableCollector.execute(ThrowableCollector.java:73)
	at org.junit.jupiter.engine.descriptor.ClassBasedTestDescriptor.invokeBeforeAllMethods(ClassBasedTestDescriptor.java:395)
	at org.junit.jupiter.engine.descriptor.ClassBasedTestDescriptor.before(ClassBasedTestDescriptor.java:209)
	at org.junit.jupiter.engine.descriptor.ClassBasedTestDescriptor.before(ClassBasedTestDescriptor.java:80)
	at org.junit.platform.engine.support.hierarchical.NodeTestTask.lambda$executeRecursively$6(NodeTestTask.java:148)
	at org.junit.platform.engine.support.hierarchical.ThrowableCollector.execute(ThrowableCollector.java:73)
	at org.junit.platform.engine.support.hierarchical.NodeTestTask.lambda$executeRecursively$8(NodeTestTask.java:141)
	at org.junit.platform.engine.support.hierarchical.Node.around(Node.java:137)
	at org.junit.platform.engine.support.hierarchical.NodeTestTask.lambda$executeRecursively$9(NodeTestTask.java:139)
	at org.junit.platform.engine.support.hierarchical.ThrowableCollector.execute(ThrowableCollector.java:73)
	at org.junit.platform.engine.support.hierarchical.NodeTestTask.executeRecursively(NodeTestTask.java:138)
	at org.junit.platform.engine.support.hierarchical.NodeTestTask.execute(NodeTestTask.java:95)
	at java.util.ArrayList.forEach(ArrayList.java:1259)
	at org.junit.platform.engine.support.hierarchical.SameThreadHierarchicalTestExecutorService.invokeAll(SameThreadHierarchicalTestExecutorService.java:41)
	at org.junit.platform.engine.support.hierarchical.NodeTestTask.lambda$executeRecursively$6(NodeTestTask.java:155)
	at org.junit.platform.engine.support.hierarchical.ThrowableCollector.execute(ThrowableCollector.java:73)
	at org.junit.platform.engine.support.hierarchical.NodeTestTask.lambda$executeRecursively$8(NodeTestTask.java:141)
	at org.junit.platform.engine.support.hierarchical.Node.around(Node.java:137)
	at org.junit.platform.engine.support.hierarchical.NodeTestTask.lambda$executeRecursively$9(NodeTestTask.java:139)
	at org.junit.platform.engine.support.hierarchical.ThrowableCollector.execute(ThrowableCollector.java:73)
	at org.junit.platform.engine.support.hierarchical.NodeTestTask.executeRecursively(NodeTestTask.java:138)
	at org.junit.platform.engine.support.hierarchical.NodeTestTask.execute(NodeTestTask.java:95)
	at org.junit.platform.engine.support.hierarchical.SameThreadHierarchicalTestExecutorService.submit(SameThreadHierarchicalTestExecutorService.java:35)
	at org.junit.platform.engine.support.hierarchical.HierarchicalTestExecutor.execute(HierarchicalTestExecutor.java:57)
	at org.junit.platform.engine.support.hierarchical.HierarchicalTestEngine.execute(HierarchicalTestEngine.java:54)
	at org.junit.platform.launcher.core.DefaultLauncher.execute(DefaultLauncher.java:220)
	at org.junit.platform.launcher.core.DefaultLauncher.lambda$execute$6(DefaultLauncher.java:188)
	at org.junit.platform.launcher.core.DefaultLauncher.withInterceptedStreams(DefaultLauncher.java:202)
	at org.junit.platform.launcher.core.DefaultLauncher.execute(DefaultLauncher.java:181)
	at org.junit.platform.launcher.core.DefaultLauncher.execute(DefaultLauncher.java:128)
	at org.apache.maven.surefire.junitplatform.JUnitPlatformProvider.invokeAllTests(JUnitPlatformProvider.java:150)
	at org.apache.maven.surefire.junitplatform.JUnitPlatformProvider.invoke(JUnitPlatformProvider.java:124)
	at org.apache.maven.surefire.booter.ForkedBooter.invokeProviderInSameClassLoader(ForkedBooter.java:384)
	at org.apache.maven.surefire.booter.ForkedBooter.runSuitesInProcess(ForkedBooter.java:345)
	at org.apache.maven.surefire.booter.ForkedBooter.execute(ForkedBooter.java:126)
	at org.apache.maven.surefire.booter.ForkedBooter.main(ForkedBooter.java:418)
Caused by: org.eclipse.persistence.exceptions.PersistenceUnitLoadingException: 
Exception Description: An exception was thrown while searching for persistence archives with ClassLoader: sun.misc.Launcher$AppClassLoader@3d4eac69
Internal Exception: javax.persistence.PersistenceException: Exception [EclipseLink-28018] (Eclipse Persistence Services - 2.7.11.v20220804-52dea2a3c0): org.eclipse.persistence.exceptions.EntityManagerSetupException
Exception Description: Predeployment of PersistenceUnit [vsa-project-1] failed.
Internal Exception: Exception [EclipseLink-7157] (Eclipse Persistence Services - 2.7.11.v20220804-52dea2a3c0): org.eclipse.persistence.exceptions.ValidationException
Exception Description: Entity class [class sk.stuba.fei.uim.vsa.pr1.solution.Thesis] must use a @JoinColumn instead of @Column to map its relationship attribute [supervisor].
	at org.eclipse.persistence.exceptions.PersistenceUnitLoadingException.exceptionSearchingForPersistenceResources(PersistenceUnitLoadingException.java:129)
	at org.eclipse.persistence.jpa.PersistenceProvider.createEntityManagerFactoryImpl(PersistenceProvider.java:118)
	at org.eclipse.persistence.jpa.PersistenceProvider.createEntityManagerFactory(PersistenceProvider.java:191)
	at javax.persistence.Persistence.createEntityManagerFactory(Persistence.java:80)
	at javax.persistence.Persistence.createEntityManagerFactory(Persistence.java:55)
	at sk.stuba.fei.uim.vsa.pr1.AbstractThesisService.<init>(AbstractThesisService.java:28)
	at sk.stuba.fei.uim.vsa.pr1.solution.ThesisService.<init>(ThesisService.java:23)
	... 71 common frames omitted
Caused by: javax.persistence.PersistenceException: Exception [EclipseLink-28018] (Eclipse Persistence Services - 2.7.11.v20220804-52dea2a3c0): org.eclipse.persistence.exceptions.EntityManagerSetupException
Exception Description: Predeployment of PersistenceUnit [vsa-project-1] failed.
Internal Exception: Exception [EclipseLink-7157] (Eclipse Persistence Services - 2.7.11.v20220804-52dea2a3c0): org.eclipse.persistence.exceptions.ValidationException
Exception Description: Entity class [class sk.stuba.fei.uim.vsa.pr1.solution.Thesis] must use a @JoinColumn instead of @Column to map its relationship attribute [supervisor].
	at org.eclipse.persistence.internal.jpa.EntityManagerSetupImpl.createPredeployFailedPersistenceException(EntityManagerSetupImpl.java:2108)
	at org.eclipse.persistence.internal.jpa.EntityManagerSetupImpl.predeploy(EntityManagerSetupImpl.java:2084)
	at org.eclipse.persistence.internal.jpa.deployment.JPAInitializer.callPredeploy(JPAInitializer.java:104)
	at org.eclipse.persistence.jpa.PersistenceProvider.createEntityManagerFactoryImpl(PersistenceProvider.java:107)
	... 76 common frames omitted
Caused by: org.eclipse.persistence.exceptions.EntityManagerSetupException: 
Exception Description: Predeployment of PersistenceUnit [vsa-project-1] failed.
Internal Exception: Exception [EclipseLink-7157] (Eclipse Persistence Services - 2.7.11.v20220804-52dea2a3c0): org.eclipse.persistence.exceptions.ValidationException
Exception Description: Entity class [class sk.stuba.fei.uim.vsa.pr1.solution.Thesis] must use a @JoinColumn instead of @Column to map its relationship attribute [supervisor].
	at org.eclipse.persistence.exceptions.EntityManagerSetupException.predeployFailed(EntityManagerSetupException.java:233)
	... 80 common frames omitted
Caused by: org.eclipse.persistence.exceptions.ValidationException: 
Exception Description: Entity class [class sk.stuba.fei.uim.vsa.pr1.solution.Thesis] must use a @JoinColumn instead of @Column to map its relationship attribute [supervisor].
	at org.eclipse.persistence.exceptions.ValidationException.invalidColumnAnnotationOnRelationship(ValidationException.java:1174)
	at org.eclipse.persistence.internal.jpa.metadata.accessors.mappings.RelationshipAccessor.process(RelationshipAccessor.java:696)
	at org.eclipse.persistence.internal.jpa.metadata.accessors.mappings.ManyToOneAccessor.process(ManyToOneAccessor.java:123)
	at org.eclipse.persistence.internal.jpa.metadata.MetadataProject.processOwningRelationshipAccessors(MetadataProject.java:1666)
	at org.eclipse.persistence.internal.jpa.metadata.MetadataProject.processStage3(MetadataProject.java:1919)
	at org.eclipse.persistence.internal.jpa.metadata.MetadataProcessor.processORMMetadata(MetadataProcessor.java:584)
	at org.eclipse.persistence.internal.jpa.deployment.PersistenceUnitProcessor.processORMetadata(PersistenceUnitProcessor.java:629)
	at org.eclipse.persistence.internal.jpa.EntityManagerSetupImpl.predeploy(EntityManagerSetupImpl.java:2005)
	... 78 common frames omitted
]]></system-out>
  </testcase>
</testsuite>
<testsuite xmlns:xsi="http://www.w3.org/2001/XMLSchema-instance" xsi:noNamespaceSchemaLocation="https://maven.apache.org/surefire/maven-surefire-plugin/xsd/surefire-test-report.xsd" name="sk.stuba.fei.uim.vsa.pr1.TeacherTest" time="0.026" tests="1" errors="0" skipped="0" failures="1">
  <properties>
[...]
</properties>
  <testcase name="sk.stuba.fei.uim.vsa.pr1.TeacherTest" classname="sk.stuba.fei.uim.vsa.pr1.TeacherTest" time="0.026">
    <failure message="expected: not &lt;null&gt;" type="org.opentest4j.AssertionFailedError"><![CDATA[org.opentest4j.AssertionFailedError: expected: not <null>
	at sk.stuba.fei.uim.vsa.pr1.TeacherTest.setup(TeacherTest.java:35)
]]></failure>
    <system-out><![CDATA[2023-04-10 23:03:19.418  INFO --- [           main] org.reflections.Reflections              : Reflections took 9 ms to scan 2 urls, producing 11 keys and 19 values
[EL Fine]: moxy: 2023-04-10 23:03:19.42--Thread(Thread[main,5,main])--SAXParserFactory instance: com.sun.org.apache.xerces.internal.jaxp.SAXParserFactoryImpl@5170bcf4
[EL Fine]: server: 2023-04-10 23:03:19.423--Thread(Thread[main,5,main])--Configured server platform: org.eclipse.persistence.platform.server.NoServerPlatform
[EL Config]: metadata: 2023-04-10 23:03:19.426--ServerSession(668312960)--Thread(Thread[main,5,main])--The access type for the persistent class [class sk.stuba.fei.uim.vsa.pr1.solution.Teacher] is set to [FIELD].
[EL Config]: metadata: 2023-04-10 23:03:19.426--ServerSession(668312960)--Thread(Thread[main,5,main])--The target entity (reference) class for the one to many mapping element [field supervisedTheses] is being defaulted to: class sk.stuba.fei.uim.vsa.pr1.solution.Thesis.
[EL Config]: metadata: 2023-04-10 23:03:19.427--ServerSession(668312960)--Thread(Thread[main,5,main])--The access type for the persistent class [class sk.stuba.fei.uim.vsa.pr1.solution.Thesis] is set to [FIELD].
[EL Config]: metadata: 2023-04-10 23:03:19.428--ServerSession(668312960)--Thread(Thread[main,5,main])--The target entity (reference) class for the one to one mapping element [field author] is being defaulted to: class sk.stuba.fei.uim.vsa.pr1.solution.Student.
[EL Config]: metadata: 2023-04-10 23:03:19.428--ServerSession(668312960)--Thread(Thread[main,5,main])--The target entity (reference) class for the many to one mapping element [field supervisor] is being defaulted to: class sk.stuba.fei.uim.vsa.pr1.solution.Teacher.
[EL Config]: metadata: 2023-04-10 23:03:19.429--ServerSession(668312960)--Thread(Thread[main,5,main])--The access type for the persistent class [class sk.stuba.fei.uim.vsa.pr1.solution.Student] is set to [FIELD].
[EL Config]: metadata: 2023-04-10 23:03:19.429--ServerSession(668312960)--Thread(Thread[main,5,main])--The target entity (reference) class for the one to one mapping element [field thesis] is being defaulted to: class sk.stuba.fei.uim.vsa.pr1.solution.Thesis.
[EL Config]: metadata: 2023-04-10 23:03:19.429--ServerSession(668312960)--Thread(Thread[main,5,main])--The alias name for the entity class [class sk.stuba.fei.uim.vsa.pr1.solution.Teacher] is being defaulted to: Teacher.
[EL Config]: metadata: 2023-04-10 23:03:19.43--ServerSession(668312960)--Thread(Thread[main,5,main])--The column name for element [name] is being defaulted to: NAME.
[EL Config]: metadata: 2023-04-10 23:03:19.43--ServerSession(668312960)--Thread(Thread[main,5,main])--The column name for element [institute] is being defaulted to: INSTITUTE.
[EL Config]: metadata: 2023-04-10 23:03:19.431--ServerSession(668312960)--Thread(Thread[main,5,main])--The column name for element [department] is being defaulted to: DEPARTMENT.
[EL Config]: metadata: 2023-04-10 23:03:19.431--ServerSession(668312960)--Thread(Thread[main,5,main])--The column name for element [aisId] is being defaulted to: AISID.
[EL Config]: metadata: 2023-04-10 23:03:19.431--ServerSession(668312960)--Thread(Thread[main,5,main])--The column name for element [email] is being defaulted to: EMAIL.
[EL Config]: metadata: 2023-04-10 23:03:19.431--ServerSession(668312960)--Thread(Thread[main,5,main])--The alias name for the entity class [class sk.stuba.fei.uim.vsa.pr1.solution.Thesis] is being defaulted to: Thesis.
[EL Config]: metadata: 2023-04-10 23:03:19.432--ServerSession(668312960)--Thread(Thread[main,5,main])--The column name for element [registrationNumber] is being defaulted to: REGISTRATIONNUMBER.
[EL Config]: metadata: 2023-04-10 23:03:19.432--ServerSession(668312960)--Thread(Thread[main,5,main])--The column name for element [description] is being defaulted to: DESCRIPTION.
[EL Config]: metadata: 2023-04-10 23:03:19.432--ServerSession(668312960)--Thread(Thread[main,5,main])--The column name for element [publishedOn] is being defaulted to: PUBLISHEDON.
[EL Config]: metadata: 2023-04-10 23:03:19.432--ServerSession(668312960)--Thread(Thread[main,5,main])--The column name for element [id] is being defaulted to: ID.
[EL Config]: metadata: 2023-04-10 23:03:19.432--ServerSession(668312960)--Thread(Thread[main,5,main])--The column name for element [title] is being defaulted to: TITLE.
[EL Config]: metadata: 2023-04-10 23:03:19.433--ServerSession(668312960)--Thread(Thread[main,5,main])--The column name for element [type] is being defaulted to: TYPE.
[EL Config]: metadata: 2023-04-10 23:03:19.433--ServerSession(668312960)--Thread(Thread[main,5,main])--The column name for element [department] is being defaulted to: DEPARTMENT.
[EL Config]: metadata: 2023-04-10 23:03:19.434--ServerSession(668312960)--Thread(Thread[main,5,main])--The column name for element [deadline] is being defaulted to: DEADLINE.
[EL Config]: metadata: 2023-04-10 23:03:19.435--ServerSession(668312960)--Thread(Thread[main,5,main])--The column name for element [status] is being defaulted to: STATUS.
[EL Config]: metadata: 2023-04-10 23:03:19.435--ServerSession(668312960)--Thread(Thread[main,5,main])--The alias name for the entity class [class sk.stuba.fei.uim.vsa.pr1.solution.Student] is being defaulted to: Student.
[EL Config]: metadata: 2023-04-10 23:03:19.435--ServerSession(668312960)--Thread(Thread[main,5,main])--The column name for element [studyProgramme] is being defaulted to: STUDYPROGRAMME.
[EL Config]: metadata: 2023-04-10 23:03:19.435--ServerSession(668312960)--Thread(Thread[main,5,main])--The column name for element [year] is being defaulted to: YEAR.
[EL Config]: metadata: 2023-04-10 23:03:19.436--ServerSession(668312960)--Thread(Thread[main,5,main])--The column name for element [name] is being defaulted to: NAME.
[EL Config]: metadata: 2023-04-10 23:03:19.436--ServerSession(668312960)--Thread(Thread[main,5,main])--The column name for element [term] is being defaulted to: TERM.
[EL Config]: metadata: 2023-04-10 23:03:19.436--ServerSession(668312960)--Thread(Thread[main,5,main])--The column name for element [aisId] is being defaulted to: AISID.
[EL Config]: metadata: 2023-04-10 23:03:19.436--ServerSession(668312960)--Thread(Thread[main,5,main])--The column name for element [email] is being defaulted to: EMAIL.
[EL Config]: metadata: 2023-04-10 23:03:19.437--ServerSession(668312960)--Thread(Thread[main,5,main])--The primary key column name for the mapping element [field author] is being defaulted to: AISID.
[EL Config]: metadata: 2023-04-10 23:03:19.437--ServerSession(668312960)--Thread(Thread[main,5,main])--The foreign key column name for the mapping element [author] is being defaulted to: AUTHOR_AISID.
2023-04-10 23:03:19.437 ERROR --- [           main] s.stuba.fei.uim.vsa.pr1.utils.TestUtils  : null
java.lang.reflect.InvocationTargetException: null
	at sun.reflect.NativeConstructorAccessorImpl.newInstance0(Native Method)
	at sun.reflect.NativeConstructorAccessorImpl.newInstance(NativeConstructorAccessorImpl.java:62)
	at sun.reflect.DelegatingConstructorAccessorImpl.newInstance(DelegatingConstructorAccessorImpl.java:45)
	at java.lang.reflect.Constructor.newInstance(Constructor.java:423)
	at sk.stuba.fei.uim.vsa.pr1.utils.TestUtils.lambda$getServiceClass$9(TestUtils.java:199)
	at java.util.stream.ReferencePipeline$3$1.accept(ReferencePipeline.java:193)
	at java.util.Spliterators$IteratorSpliterator.tryAdvance(Spliterators.java:1812)
	at java.util.stream.ReferencePipeline.forEachWithCancel(ReferencePipeline.java:126)
	at java.util.stream.AbstractPipeline.copyIntoWithCancel(AbstractPipeline.java:499)
	at java.util.stream.AbstractPipeline.copyInto(AbstractPipeline.java:486)
	at java.util.stream.AbstractPipeline.wrapAndCopyInto(AbstractPipeline.java:472)
	at java.util.stream.FindOps$FindOp.evaluateSequential(FindOps.java:152)
	at java.util.stream.AbstractPipeline.evaluate(AbstractPipeline.java:234)
	at java.util.stream.ReferencePipeline.findFirst(ReferencePipeline.java:531)
	at sk.stuba.fei.uim.vsa.pr1.utils.TestUtils.getServiceClass(TestUtils.java:207)
	at sk.stuba.fei.uim.vsa.pr1.TeacherTest.setup(TeacherTest.java:35)
	at sun.reflect.NativeMethodAccessorImpl.invoke0(Native Method)
	at sun.reflect.NativeMethodAccessorImpl.invoke(NativeMethodAccessorImpl.java:62)
	at sun.reflect.DelegatingMethodAccessorImpl.invoke(DelegatingMethodAccessorImpl.java:43)
	at java.lang.reflect.Method.invoke(Method.java:498)
	at org.junit.platform.commons.util.ReflectionUtils.invokeMethod(ReflectionUtils.java:725)
	at org.junit.jupiter.engine.execution.MethodInvocation.proceed(MethodInvocation.java:60)
	at org.junit.jupiter.engine.execution.InvocationInterceptorChain$ValidatingInvocation.proceed(InvocationInterceptorChain.java:131)
	at org.junit.jupiter.engine.extension.TimeoutExtension.intercept(TimeoutExtension.java:149)
	at org.junit.jupiter.engine.extension.TimeoutExtension.interceptLifecycleMethod(TimeoutExtension.java:126)
	at org.junit.jupiter.engine.extension.TimeoutExtension.interceptBeforeAllMethod(TimeoutExtension.java:68)
	at org.junit.jupiter.engine.execution.ExecutableInvoker$ReflectiveInterceptorCall.lambda$ofVoidMethod$0(ExecutableInvoker.java:115)
	at org.junit.jupiter.engine.execution.ExecutableInvoker.lambda$invoke$0(ExecutableInvoker.java:105)
	at org.junit.jupiter.engine.execution.InvocationInterceptorChain$InterceptedInvocation.proceed(InvocationInterceptorChain.java:106)
	at org.junit.jupiter.engine.execution.InvocationInterceptorChain.proceed(InvocationInterceptorChain.java:64)
	at org.junit.jupiter.engine.execution.InvocationInterceptorChain.chainAndInvoke(InvocationInterceptorChain.java:45)
	at org.junit.jupiter.engine.execution.InvocationInterceptorChain.invoke(InvocationInterceptorChain.java:37)
	at org.junit.jupiter.engine.execution.ExecutableInvoker.invoke(ExecutableInvoker.java:104)
	at org.junit.jupiter.engine.execution.ExecutableInvoker.invoke(ExecutableInvoker.java:98)
	at org.junit.jupiter.engine.descriptor.ClassBasedTestDescriptor.lambda$invokeBeforeAllMethods$11(ClassBasedTestDescriptor.java:397)
	at org.junit.platform.engine.support.hierarchical.ThrowableCollector.execute(ThrowableCollector.java:73)
	at org.junit.jupiter.engine.descriptor.ClassBasedTestDescriptor.invokeBeforeAllMethods(ClassBasedTestDescriptor.java:395)
	at org.junit.jupiter.engine.descriptor.ClassBasedTestDescriptor.before(ClassBasedTestDescriptor.java:209)
	at org.junit.jupiter.engine.descriptor.ClassBasedTestDescriptor.before(ClassBasedTestDescriptor.java:80)
	at org.junit.platform.engine.support.hierarchical.NodeTestTask.lambda$executeRecursively$6(NodeTestTask.java:148)
	at org.junit.platform.engine.support.hierarchical.ThrowableCollector.execute(ThrowableCollector.java:73)
	at org.junit.platform.engine.support.hierarchical.NodeTestTask.lambda$executeRecursively$8(NodeTestTask.java:141)
	at org.junit.platform.engine.support.hierarchical.Node.around(Node.java:137)
	at org.junit.platform.engine.support.hierarchical.NodeTestTask.lambda$executeRecursively$9(NodeTestTask.java:139)
	at org.junit.platform.engine.support.hierarchical.ThrowableCollector.execute(ThrowableCollector.java:73)
	at org.junit.platform.engine.support.hierarchical.NodeTestTask.executeRecursively(NodeTestTask.java:138)
	at org.junit.platform.engine.support.hierarchical.NodeTestTask.execute(NodeTestTask.java:95)
	at java.util.ArrayList.forEach(ArrayList.java:1259)
	at org.junit.platform.engine.support.hierarchical.SameThreadHierarchicalTestExecutorService.invokeAll(SameThreadHierarchicalTestExecutorService.java:41)
	at org.junit.platform.engine.support.hierarchical.NodeTestTask.lambda$executeRecursively$6(NodeTestTask.java:155)
	at org.junit.platform.engine.support.hierarchical.ThrowableCollector.execute(ThrowableCollector.java:73)
	at org.junit.platform.engine.support.hierarchical.NodeTestTask.lambda$executeRecursively$8(NodeTestTask.java:141)
	at org.junit.platform.engine.support.hierarchical.Node.around(Node.java:137)
	at org.junit.platform.engine.support.hierarchical.NodeTestTask.lambda$executeRecursively$9(NodeTestTask.java:139)
	at org.junit.platform.engine.support.hierarchical.ThrowableCollector.execute(ThrowableCollector.java:73)
	at org.junit.platform.engine.support.hierarchical.NodeTestTask.executeRecursively(NodeTestTask.java:138)
	at org.junit.platform.engine.support.hierarchical.NodeTestTask.execute(NodeTestTask.java:95)
	at org.junit.platform.engine.support.hierarchical.SameThreadHierarchicalTestExecutorService.submit(SameThreadHierarchicalTestExecutorService.java:35)
	at org.junit.platform.engine.support.hierarchical.HierarchicalTestExecutor.execute(HierarchicalTestExecutor.java:57)
	at org.junit.platform.engine.support.hierarchical.HierarchicalTestEngine.execute(HierarchicalTestEngine.java:54)
	at org.junit.platform.launcher.core.DefaultLauncher.execute(DefaultLauncher.java:220)
	at org.junit.platform.launcher.core.DefaultLauncher.lambda$execute$6(DefaultLauncher.java:188)
	at org.junit.platform.launcher.core.DefaultLauncher.withInterceptedStreams(DefaultLauncher.java:202)
	at org.junit.platform.launcher.core.DefaultLauncher.execute(DefaultLauncher.java:181)
	at org.junit.platform.launcher.core.DefaultLauncher.execute(DefaultLauncher.java:128)
	at org.apache.maven.surefire.junitplatform.JUnitPlatformProvider.invokeAllTests(JUnitPlatformProvider.java:150)
	at org.apache.maven.surefire.junitplatform.JUnitPlatformProvider.invoke(JUnitPlatformProvider.java:124)
	at org.apache.maven.surefire.booter.ForkedBooter.invokeProviderInSameClassLoader(ForkedBooter.java:384)
	at org.apache.maven.surefire.booter.ForkedBooter.runSuitesInProcess(ForkedBooter.java:345)
	at org.apache.maven.surefire.booter.ForkedBooter.execute(ForkedBooter.java:126)
	at org.apache.maven.surefire.booter.ForkedBooter.main(ForkedBooter.java:418)
Caused by: org.eclipse.persistence.exceptions.PersistenceUnitLoadingException: 
Exception Description: An exception was thrown while searching for persistence archives with ClassLoader: sun.misc.Launcher$AppClassLoader@3d4eac69
Internal Exception: javax.persistence.PersistenceException: Exception [EclipseLink-28018] (Eclipse Persistence Services - 2.7.11.v20220804-52dea2a3c0): org.eclipse.persistence.exceptions.EntityManagerSetupException
Exception Description: Predeployment of PersistenceUnit [vsa-project-1] failed.
Internal Exception: Exception [EclipseLink-7157] (Eclipse Persistence Services - 2.7.11.v20220804-52dea2a3c0): org.eclipse.persistence.exceptions.ValidationException
Exception Description: Entity class [class sk.stuba.fei.uim.vsa.pr1.solution.Thesis] must use a @JoinColumn instead of @Column to map its relationship attribute [supervisor].
	at org.eclipse.persistence.exceptions.PersistenceUnitLoadingException.exceptionSearchingForPersistenceResources(PersistenceUnitLoadingException.java:129)
	at org.eclipse.persistence.jpa.PersistenceProvider.createEntityManagerFactoryImpl(PersistenceProvider.java:118)
	at org.eclipse.persistence.jpa.PersistenceProvider.createEntityManagerFactory(PersistenceProvider.java:191)
	at javax.persistence.Persistence.createEntityManagerFactory(Persistence.java:80)
	at javax.persistence.Persistence.createEntityManagerFactory(Persistence.java:55)
	at sk.stuba.fei.uim.vsa.pr1.AbstractThesisService.<init>(AbstractThesisService.java:28)
	at sk.stuba.fei.uim.vsa.pr1.solution.ThesisService.<init>(ThesisService.java:23)
	... 71 common frames omitted
Caused by: javax.persistence.PersistenceException: Exception [EclipseLink-28018] (Eclipse Persistence Services - 2.7.11.v20220804-52dea2a3c0): org.eclipse.persistence.exceptions.EntityManagerSetupException
Exception Description: Predeployment of PersistenceUnit [vsa-project-1] failed.
Internal Exception: Exception [EclipseLink-7157] (Eclipse Persistence Services - 2.7.11.v20220804-52dea2a3c0): org.eclipse.persistence.exceptions.ValidationException
Exception Description: Entity class [class sk.stuba.fei.uim.vsa.pr1.solution.Thesis] must use a @JoinColumn instead of @Column to map its relationship attribute [supervisor].
	at org.eclipse.persistence.internal.jpa.EntityManagerSetupImpl.createPredeployFailedPersistenceException(EntityManagerSetupImpl.java:2108)
	at org.eclipse.persistence.internal.jpa.EntityManagerSetupImpl.predeploy(EntityManagerSetupImpl.java:2084)
	at org.eclipse.persistence.internal.jpa.deployment.JPAInitializer.callPredeploy(JPAInitializer.java:104)
	at org.eclipse.persistence.jpa.PersistenceProvider.createEntityManagerFactoryImpl(PersistenceProvider.java:107)
	... 76 common frames omitted
Caused by: org.eclipse.persistence.exceptions.EntityManagerSetupException: 
Exception Description: Predeployment of PersistenceUnit [vsa-project-1] failed.
Internal Exception: Exception [EclipseLink-7157] (Eclipse Persistence Services - 2.7.11.v20220804-52dea2a3c0): org.eclipse.persistence.exceptions.ValidationException
Exception Description: Entity class [class sk.stuba.fei.uim.vsa.pr1.solution.Thesis] must use a @JoinColumn instead of @Column to map its relationship attribute [supervisor].
	at org.eclipse.persistence.exceptions.EntityManagerSetupException.predeployFailed(EntityManagerSetupException.java:233)
	... 80 common frames omitted
Caused by: org.eclipse.persistence.exceptions.ValidationException: 
Exception Description: Entity class [class sk.stuba.fei.uim.vsa.pr1.solution.Thesis] must use a @JoinColumn instead of @Column to map its relationship attribute [supervisor].
	at org.eclipse.persistence.exceptions.ValidationException.invalidColumnAnnotationOnRelationship(ValidationException.java:1174)
	at org.eclipse.persistence.internal.jpa.metadata.accessors.mappings.RelationshipAccessor.process(RelationshipAccessor.java:696)
	at org.eclipse.persistence.internal.jpa.metadata.accessors.mappings.ManyToOneAccessor.process(ManyToOneAccessor.java:123)
	at org.eclipse.persistence.internal.jpa.metadata.MetadataProject.processOwningRelationshipAccessors(MetadataProject.java:1666)
	at org.eclipse.persistence.internal.jpa.metadata.MetadataProject.processStage3(MetadataProject.java:1919)
	at org.eclipse.persistence.internal.jpa.metadata.MetadataProcessor.processORMMetadata(MetadataProcessor.java:584)
	at org.eclipse.persistence.internal.jpa.deployment.PersistenceUnitProcessor.processORMetadata(PersistenceUnitProcessor.java:629)
	at org.eclipse.persistence.internal.jpa.EntityManagerSetupImpl.predeploy(EntityManagerSetupImpl.java:2005)
	... 78 common frames omitted
]]></system-out>
  </testcase>
</testsuite>
<testsuite xmlns:xsi="http://www.w3.org/2001/XMLSchema-instance" xsi:noNamespaceSchemaLocation="https://maven.apache.org/surefire/maven-surefire-plugin/xsd/surefire-test-report.xsd" name="sk.stuba.fei.uim.vsa.pr1.SanityCheckTest" time="0.594" tests="1" errors="0" skipped="0" failures="1">
  <properties>
[...]
</properties>
  <testcase name="sk.stuba.fei.uim.vsa.pr1.SanityCheckTest" classname="sk.stuba.fei.uim.vsa.pr1.SanityCheckTest" time="0.594">
    <failure message="expected: not &lt;null&gt;" type="org.opentest4j.AssertionFailedError"><![CDATA[org.opentest4j.AssertionFailedError: expected: not <null>
	at sk.stuba.fei.uim.vsa.pr1.SanityCheckTest.setup(SanityCheckTest.java:38)
]]></failure>
    <system-out><![CDATA[2023-04-10 23:03:18.919  INFO --- [           main] s.stuba.fei.uim.vsa.pr1.SanityCheckTest  : Searching for implementation of AbstractThesisService class
2023-04-10 23:03:18.996  INFO --- [           main] org.reflections.Reflections              : Reflections took 59 ms to scan 2 urls, producing 11 keys and 19 values
[EL Fine]: server: 2023-04-10 23:03:19.166--Thread(Thread[main,5,main])--Configured server platform: org.eclipse.persistence.platform.server.NoServerPlatform
[EL Config]: metadata: 2023-04-10 23:03:19.284--ServerSession(997033037)--Thread(Thread[main,5,main])--The access type for the persistent class [class sk.stuba.fei.uim.vsa.pr1.solution.Teacher] is set to [FIELD].
[EL Config]: metadata: 2023-04-10 23:03:19.299--ServerSession(997033037)--Thread(Thread[main,5,main])--The target entity (reference) class for the one to many mapping element [field supervisedTheses] is being defaulted to: class sk.stuba.fei.uim.vsa.pr1.solution.Thesis.
[EL Config]: metadata: 2023-04-10 23:03:19.303--ServerSession(997033037)--Thread(Thread[main,5,main])--The access type for the persistent class [class sk.stuba.fei.uim.vsa.pr1.solution.Thesis] is set to [FIELD].
[EL Config]: metadata: 2023-04-10 23:03:19.304--ServerSession(997033037)--Thread(Thread[main,5,main])--The target entity (reference) class for the one to one mapping element [field author] is being defaulted to: class sk.stuba.fei.uim.vsa.pr1.solution.Student.
[EL Config]: metadata: 2023-04-10 23:03:19.306--ServerSession(997033037)--Thread(Thread[main,5,main])--The target entity (reference) class for the many to one mapping element [field supervisor] is being defaulted to: class sk.stuba.fei.uim.vsa.pr1.solution.Teacher.
[EL Config]: metadata: 2023-04-10 23:03:19.306--ServerSession(997033037)--Thread(Thread[main,5,main])--The access type for the persistent class [class sk.stuba.fei.uim.vsa.pr1.solution.Student] is set to [FIELD].
[EL Config]: metadata: 2023-04-10 23:03:19.306--ServerSession(997033037)--Thread(Thread[main,5,main])--The target entity (reference) class for the one to one mapping element [field thesis] is being defaulted to: class sk.stuba.fei.uim.vsa.pr1.solution.Thesis.
[EL Config]: metadata: 2023-04-10 23:03:19.307--ServerSession(997033037)--Thread(Thread[main,5,main])--The alias name for the entity class [class sk.stuba.fei.uim.vsa.pr1.solution.Teacher] is being defaulted to: Teacher.
[EL Config]: metadata: 2023-04-10 23:03:19.317--ServerSession(997033037)--Thread(Thread[main,5,main])--The column name for element [name] is being defaulted to: NAME.
[EL Config]: metadata: 2023-04-10 23:03:19.318--ServerSession(997033037)--Thread(Thread[main,5,main])--The column name for element [institute] is being defaulted to: INSTITUTE.
[EL Config]: metadata: 2023-04-10 23:03:19.318--ServerSession(997033037)--Thread(Thread[main,5,main])--The column name for element [department] is being defaulted to: DEPARTMENT.
[EL Config]: metadata: 2023-04-10 23:03:19.318--ServerSession(997033037)--Thread(Thread[main,5,main])--The column name for element [aisId] is being defaulted to: AISID.
[EL Config]: metadata: 2023-04-10 23:03:19.319--ServerSession(997033037)--Thread(Thread[main,5,main])--The column name for element [email] is being defaulted to: EMAIL.
[EL Config]: metadata: 2023-04-10 23:03:19.319--ServerSession(997033037)--Thread(Thread[main,5,main])--The alias name for the entity class [class sk.stuba.fei.uim.vsa.pr1.solution.Thesis] is being defaulted to: Thesis.
[EL Config]: metadata: 2023-04-10 23:03:19.32--ServerSession(997033037)--Thread(Thread[main,5,main])--The column name for element [registrationNumber] is being defaulted to: REGISTRATIONNUMBER.
[EL Config]: metadata: 2023-04-10 23:03:19.32--ServerSession(997033037)--Thread(Thread[main,5,main])--The column name for element [description] is being defaulted to: DESCRIPTION.
[EL Config]: metadata: 2023-04-10 23:03:19.32--ServerSession(997033037)--Thread(Thread[main,5,main])--The column name for element [publishedOn] is being defaulted to: PUBLISHEDON.
[EL Config]: metadata: 2023-04-10 23:03:19.322--ServerSession(997033037)--Thread(Thread[main,5,main])--The column name for element [id] is being defaulted to: ID.
[EL Config]: metadata: 2023-04-10 23:03:19.322--ServerSession(997033037)--Thread(Thread[main,5,main])--The column name for element [title] is being defaulted to: TITLE.
[EL Config]: metadata: 2023-04-10 23:03:19.323--ServerSession(997033037)--Thread(Thread[main,5,main])--The column name for element [type] is being defaulted to: TYPE.
[EL Config]: metadata: 2023-04-10 23:03:19.325--ServerSession(997033037)--Thread(Thread[main,5,main])--The column name for element [department] is being defaulted to: DEPARTMENT.
[EL Config]: metadata: 2023-04-10 23:03:19.325--ServerSession(997033037)--Thread(Thread[main,5,main])--The column name for element [deadline] is being defaulted to: DEADLINE.
[EL Config]: metadata: 2023-04-10 23:03:19.325--ServerSession(997033037)--Thread(Thread[main,5,main])--The column name for element [status] is being defaulted to: STATUS.
[EL Config]: metadata: 2023-04-10 23:03:19.326--ServerSession(997033037)--Thread(Thread[main,5,main])--The alias name for the entity class [class sk.stuba.fei.uim.vsa.pr1.solution.Student] is being defaulted to: Student.
[EL Config]: metadata: 2023-04-10 23:03:19.326--ServerSession(997033037)--Thread(Thread[main,5,main])--The column name for element [studyProgramme] is being defaulted to: STUDYPROGRAMME.
[EL Config]: metadata: 2023-04-10 23:03:19.326--ServerSession(997033037)--Thread(Thread[main,5,main])--The column name for element [year] is being defaulted to: YEAR.
[EL Config]: metadata: 2023-04-10 23:03:19.326--ServerSession(997033037)--Thread(Thread[main,5,main])--The column name for element [name] is being defaulted to: NAME.
[EL Config]: metadata: 2023-04-10 23:03:19.326--ServerSession(997033037)--Thread(Thread[main,5,main])--The column name for element [term] is being defaulted to: TERM.
[EL Config]: metadata: 2023-04-10 23:03:19.326--ServerSession(997033037)--Thread(Thread[main,5,main])--The column name for element [aisId] is being defaulted to: AISID.
[EL Config]: metadata: 2023-04-10 23:03:19.326--ServerSession(997033037)--Thread(Thread[main,5,main])--The column name for element [email] is being defaulted to: EMAIL.
[EL Config]: metadata: 2023-04-10 23:03:19.336--ServerSession(997033037)--Thread(Thread[main,5,main])--The primary key column name for the mapping element [field author] is being defaulted to: AISID.
[EL Config]: metadata: 2023-04-10 23:03:19.336--ServerSession(997033037)--Thread(Thread[main,5,main])--The foreign key column name for the mapping element [author] is being defaulted to: AUTHOR_AISID.
2023-04-10 23:03:19.343 ERROR --- [           main] s.stuba.fei.uim.vsa.pr1.utils.TestUtils  : null
java.lang.reflect.InvocationTargetException: null
	at sun.reflect.NativeConstructorAccessorImpl.newInstance0(Native Method)
	at sun.reflect.NativeConstructorAccessorImpl.newInstance(NativeConstructorAccessorImpl.java:62)
	at sun.reflect.DelegatingConstructorAccessorImpl.newInstance(DelegatingConstructorAccessorImpl.java:45)
	at java.lang.reflect.Constructor.newInstance(Constructor.java:423)
	at sk.stuba.fei.uim.vsa.pr1.utils.TestUtils.lambda$getServiceClass$9(TestUtils.java:199)
	at java.util.stream.ReferencePipeline$3$1.accept(ReferencePipeline.java:193)
	at java.util.Spliterators$IteratorSpliterator.tryAdvance(Spliterators.java:1812)
	at java.util.stream.ReferencePipeline.forEachWithCancel(ReferencePipeline.java:126)
	at java.util.stream.AbstractPipeline.copyIntoWithCancel(AbstractPipeline.java:499)
	at java.util.stream.AbstractPipeline.copyInto(AbstractPipeline.java:486)
	at java.util.stream.AbstractPipeline.wrapAndCopyInto(AbstractPipeline.java:472)
	at java.util.stream.FindOps$FindOp.evaluateSequential(FindOps.java:152)
	at java.util.stream.AbstractPipeline.evaluate(AbstractPipeline.java:234)
	at java.util.stream.ReferencePipeline.findFirst(ReferencePipeline.java:531)
	at sk.stuba.fei.uim.vsa.pr1.utils.TestUtils.getServiceClass(TestUtils.java:207)
	at sk.stuba.fei.uim.vsa.pr1.SanityCheckTest.setup(SanityCheckTest.java:38)
	at sun.reflect.NativeMethodAccessorImpl.invoke0(Native Method)
	at sun.reflect.NativeMethodAccessorImpl.invoke(NativeMethodAccessorImpl.java:62)
	at sun.reflect.DelegatingMethodAccessorImpl.invoke(DelegatingMethodAccessorImpl.java:43)
	at java.lang.reflect.Method.invoke(Method.java:498)
	at org.junit.platform.commons.util.ReflectionUtils.invokeMethod(ReflectionUtils.java:725)
	at org.junit.jupiter.engine.execution.MethodInvocation.proceed(MethodInvocation.java:60)
	at org.junit.jupiter.engine.execution.InvocationInterceptorChain$ValidatingInvocation.proceed(InvocationInterceptorChain.java:131)
	at org.junit.jupiter.engine.extension.TimeoutExtension.intercept(TimeoutExtension.java:149)
	at org.junit.jupiter.engine.extension.TimeoutExtension.interceptLifecycleMethod(TimeoutExtension.java:126)
	at org.junit.jupiter.engine.extension.TimeoutExtension.interceptBeforeAllMethod(TimeoutExtension.java:68)
	at org.junit.jupiter.engine.execution.ExecutableInvoker$ReflectiveInterceptorCall.lambda$ofVoidMethod$0(ExecutableInvoker.java:115)
	at org.junit.jupiter.engine.execution.ExecutableInvoker.lambda$invoke$0(ExecutableInvoker.java:105)
	at org.junit.jupiter.engine.execution.InvocationInterceptorChain$InterceptedInvocation.proceed(InvocationInterceptorChain.java:106)
	at org.junit.jupiter.engine.execution.InvocationInterceptorChain.proceed(InvocationInterceptorChain.java:64)
	at org.junit.jupiter.engine.execution.InvocationInterceptorChain.chainAndInvoke(InvocationInterceptorChain.java:45)
	at org.junit.jupiter.engine.execution.InvocationInterceptorChain.invoke(InvocationInterceptorChain.java:37)
	at org.junit.jupiter.engine.execution.ExecutableInvoker.invoke(ExecutableInvoker.java:104)
	at org.junit.jupiter.engine.execution.ExecutableInvoker.invoke(ExecutableInvoker.java:98)
	at org.junit.jupiter.engine.descriptor.ClassBasedTestDescriptor.lambda$invokeBeforeAllMethods$11(ClassBasedTestDescriptor.java:397)
	at org.junit.platform.engine.support.hierarchical.ThrowableCollector.execute(ThrowableCollector.java:73)
	at org.junit.jupiter.engine.descriptor.ClassBasedTestDescriptor.invokeBeforeAllMethods(ClassBasedTestDescriptor.java:395)
	at org.junit.jupiter.engine.descriptor.ClassBasedTestDescriptor.before(ClassBasedTestDescriptor.java:209)
	at org.junit.jupiter.engine.descriptor.ClassBasedTestDescriptor.before(ClassBasedTestDescriptor.java:80)
	at org.junit.platform.engine.support.hierarchical.NodeTestTask.lambda$executeRecursively$6(NodeTestTask.java:148)
	at org.junit.platform.engine.support.hierarchical.ThrowableCollector.execute(ThrowableCollector.java:73)
	at org.junit.platform.engine.support.hierarchical.NodeTestTask.lambda$executeRecursively$8(NodeTestTask.java:141)
	at org.junit.platform.engine.support.hierarchical.Node.around(Node.java:137)
	at org.junit.platform.engine.support.hierarchical.NodeTestTask.lambda$executeRecursively$9(NodeTestTask.java:139)
	at org.junit.platform.engine.support.hierarchical.ThrowableCollector.execute(ThrowableCollector.java:73)
	at org.junit.platform.engine.support.hierarchical.NodeTestTask.executeRecursively(NodeTestTask.java:138)
	at org.junit.platform.engine.support.hierarchical.NodeTestTask.execute(NodeTestTask.java:95)
	at java.util.ArrayList.forEach(ArrayList.java:1259)
	at org.junit.platform.engine.support.hierarchical.SameThreadHierarchicalTestExecutorService.invokeAll(SameThreadHierarchicalTestExecutorService.java:41)
	at org.junit.platform.engine.support.hierarchical.NodeTestTask.lambda$executeRecursively$6(NodeTestTask.java:155)
	at org.junit.platform.engine.support.hierarchical.ThrowableCollector.execute(ThrowableCollector.java:73)
	at org.junit.platform.engine.support.hierarchical.NodeTestTask.lambda$executeRecursively$8(NodeTestTask.java:141)
	at org.junit.platform.engine.support.hierarchical.Node.around(Node.java:137)
	at org.junit.platform.engine.support.hierarchical.NodeTestTask.lambda$executeRecursively$9(NodeTestTask.java:139)
	at org.junit.platform.engine.support.hierarchical.ThrowableCollector.execute(ThrowableCollector.java:73)
	at org.junit.platform.engine.support.hierarchical.NodeTestTask.executeRecursively(NodeTestTask.java:138)
	at org.junit.platform.engine.support.hierarchical.NodeTestTask.execute(NodeTestTask.java:95)
	at org.junit.platform.engine.support.hierarchical.SameThreadHierarchicalTestExecutorService.submit(SameThreadHierarchicalTestExecutorService.java:35)
	at org.junit.platform.engine.support.hierarchical.HierarchicalTestExecutor.execute(HierarchicalTestExecutor.java:57)
	at org.junit.platform.engine.support.hierarchical.HierarchicalTestEngine.execute(HierarchicalTestEngine.java:54)
	at org.junit.platform.launcher.core.DefaultLauncher.execute(DefaultLauncher.java:220)
	at org.junit.platform.launcher.core.DefaultLauncher.lambda$execute$6(DefaultLauncher.java:188)
	at org.junit.platform.launcher.core.DefaultLauncher.withInterceptedStreams(DefaultLauncher.java:202)
	at org.junit.platform.launcher.core.DefaultLauncher.execute(DefaultLauncher.java:181)
	at org.junit.platform.launcher.core.DefaultLauncher.execute(DefaultLauncher.java:128)
	at org.apache.maven.surefire.junitplatform.JUnitPlatformProvider.invokeAllTests(JUnitPlatformProvider.java:150)
	at org.apache.maven.surefire.junitplatform.JUnitPlatformProvider.invoke(JUnitPlatformProvider.java:124)
	at org.apache.maven.surefire.booter.ForkedBooter.invokeProviderInSameClassLoader(ForkedBooter.java:384)
	at org.apache.maven.surefire.booter.ForkedBooter.runSuitesInProcess(ForkedBooter.java:345)
	at org.apache.maven.surefire.booter.ForkedBooter.execute(ForkedBooter.java:126)
	at org.apache.maven.surefire.booter.ForkedBooter.main(ForkedBooter.java:418)
Caused by: org.eclipse.persistence.exceptions.PersistenceUnitLoadingException: 
Exception Description: An exception was thrown while searching for persistence archives with ClassLoader: sun.misc.Launcher$AppClassLoader@3d4eac69
Internal Exception: javax.persistence.PersistenceException: Exception [EclipseLink-28018] (Eclipse Persistence Services - 2.7.11.v20220804-52dea2a3c0): org.eclipse.persistence.exceptions.EntityManagerSetupException
Exception Description: Predeployment of PersistenceUnit [vsa-project-1] failed.
Internal Exception: Exception [EclipseLink-7157] (Eclipse Persistence Services - 2.7.11.v20220804-52dea2a3c0): org.eclipse.persistence.exceptions.ValidationException
Exception Description: Entity class [class sk.stuba.fei.uim.vsa.pr1.solution.Thesis] must use a @JoinColumn instead of @Column to map its relationship attribute [supervisor].
	at org.eclipse.persistence.exceptions.PersistenceUnitLoadingException.exceptionSearchingForPersistenceResources(PersistenceUnitLoadingException.java:129)
	at org.eclipse.persistence.jpa.PersistenceProvider.createEntityManagerFactoryImpl(PersistenceProvider.java:118)
	at org.eclipse.persistence.jpa.PersistenceProvider.createEntityManagerFactory(PersistenceProvider.java:191)
	at javax.persistence.Persistence.createEntityManagerFactory(Persistence.java:80)
	at javax.persistence.Persistence.createEntityManagerFactory(Persistence.java:55)
	at sk.stuba.fei.uim.vsa.pr1.AbstractThesisService.<init>(AbstractThesisService.java:28)
	at sk.stuba.fei.uim.vsa.pr1.solution.ThesisService.<init>(ThesisService.java:23)
	... 71 common frames omitted
Caused by: javax.persistence.PersistenceException: Exception [EclipseLink-28018] (Eclipse Persistence Services - 2.7.11.v20220804-52dea2a3c0): org.eclipse.persistence.exceptions.EntityManagerSetupException
Exception Description: Predeployment of PersistenceUnit [vsa-project-1] failed.
Internal Exception: Exception [EclipseLink-7157] (Eclipse Persistence Services - 2.7.11.v20220804-52dea2a3c0): org.eclipse.persistence.exceptions.ValidationException
Exception Description: Entity class [class sk.stuba.fei.uim.vsa.pr1.solution.Thesis] must use a @JoinColumn instead of @Column to map its relationship attribute [supervisor].
	at org.eclipse.persistence.internal.jpa.EntityManagerSetupImpl.createPredeployFailedPersistenceException(EntityManagerSetupImpl.java:2108)
	at org.eclipse.persistence.internal.jpa.EntityManagerSetupImpl.predeploy(EntityManagerSetupImpl.java:2084)
	at org.eclipse.persistence.internal.jpa.deployment.JPAInitializer.callPredeploy(JPAInitializer.java:104)
	at org.eclipse.persistence.jpa.PersistenceProvider.createEntityManagerFactoryImpl(PersistenceProvider.java:107)
	... 76 common frames omitted
Caused by: org.eclipse.persistence.exceptions.EntityManagerSetupException: 
Exception Description: Predeployment of PersistenceUnit [vsa-project-1] failed.
Internal Exception: Exception [EclipseLink-7157] (Eclipse Persistence Services - 2.7.11.v20220804-52dea2a3c0): org.eclipse.persistence.exceptions.ValidationException
Exception Description: Entity class [class sk.stuba.fei.uim.vsa.pr1.solution.Thesis] must use a @JoinColumn instead of @Column to map its relationship attribute [supervisor].
	at org.eclipse.persistence.exceptions.EntityManagerSetupException.predeployFailed(EntityManagerSetupException.java:233)
	... 80 common frames omitted
Caused by: org.eclipse.persistence.exceptions.ValidationException: 
Exception Description: Entity class [class sk.stuba.fei.uim.vsa.pr1.solution.Thesis] must use a @JoinColumn instead of @Column to map its relationship attribute [supervisor].
	at org.eclipse.persistence.exceptions.ValidationException.invalidColumnAnnotationOnRelationship(ValidationException.java:1174)
	at org.eclipse.persistence.internal.jpa.metadata.accessors.mappings.RelationshipAccessor.process(RelationshipAccessor.java:696)
	at org.eclipse.persistence.internal.jpa.metadata.accessors.mappings.ManyToOneAccessor.process(ManyToOneAccessor.java:123)
	at org.eclipse.persistence.internal.jpa.metadata.MetadataProject.processOwningRelationshipAccessors(MetadataProject.java:1666)
	at org.eclipse.persistence.internal.jpa.metadata.MetadataProject.processStage3(MetadataProject.java:1919)
	at org.eclipse.persistence.internal.jpa.metadata.MetadataProcessor.processORMMetadata(MetadataProcessor.java:584)
	at org.eclipse.persistence.internal.jpa.deployment.PersistenceUnitProcessor.processORMetadata(PersistenceUnitProcessor.java:629)
	at org.eclipse.persistence.internal.jpa.EntityManagerSetupImpl.predeploy(EntityManagerSetupImpl.java:2005)
	... 78 common frames omitted
2023-04-10 23:03:19.350  INFO --- [           main] s.stuba.fei.uim.vsa.pr1.SanityCheckTest  : Cleaning after the test
]]></system-out>
  </testcase>
</testsuite>
<testsuite xmlns:xsi="http://www.w3.org/2001/XMLSchema-instance" xsi:noNamespaceSchemaLocation="https://maven.apache.org/surefire/maven-surefire-plugin/xsd/surefire-test-report.xsd" name="sk.stuba.fei.uim.vsa.pr1.StudentTest" time="0.026" tests="1" errors="0" skipped="0" failures="1">
  <properties>
[...]
</properties>
  <testcase name="sk.stuba.fei.uim.vsa.pr1.StudentTest" classname="sk.stuba.fei.uim.vsa.pr1.StudentTest" time="0.026">
    <failure message="expected: not &lt;null&gt;" type="org.opentest4j.AssertionFailedError"><![CDATA[org.opentest4j.AssertionFailedError: expected: not <null>
	at sk.stuba.fei.uim.vsa.pr1.StudentTest.setup(StudentTest.java:36)
]]></failure>
    <system-out><![CDATA[2023-04-10 23:03:19.378  INFO --- [           main] org.reflections.Reflections              : Reflections took 19 ms to scan 2 urls, producing 11 keys and 19 values
[EL Fine]: moxy: 2023-04-10 23:03:19.381--Thread(Thread[main,5,main])--SAXParserFactory instance: com.sun.org.apache.xerces.internal.jaxp.SAXParserFactoryImpl@1d483de4
[EL Fine]: server: 2023-04-10 23:03:19.386--Thread(Thread[main,5,main])--Configured server platform: org.eclipse.persistence.platform.server.NoServerPlatform
[EL Config]: metadata: 2023-04-10 23:03:19.388--ServerSession(62343880)--Thread(Thread[main,5,main])--The access type for the persistent class [class sk.stuba.fei.uim.vsa.pr1.solution.Teacher] is set to [FIELD].
[EL Config]: metadata: 2023-04-10 23:03:19.389--ServerSession(62343880)--Thread(Thread[main,5,main])--The target entity (reference) class for the one to many mapping element [field supervisedTheses] is being defaulted to: class sk.stuba.fei.uim.vsa.pr1.solution.Thesis.
[EL Config]: metadata: 2023-04-10 23:03:19.39--ServerSession(62343880)--Thread(Thread[main,5,main])--The access type for the persistent class [class sk.stuba.fei.uim.vsa.pr1.solution.Thesis] is set to [FIELD].
[EL Config]: metadata: 2023-04-10 23:03:19.39--ServerSession(62343880)--Thread(Thread[main,5,main])--The target entity (reference) class for the one to one mapping element [field author] is being defaulted to: class sk.stuba.fei.uim.vsa.pr1.solution.Student.
[EL Config]: metadata: 2023-04-10 23:03:19.391--ServerSession(62343880)--Thread(Thread[main,5,main])--The target entity (reference) class for the many to one mapping element [field supervisor] is being defaulted to: class sk.stuba.fei.uim.vsa.pr1.solution.Teacher.
[EL Config]: metadata: 2023-04-10 23:03:19.391--ServerSession(62343880)--Thread(Thread[main,5,main])--The access type for the persistent class [class sk.stuba.fei.uim.vsa.pr1.solution.Student] is set to [FIELD].
[EL Config]: metadata: 2023-04-10 23:03:19.393--ServerSession(62343880)--Thread(Thread[main,5,main])--The target entity (reference) class for the one to one mapping element [field thesis] is being defaulted to: class sk.stuba.fei.uim.vsa.pr1.solution.Thesis.
[EL Config]: metadata: 2023-04-10 23:03:19.393--ServerSession(62343880)--Thread(Thread[main,5,main])--The alias name for the entity class [class sk.stuba.fei.uim.vsa.pr1.solution.Teacher] is being defaulted to: Teacher.
[EL Config]: metadata: 2023-04-10 23:03:19.394--ServerSession(62343880)--Thread(Thread[main,5,main])--The column name for element [name] is being defaulted to: NAME.
[EL Config]: metadata: 2023-04-10 23:03:19.395--ServerSession(62343880)--Thread(Thread[main,5,main])--The column name for element [institute] is being defaulted to: INSTITUTE.
[EL Config]: metadata: 2023-04-10 23:03:19.395--ServerSession(62343880)--Thread(Thread[main,5,main])--The column name for element [department] is being defaulted to: DEPARTMENT.
[EL Config]: metadata: 2023-04-10 23:03:19.395--ServerSession(62343880)--Thread(Thread[main,5,main])--The column name for element [aisId] is being defaulted to: AISID.
[EL Config]: metadata: 2023-04-10 23:03:19.396--ServerSession(62343880)--Thread(Thread[main,5,main])--The column name for element [email] is being defaulted to: EMAIL.
[EL Config]: metadata: 2023-04-10 23:03:19.396--ServerSession(62343880)--Thread(Thread[main,5,main])--The alias name for the entity class [class sk.stuba.fei.uim.vsa.pr1.solution.Thesis] is being defaulted to: Thesis.
[EL Config]: metadata: 2023-04-10 23:03:19.397--ServerSession(62343880)--Thread(Thread[main,5,main])--The column name for element [registrationNumber] is being defaulted to: REGISTRATIONNUMBER.
[EL Config]: metadata: 2023-04-10 23:03:19.397--ServerSession(62343880)--Thread(Thread[main,5,main])--The column name for element [description] is being defaulted to: DESCRIPTION.
[EL Config]: metadata: 2023-04-10 23:03:19.397--ServerSession(62343880)--Thread(Thread[main,5,main])--The column name for element [publishedOn] is being defaulted to: PUBLISHEDON.
[EL Config]: metadata: 2023-04-10 23:03:19.398--ServerSession(62343880)--Thread(Thread[main,5,main])--The column name for element [id] is being defaulted to: ID.
[EL Config]: metadata: 2023-04-10 23:03:19.398--ServerSession(62343880)--Thread(Thread[main,5,main])--The column name for element [title] is being defaulted to: TITLE.
[EL Config]: metadata: 2023-04-10 23:03:19.398--ServerSession(62343880)--Thread(Thread[main,5,main])--The column name for element [type] is being defaulted to: TYPE.
[EL Config]: metadata: 2023-04-10 23:03:19.399--ServerSession(62343880)--Thread(Thread[main,5,main])--The column name for element [department] is being defaulted to: DEPARTMENT.
[EL Config]: metadata: 2023-04-10 23:03:19.399--ServerSession(62343880)--Thread(Thread[main,5,main])--The column name for element [deadline] is being defaulted to: DEADLINE.
[EL Config]: metadata: 2023-04-10 23:03:19.4--ServerSession(62343880)--Thread(Thread[main,5,main])--The column name for element [status] is being defaulted to: STATUS.
[EL Config]: metadata: 2023-04-10 23:03:19.4--ServerSession(62343880)--Thread(Thread[main,5,main])--The alias name for the entity class [class sk.stuba.fei.uim.vsa.pr1.solution.Student] is being defaulted to: Student.
[EL Config]: metadata: 2023-04-10 23:03:19.401--ServerSession(62343880)--Thread(Thread[main,5,main])--The column name for element [studyProgramme] is being defaulted to: STUDYPROGRAMME.
[EL Config]: metadata: 2023-04-10 23:03:19.401--ServerSession(62343880)--Thread(Thread[main,5,main])--The column name for element [year] is being defaulted to: YEAR.
[EL Config]: metadata: 2023-04-10 23:03:19.401--ServerSession(62343880)--Thread(Thread[main,5,main])--The column name for element [name] is being defaulted to: NAME.
[EL Config]: metadata: 2023-04-10 23:03:19.402--ServerSession(62343880)--Thread(Thread[main,5,main])--The column name for element [term] is being defaulted to: TERM.
[EL Config]: metadata: 2023-04-10 23:03:19.402--ServerSession(62343880)--Thread(Thread[main,5,main])--The column name for element [aisId] is being defaulted to: AISID.
[EL Config]: metadata: 2023-04-10 23:03:19.402--ServerSession(62343880)--Thread(Thread[main,5,main])--The column name for element [email] is being defaulted to: EMAIL.
[EL Config]: metadata: 2023-04-10 23:03:19.403--ServerSession(62343880)--Thread(Thread[main,5,main])--The primary key column name for the mapping element [field author] is being defaulted to: AISID.
[EL Config]: metadata: 2023-04-10 23:03:19.403--ServerSession(62343880)--Thread(Thread[main,5,main])--The foreign key column name for the mapping element [author] is being defaulted to: AUTHOR_AISID.
2023-04-10 23:03:19.404 ERROR --- [           main] s.stuba.fei.uim.vsa.pr1.utils.TestUtils  : null
java.lang.reflect.InvocationTargetException: null
	at sun.reflect.NativeConstructorAccessorImpl.newInstance0(Native Method)
	at sun.reflect.NativeConstructorAccessorImpl.newInstance(NativeConstructorAccessorImpl.java:62)
	at sun.reflect.DelegatingConstructorAccessorImpl.newInstance(DelegatingConstructorAccessorImpl.java:45)
	at java.lang.reflect.Constructor.newInstance(Constructor.java:423)
	at sk.stuba.fei.uim.vsa.pr1.utils.TestUtils.lambda$getServiceClass$9(TestUtils.java:199)
	at java.util.stream.ReferencePipeline$3$1.accept(ReferencePipeline.java:193)
	at java.util.Spliterators$IteratorSpliterator.tryAdvance(Spliterators.java:1812)
	at java.util.stream.ReferencePipeline.forEachWithCancel(ReferencePipeline.java:126)
	at java.util.stream.AbstractPipeline.copyIntoWithCancel(AbstractPipeline.java:499)
	at java.util.stream.AbstractPipeline.copyInto(AbstractPipeline.java:486)
	at java.util.stream.AbstractPipeline.wrapAndCopyInto(AbstractPipeline.java:472)
	at java.util.stream.FindOps$FindOp.evaluateSequential(FindOps.java:152)
	at java.util.stream.AbstractPipeline.evaluate(AbstractPipeline.java:234)
	at java.util.stream.ReferencePipeline.findFirst(ReferencePipeline.java:531)
	at sk.stuba.fei.uim.vsa.pr1.utils.TestUtils.getServiceClass(TestUtils.java:207)
	at sk.stuba.fei.uim.vsa.pr1.StudentTest.setup(StudentTest.java:36)
	at sun.reflect.NativeMethodAccessorImpl.invoke0(Native Method)
	at sun.reflect.NativeMethodAccessorImpl.invoke(NativeMethodAccessorImpl.java:62)
	at sun.reflect.DelegatingMethodAccessorImpl.invoke(DelegatingMethodAccessorImpl.java:43)
	at java.lang.reflect.Method.invoke(Method.java:498)
	at org.junit.platform.commons.util.ReflectionUtils.invokeMethod(ReflectionUtils.java:725)
	at org.junit.jupiter.engine.execution.MethodInvocation.proceed(MethodInvocation.java:60)
	at org.junit.jupiter.engine.execution.InvocationInterceptorChain$ValidatingInvocation.proceed(InvocationInterceptorChain.java:131)
	at org.junit.jupiter.engine.extension.TimeoutExtension.intercept(TimeoutExtension.java:149)
	at org.junit.jupiter.engine.extension.TimeoutExtension.interceptLifecycleMethod(TimeoutExtension.java:126)
	at org.junit.jupiter.engine.extension.TimeoutExtension.interceptBeforeAllMethod(TimeoutExtension.java:68)
	at org.junit.jupiter.engine.execution.ExecutableInvoker$ReflectiveInterceptorCall.lambda$ofVoidMethod$0(ExecutableInvoker.java:115)
	at org.junit.jupiter.engine.execution.ExecutableInvoker.lambda$invoke$0(ExecutableInvoker.java:105)
	at org.junit.jupiter.engine.execution.InvocationInterceptorChain$InterceptedInvocation.proceed(InvocationInterceptorChain.java:106)
	at org.junit.jupiter.engine.execution.InvocationInterceptorChain.proceed(InvocationInterceptorChain.java:64)
	at org.junit.jupiter.engine.execution.InvocationInterceptorChain.chainAndInvoke(InvocationInterceptorChain.java:45)
	at org.junit.jupiter.engine.execution.InvocationInterceptorChain.invoke(InvocationInterceptorChain.java:37)
	at org.junit.jupiter.engine.execution.ExecutableInvoker.invoke(ExecutableInvoker.java:104)
	at org.junit.jupiter.engine.execution.ExecutableInvoker.invoke(ExecutableInvoker.java:98)
	at org.junit.jupiter.engine.descriptor.ClassBasedTestDescriptor.lambda$invokeBeforeAllMethods$11(ClassBasedTestDescriptor.java:397)
	at org.junit.platform.engine.support.hierarchical.ThrowableCollector.execute(ThrowableCollector.java:73)
	at org.junit.jupiter.engine.descriptor.ClassBasedTestDescriptor.invokeBeforeAllMethods(ClassBasedTestDescriptor.java:395)
	at org.junit.jupiter.engine.descriptor.ClassBasedTestDescriptor.before(ClassBasedTestDescriptor.java:209)
	at org.junit.jupiter.engine.descriptor.ClassBasedTestDescriptor.before(ClassBasedTestDescriptor.java:80)
	at org.junit.platform.engine.support.hierarchical.NodeTestTask.lambda$executeRecursively$6(NodeTestTask.java:148)
	at org.junit.platform.engine.support.hierarchical.ThrowableCollector.execute(ThrowableCollector.java:73)
	at org.junit.platform.engine.support.hierarchical.NodeTestTask.lambda$executeRecursively$8(NodeTestTask.java:141)
	at org.junit.platform.engine.support.hierarchical.Node.around(Node.java:137)
	at org.junit.platform.engine.support.hierarchical.NodeTestTask.lambda$executeRecursively$9(NodeTestTask.java:139)
	at org.junit.platform.engine.support.hierarchical.ThrowableCollector.execute(ThrowableCollector.java:73)
	at org.junit.platform.engine.support.hierarchical.NodeTestTask.executeRecursively(NodeTestTask.java:138)
	at org.junit.platform.engine.support.hierarchical.NodeTestTask.execute(NodeTestTask.java:95)
	at java.util.ArrayList.forEach(ArrayList.java:1259)
	at org.junit.platform.engine.support.hierarchical.SameThreadHierarchicalTestExecutorService.invokeAll(SameThreadHierarchicalTestExecutorService.java:41)
	at org.junit.platform.engine.support.hierarchical.NodeTestTask.lambda$executeRecursively$6(NodeTestTask.java:155)
	at org.junit.platform.engine.support.hierarchical.ThrowableCollector.execute(ThrowableCollector.java:73)
	at org.junit.platform.engine.support.hierarchical.NodeTestTask.lambda$executeRecursively$8(NodeTestTask.java:141)
	at org.junit.platform.engine.support.hierarchical.Node.around(Node.java:137)
	at org.junit.platform.engine.support.hierarchical.NodeTestTask.lambda$executeRecursively$9(NodeTestTask.java:139)
	at org.junit.platform.engine.support.hierarchical.ThrowableCollector.execute(ThrowableCollector.java:73)
	at org.junit.platform.engine.support.hierarchical.NodeTestTask.executeRecursively(NodeTestTask.java:138)
	at org.junit.platform.engine.support.hierarchical.NodeTestTask.execute(NodeTestTask.java:95)
	at org.junit.platform.engine.support.hierarchical.SameThreadHierarchicalTestExecutorService.submit(SameThreadHierarchicalTestExecutorService.java:35)
	at org.junit.platform.engine.support.hierarchical.HierarchicalTestExecutor.execute(HierarchicalTestExecutor.java:57)
	at org.junit.platform.engine.support.hierarchical.HierarchicalTestEngine.execute(HierarchicalTestEngine.java:54)
	at org.junit.platform.launcher.core.DefaultLauncher.execute(DefaultLauncher.java:220)
	at org.junit.platform.launcher.core.DefaultLauncher.lambda$execute$6(DefaultLauncher.java:188)
	at org.junit.platform.launcher.core.DefaultLauncher.withInterceptedStreams(DefaultLauncher.java:202)
	at org.junit.platform.launcher.core.DefaultLauncher.execute(DefaultLauncher.java:181)
	at org.junit.platform.launcher.core.DefaultLauncher.execute(DefaultLauncher.java:128)
	at org.apache.maven.surefire.junitplatform.JUnitPlatformProvider.invokeAllTests(JUnitPlatformProvider.java:150)
	at org.apache.maven.surefire.junitplatform.JUnitPlatformProvider.invoke(JUnitPlatformProvider.java:124)
	at org.apache.maven.surefire.booter.ForkedBooter.invokeProviderInSameClassLoader(ForkedBooter.java:384)
	at org.apache.maven.surefire.booter.ForkedBooter.runSuitesInProcess(ForkedBooter.java:345)
	at org.apache.maven.surefire.booter.ForkedBooter.execute(ForkedBooter.java:126)
	at org.apache.maven.surefire.booter.ForkedBooter.main(ForkedBooter.java:418)
Caused by: org.eclipse.persistence.exceptions.PersistenceUnitLoadingException: 
Exception Description: An exception was thrown while searching for persistence archives with ClassLoader: sun.misc.Launcher$AppClassLoader@3d4eac69
Internal Exception: javax.persistence.PersistenceException: Exception [EclipseLink-28018] (Eclipse Persistence Services - 2.7.11.v20220804-52dea2a3c0): org.eclipse.persistence.exceptions.EntityManagerSetupException
Exception Description: Predeployment of PersistenceUnit [vsa-project-1] failed.
Internal Exception: Exception [EclipseLink-7157] (Eclipse Persistence Services - 2.7.11.v20220804-52dea2a3c0): org.eclipse.persistence.exceptions.ValidationException
Exception Description: Entity class [class sk.stuba.fei.uim.vsa.pr1.solution.Thesis] must use a @JoinColumn instead of @Column to map its relationship attribute [supervisor].
	at org.eclipse.persistence.exceptions.PersistenceUnitLoadingException.exceptionSearchingForPersistenceResources(PersistenceUnitLoadingException.java:129)
	at org.eclipse.persistence.jpa.PersistenceProvider.createEntityManagerFactoryImpl(PersistenceProvider.java:118)
	at org.eclipse.persistence.jpa.PersistenceProvider.createEntityManagerFactory(PersistenceProvider.java:191)
	at javax.persistence.Persistence.createEntityManagerFactory(Persistence.java:80)
	at javax.persistence.Persistence.createEntityManagerFactory(Persistence.java:55)
	at sk.stuba.fei.uim.vsa.pr1.AbstractThesisService.<init>(AbstractThesisService.java:28)
	at sk.stuba.fei.uim.vsa.pr1.solution.ThesisService.<init>(ThesisService.java:23)
	... 71 common frames omitted
Caused by: javax.persistence.PersistenceException: Exception [EclipseLink-28018] (Eclipse Persistence Services - 2.7.11.v20220804-52dea2a3c0): org.eclipse.persistence.exceptions.EntityManagerSetupException
Exception Description: Predeployment of PersistenceUnit [vsa-project-1] failed.
Internal Exception: Exception [EclipseLink-7157] (Eclipse Persistence Services - 2.7.11.v20220804-52dea2a3c0): org.eclipse.persistence.exceptions.ValidationException
Exception Description: Entity class [class sk.stuba.fei.uim.vsa.pr1.solution.Thesis] must use a @JoinColumn instead of @Column to map its relationship attribute [supervisor].
	at org.eclipse.persistence.internal.jpa.EntityManagerSetupImpl.createPredeployFailedPersistenceException(EntityManagerSetupImpl.java:2108)
	at org.eclipse.persistence.internal.jpa.EntityManagerSetupImpl.predeploy(EntityManagerSetupImpl.java:2084)
	at org.eclipse.persistence.internal.jpa.deployment.JPAInitializer.callPredeploy(JPAInitializer.java:104)
	at org.eclipse.persistence.jpa.PersistenceProvider.createEntityManagerFactoryImpl(PersistenceProvider.java:107)
	... 76 common frames omitted
Caused by: org.eclipse.persistence.exceptions.EntityManagerSetupException: 
Exception Description: Predeployment of PersistenceUnit [vsa-project-1] failed.
Internal Exception: Exception [EclipseLink-7157] (Eclipse Persistence Services - 2.7.11.v20220804-52dea2a3c0): org.eclipse.persistence.exceptions.ValidationException
Exception Description: Entity class [class sk.stuba.fei.uim.vsa.pr1.solution.Thesis] must use a @JoinColumn instead of @Column to map its relationship attribute [supervisor].
	at org.eclipse.persistence.exceptions.EntityManagerSetupException.predeployFailed(EntityManagerSetupException.java:233)
	... 80 common frames omitted
Caused by: org.eclipse.persistence.exceptions.ValidationException: 
Exception Description: Entity class [class sk.stuba.fei.uim.vsa.pr1.solution.Thesis] must use a @JoinColumn instead of @Column to map its relationship attribute [supervisor].
	at org.eclipse.persistence.exceptions.ValidationException.invalidColumnAnnotationOnRelationship(ValidationException.java:1174)
	at org.eclipse.persistence.internal.jpa.metadata.accessors.mappings.RelationshipAccessor.process(RelationshipAccessor.java:696)
	at org.eclipse.persistence.internal.jpa.metadata.accessors.mappings.ManyToOneAccessor.process(ManyToOneAccessor.java:123)
	at org.eclipse.persistence.internal.jpa.metadata.MetadataProject.processOwningRelationshipAccessors(MetadataProject.java:1666)
	at org.eclipse.persistence.internal.jpa.metadata.MetadataProject.processStage3(MetadataProject.java:1919)
	at org.eclipse.persistence.internal.jpa.metadata.MetadataProcessor.processORMMetadata(MetadataProcessor.java:584)
	at org.eclipse.persistence.internal.jpa.deployment.PersistenceUnitProcessor.processORMetadata(PersistenceUnitProcessor.java:629)
	at org.eclipse.persistence.internal.jpa.EntityManagerSetupImpl.predeploy(EntityManagerSetupImpl.java:2005)
	... 78 common frames omitted
]]></system-out>
  </testcase>
</testsuite></testsuites>