-------------------------------------------------------------------------------
Test set: sk.stuba.fei.uim.vsa.pr1.bonus.PageableTest
-------------------------------------------------------------------------------
Tests run: 3, Failures: 1, Errors: 0, Skipped: 0, Time elapsed: 5.655 s <<< FAILURE! - in sk.stuba.fei.uim.vsa.pr1.bonus.PageableTest
shouldGetPageOfTeachers  Time elapsed: 0.187 s  <<< FAILURE!
org.opentest4j.AssertionFailedError: expected: not <null>
	at sk.stuba.fei.uim.vsa.pr1.bonus.PageableTest.shouldGetPageOfTeachers(PageableTest.java:131)

---------------------------------------------------------------------
 
