<?xml version="1.0" encoding="UTF-8"?>
<testsuite xmlns:xsi="http://www.w3.org/2001/XMLSchema-instance" xsi:noNamespaceSchemaLocation="https://maven.apache.org/surefire/maven-surefire-plugin/xsd/surefire-test-report.xsd" name="sk.stuba.fei.uim.vsa.pr1.bonus.PageableTest" time="3.029" tests="3" errors="0" skipped="0" failures="0">
  <properties>
[...]
</properties>
  <testcase name="shouldGetPageOfStudents" classname="sk.stuba.fei.uim.vsa.pr1.bonus.PageableTest" time="0.313"/>
  <testcase name="shouldGetPageOfTeachers" classname="sk.stuba.fei.uim.vsa.pr1.bonus.PageableTest" time="0.213"/>
  <testcase name="shouldGetPageOfTheses" classname="sk.stuba.fei.uim.vsa.pr1.bonus.PageableTest" time="0.237"/>
</testsuite>